-- The C compiler identification is GNU 13.3.0
-- The CXX compiler identification is GNU 13.3.0
-- Detecting C compiler ABI info
-- Detecting C compiler ABI info - done
-- Check for working C compiler: /usr/lib/ccache/cc - skipped
-- Detecting C compile features
-- Detecting C compile features - done
-- Detecting CXX compiler ABI info
-- Detecting CXX compiler ABI info - done
-- Check for working CXX compiler: /usr/lib/ccache/c++ - skipped
-- Detecting CXX compile features
-- Detecting CXX compile features - done
-- Found ament_cmake: 2.5.4 (/opt/ros/jazzy/share/ament_cmake/cmake)
-- Found Python3: /home/atelab/venv-ardupilot/bin/python3 (found version "3.12.3") found components: Interpreter 
-- Found ament_lint_auto: 0.17.2 (/opt/ros/jazzy/share/ament_lint_auto/cmake)
-- Added test 'copyright' to check source files copyright and LICENSE
-- Added test 'lint_cmake' to check CMake code style
-- Added test 'xmllint' to check XML markup files
-- Configuring done (0.6s)
-- Generating done (0.0s)
-- Build files have been written to: /home/atelab/temp/ros2_basic_tut/build/pkg_metapackage
-- Install configuration: ""
-- Installing: /home/atelab/temp/ros2_basic_tut/install/pkg_metapackage/share/ament_index/resource_index/package_run_dependencies/pkg_metapackage
-- Installing: /home/atelab/temp/ros2_basic_tut/install/pkg_metapackage/share/ament_index/resource_index/parent_prefix_path/pkg_metapackage
-- Installing: /home/atelab/temp/ros2_basic_tut/install/pkg_metapackage/share/pkg_metapackage/environment/ament_prefix_path.sh
-- Installing: /home/atelab/temp/ros2_basic_tut/install/pkg_metapackage/share/pkg_metapackage/environment/ament_prefix_path.dsv
-- Installing: /home/atelab/temp/ros2_basic_tut/install/pkg_metapackage/share/pkg_metapackage/environment/path.sh
-- Installing: /home/atelab/temp/ros2_basic_tut/install/pkg_metapackage/share/pkg_metapackage/environment/path.dsv
-- Installing: /home/atelab/temp/ros2_basic_tut/install/pkg_metapackage/share/pkg_metapackage/local_setup.bash
-- Installing: /home/atelab/temp/ros2_basic_tut/install/pkg_metapackage/share/pkg_metapackage/local_setup.sh
-- Installing: /home/atelab/temp/ros2_basic_tut/install/pkg_metapackage/share/pkg_metapackage/local_setup.zsh
-- Installing: /home/atelab/temp/ros2_basic_tut/install/pkg_metapackage/share/pkg_metapackage/local_setup.dsv
-- Installing: /home/atelab/temp/ros2_basic_tut/install/pkg_metapackage/share/pkg_metapackage/package.dsv
-- Installing: /home/atelab/temp/ros2_basic_tut/install/pkg_metapackage/share/ament_index/resource_index/packages/pkg_metapackage
-- Installing: /home/atelab/temp/ros2_basic_tut/install/pkg_metapackage/share/pkg_metapackage/cmake/pkg_metapackageConfig.cmake
-- Installing: /home/atelab/temp/ros2_basic_tut/install/pkg_metapackage/share/pkg_metapackage/cmake/pkg_metapackageConfig-version.cmake
-- Installing: /home/atelab/temp/ros2_basic_tut/install/pkg_metapackage/share/pkg_metapackage/package.xml
