[1.506s] Invoking command in '/home/atelab/temp/ros2_basic_tut/src/pkg_helloworld_py': DEBUGINFOD_URLS=https://debuginfod.ubuntu.com PYTHONPATH=/home/atelab/temp/ros2_basic_tut/build/pkg_helloworld_py/prefix_override:/usr/lib/python3/dist-packages/colcon_core/task/python/colcon_distutils_commands:/home/atelab/temp/ros2_basic_tut/install/pkg_helloworld_py/lib/python3.12/site-packages:${PYTHONPATH} VIRTUAL_ENV_PROMPT=(venv-ardupilot) /usr/bin/python3 -W ignore:setup.py install is deprecated -W ignore:easy_install command is deprecated setup.py egg_info --egg-base ../../build/pkg_helloworld_py build --build-base /home/atelab/temp/ros2_basic_tut/build/pkg_helloworld_py/build install --record /home/atelab/temp/ros2_basic_tut/build/pkg_helloworld_py/install.log --single-version-externally-managed install_data
[1.788s] running egg_info
[1.788s] creating ../../build/pkg_helloworld_py/pkg_helloworld_py.egg-info
[1.814s] writing ../../build/pkg_helloworld_py/pkg_helloworld_py.egg-info/PKG-INFO
[1.815s] writing dependency_links to ../../build/pkg_helloworld_py/pkg_helloworld_py.egg-info/dependency_links.txt
[1.815s] writing entry points to ../../build/pkg_helloworld_py/pkg_helloworld_py.egg-info/entry_points.txt
[1.816s] writing requirements to ../../build/pkg_helloworld_py/pkg_helloworld_py.egg-info/requires.txt
[1.817s] writing top-level names to ../../build/pkg_helloworld_py/pkg_helloworld_py.egg-info/top_level.txt
[1.817s] writing manifest file '../../build/pkg_helloworld_py/pkg_helloworld_py.egg-info/SOURCES.txt'
[1.869s] reading manifest file '../../build/pkg_helloworld_py/pkg_helloworld_py.egg-info/SOURCES.txt'
[1.869s] writing manifest file '../../build/pkg_helloworld_py/pkg_helloworld_py.egg-info/SOURCES.txt'
[1.870s] running build
[1.870s] running build_py
[1.870s] creating /home/atelab/temp/ros2_basic_tut/build/pkg_helloworld_py/build
[1.870s] creating /home/atelab/temp/ros2_basic_tut/build/pkg_helloworld_py/build/lib
[1.870s] creating /home/atelab/temp/ros2_basic_tut/build/pkg_helloworld_py/build/lib/pkg_helloworld_py
[1.870s] copying pkg_helloworld_py/helloworld.py -> /home/atelab/temp/ros2_basic_tut/build/pkg_helloworld_py/build/lib/pkg_helloworld_py
[1.870s] copying pkg_helloworld_py/__init__.py -> /home/atelab/temp/ros2_basic_tut/build/pkg_helloworld_py/build/lib/pkg_helloworld_py
[1.871s] running install
[1.876s] running install_lib
[1.893s] creating /home/atelab/temp/ros2_basic_tut/install/pkg_helloworld_py/lib/python3.12/site-packages/pkg_helloworld_py
[1.893s] copying /home/atelab/temp/ros2_basic_tut/build/pkg_helloworld_py/build/lib/pkg_helloworld_py/helloworld.py -> /home/atelab/temp/ros2_basic_tut/install/pkg_helloworld_py/lib/python3.12/site-packages/pkg_helloworld_py
[1.893s] copying /home/atelab/temp/ros2_basic_tut/build/pkg_helloworld_py/build/lib/pkg_helloworld_py/__init__.py -> /home/atelab/temp/ros2_basic_tut/install/pkg_helloworld_py/lib/python3.12/site-packages/pkg_helloworld_py
[1.894s] byte-compiling /home/atelab/temp/ros2_basic_tut/install/pkg_helloworld_py/lib/python3.12/site-packages/pkg_helloworld_py/helloworld.py to helloworld.cpython-312.pyc
[1.894s] byte-compiling /home/atelab/temp/ros2_basic_tut/install/pkg_helloworld_py/lib/python3.12/site-packages/pkg_helloworld_py/__init__.py to __init__.cpython-312.pyc
[1.894s] running install_data
[1.894s] creating /home/atelab/temp/ros2_basic_tut/install/pkg_helloworld_py/share/ament_index
[1.895s] creating /home/atelab/temp/ros2_basic_tut/install/pkg_helloworld_py/share/ament_index/resource_index
[1.895s] creating /home/atelab/temp/ros2_basic_tut/install/pkg_helloworld_py/share/ament_index/resource_index/packages
[1.895s] copying resource/pkg_helloworld_py -> /home/atelab/temp/ros2_basic_tut/install/pkg_helloworld_py/share/ament_index/resource_index/packages
[1.895s] copying package.xml -> /home/atelab/temp/ros2_basic_tut/install/pkg_helloworld_py/share/pkg_helloworld_py
[1.895s] creating /home/atelab/temp/ros2_basic_tut/install/pkg_helloworld_py/share/pkg_helloworld_py/launch
[1.895s] copying launch/single_node_launch.py -> /home/atelab/temp/ros2_basic_tut/install/pkg_helloworld_py/share/pkg_helloworld_py/launch
[1.895s] running install_egg_info
[1.914s] Copying ../../build/pkg_helloworld_py/pkg_helloworld_py.egg-info to /home/atelab/temp/ros2_basic_tut/install/pkg_helloworld_py/lib/python3.12/site-packages/pkg_helloworld_py-0.0.0-py3.12.egg-info
[1.915s] running install_scripts
[2.085s] Installing helloworld script to /home/atelab/temp/ros2_basic_tut/install/pkg_helloworld_py/lib/pkg_helloworld_py
[2.085s] writing list of installed files to '/home/atelab/temp/ros2_basic_tut/build/pkg_helloworld_py/install.log'
[2.135s] Invoked command in '/home/atelab/temp/ros2_basic_tut/src/pkg_helloworld_py' returned '0': DEBUGINFOD_URLS=https://debuginfod.ubuntu.com PYTHONPATH=/home/atelab/temp/ros2_basic_tut/build/pkg_helloworld_py/prefix_override:/usr/lib/python3/dist-packages/colcon_core/task/python/colcon_distutils_commands:/home/atelab/temp/ros2_basic_tut/install/pkg_helloworld_py/lib/python3.12/site-packages:${PYTHONPATH} VIRTUAL_ENV_PROMPT=(venv-ardupilot) /usr/bin/python3 -W ignore:setup.py install is deprecated -W ignore:easy_install command is deprecated setup.py egg_info --egg-base ../../build/pkg_helloworld_py build --build-base /home/atelab/temp/ros2_basic_tut/build/pkg_helloworld_py/build install --record /home/atelab/temp/ros2_basic_tut/build/pkg_helloworld_py/install.log --single-version-externally-managed install_data
