-- The C compiler identification is GNU 13.3.0
-- The CXX compiler identification is GNU 13.3.0
-- Detecting C compiler ABI info
-- Detecting C compiler ABI info - done
-- Check for working C compiler: /usr/lib/ccache/cc - skipped
-- Detecting C compile features
-- Detecting C compile features - done
-- Detecting CXX compiler ABI info
-- Detecting CXX compiler ABI info - done
-- Check for working CXX compiler: /usr/lib/ccache/c++ - skipped
-- Detecting CXX compile features
-- Detecting CXX compile features - done
-- Found ament_cmake: 2.5.4 (/opt/ros/jazzy/share/ament_cmake/cmake)
-- Found Python3: /home/atelab/venv-ardupilot/bin/python3 (found version "3.12.3") found components: Interpreter 
-- Found rosidl_default_generators: 1.6.0 (/opt/ros/jazzy/share/rosidl_default_generators/cmake)
-- Using all available rosidl_typesupport_c: rosidl_typesupport_fastrtps_c;rosidl_typesupport_introspection_c
-- Using all available rosidl_typesupport_cpp: rosidl_typesupport_fastrtps_cpp;rosidl_typesupport_introspection_cpp
-- Found rosidl_adapter: 4.6.5 (/opt/ros/jazzy/share/rosidl_adapter/cmake)
-- Found ament_cmake_ros: 0.12.0 (/opt/ros/jazzy/share/ament_cmake_ros/cmake)
-- Using all available rosidl_typesupport_c: rosidl_typesupport_fastrtps_c;rosidl_typesupport_introspection_c
-- Using all available rosidl_typesupport_cpp: rosidl_typesupport_fastrtps_cpp;rosidl_typesupport_introspection_cpp
-- Found python_cmake_module: 0.11.1 (/opt/ros/jazzy/share/python_cmake_module/cmake)
-- Found PythonExtra: /home/atelab/venv-ardupilot/bin/python3  
-- Found Python3: /home/atelab/venv-ardupilot/bin/python3 (found version "3.12.3") found components: Interpreter Development NumPy Development.Module Development.Embed 
-- Found ament_lint_auto: 0.17.2 (/opt/ros/jazzy/share/ament_lint_auto/cmake)
-- Added test 'copyright' to check source files copyright and LICENSE
-- Added test 'lint_cmake' to check CMake code style
-- Added test 'xmllint' to check XML markup files
-- Configuring done (3.1s)
-- Generating done (0.0s)
-- Build files have been written to: /home/atelab/temp/ros2_basic_tut/build/pkg_interfaces
[  1%] [34m[1mGenerating type hashes for ROS interfaces[0m
[  1%] Built target ament_cmake_python_copy_pkg_interfaces
[  1%] Built target pkg_interfaces__rosidl_generator_type_description
[  3%] [34m[1mGenerating C code for ROS interfaces[0m
[  5%] [34m[1mGenerating C++ code for ROS interfaces[0m
running egg_info
creating pkg_interfaces.egg-info
writing pkg_interfaces.egg-info/PKG-INFO
writing dependency_links to pkg_interfaces.egg-info/dependency_links.txt
writing top-level names to pkg_interfaces.egg-info/top_level.txt
writing manifest file 'pkg_interfaces.egg-info/SOURCES.txt'
reading manifest file 'pkg_interfaces.egg-info/SOURCES.txt'
writing manifest file 'pkg_interfaces.egg-info/SOURCES.txt'
[  5%] Built target ament_cmake_python_build_pkg_interfaces_egg
[  5%] Built target pkg_interfaces__cpp
[ 20%] [32mBuilding C object CMakeFiles/pkg_interfaces__rosidl_generator_c.dir/rosidl_generator_c/pkg_interfaces/action/detail/progress__type_support.c.o[0m
[ 20%] [32mBuilding C object CMakeFiles/pkg_interfaces__rosidl_generator_c.dir/rosidl_generator_c/pkg_interfaces/action/detail/progress__functions.c.o[0m
[ 20%] [32mBuilding C object CMakeFiles/pkg_interfaces__rosidl_generator_c.dir/rosidl_generator_c/pkg_interfaces/action/detail/progress__description.c.o[0m
[ 20%] [32mBuilding C object CMakeFiles/pkg_interfaces__rosidl_generator_c.dir/rosidl_generator_c/pkg_interfaces/srv/detail/add__functions.c.o[0m
[ 20%] [32mBuilding C object CMakeFiles/pkg_interfaces__rosidl_generator_c.dir/rosidl_generator_c/pkg_interfaces/msg/detail/person__description.c.o[0m
[ 20%] [32mBuilding C object CMakeFiles/pkg_interfaces__rosidl_generator_c.dir/rosidl_generator_c/pkg_interfaces/msg/detail/person__functions.c.o[0m
[ 20%] [32mBuilding C object CMakeFiles/pkg_interfaces__rosidl_generator_c.dir/rosidl_generator_c/pkg_interfaces/srv/detail/add__description.c.o[0m
[ 20%] [32mBuilding C object CMakeFiles/pkg_interfaces__rosidl_generator_c.dir/rosidl_generator_c/pkg_interfaces/msg/detail/person__type_support.c.o[0m
[ 22%] [32mBuilding C object CMakeFiles/pkg_interfaces__rosidl_generator_c.dir/rosidl_generator_c/pkg_interfaces/srv/detail/add__type_support.c.o[0m
[ 24%] [32m[1mLinking C shared library libpkg_interfaces__rosidl_generator_c.so[0m
[ 24%] Built target pkg_interfaces__rosidl_generator_c
[ 33%] [34m[1mGenerating C++ type support for eProsima Fast-RTPS[0m
[ 33%] [34m[1mGenerating C++ type support dispatch for ROS interfaces[0m
[ 33%] [34m[1mGenerating C type support for eProsima Fast-RTPS[0m
[ 33%] [34m[1mGenerating C type support dispatch for ROS interfaces[0m
[ 33%] [34m[1mGenerating C introspection for ROS interfaces[0m
[ 35%] [34m[1mGenerating C++ introspection for ROS interfaces[0m
[ 37%] [32mBuilding CXX object CMakeFiles/pkg_interfaces__rosidl_typesupport_c.dir/rosidl_typesupport_c/pkg_interfaces/msg/person__type_support.cpp.o[0m
[ 38%] [32mBuilding CXX object CMakeFiles/pkg_interfaces__rosidl_typesupport_c.dir/rosidl_typesupport_c/pkg_interfaces/action/progress__type_support.cpp.o[0m
[ 40%] [32mBuilding CXX object CMakeFiles/pkg_interfaces__rosidl_typesupport_c.dir/rosidl_typesupport_c/pkg_interfaces/srv/add__type_support.cpp.o[0m
[ 42%] [32mBuilding CXX object CMakeFiles/pkg_interfaces__rosidl_typesupport_cpp.dir/rosidl_typesupport_cpp/pkg_interfaces/action/progress__type_support.cpp.o[0m
[ 44%] [32mBuilding CXX object CMakeFiles/pkg_interfaces__rosidl_typesupport_cpp.dir/rosidl_typesupport_cpp/pkg_interfaces/msg/person__type_support.cpp.o[0m
[ 46%] [32mBuilding CXX object CMakeFiles/pkg_interfaces__rosidl_typesupport_introspection_cpp.dir/rosidl_typesupport_introspection_cpp/pkg_interfaces/action/detail/progress__type_support.cpp.o[0m
[ 48%] [32mBuilding CXX object CMakeFiles/pkg_interfaces__rosidl_typesupport_cpp.dir/rosidl_typesupport_cpp/pkg_interfaces/srv/add__type_support.cpp.o[0m
[ 50%] [32m[1mLinking CXX shared library libpkg_interfaces__rosidl_typesupport_c.so[0m
[ 50%] Built target pkg_interfaces__rosidl_typesupport_c
[ 51%] [32mBuilding C object CMakeFiles/pkg_interfaces__rosidl_typesupport_introspection_c.dir/rosidl_typesupport_introspection_c/pkg_interfaces/action/detail/progress__type_support.c.o[0m
[ 53%] [32mBuilding CXX object CMakeFiles/pkg_interfaces__rosidl_typesupport_introspection_cpp.dir/rosidl_typesupport_introspection_cpp/pkg_interfaces/msg/detail/person__type_support.cpp.o[0m
[ 55%] [32mBuilding C object CMakeFiles/pkg_interfaces__rosidl_typesupport_introspection_c.dir/rosidl_typesupport_introspection_c/pkg_interfaces/msg/detail/person__type_support.c.o[0m
[ 57%] [32mBuilding CXX object CMakeFiles/pkg_interfaces__rosidl_typesupport_fastrtps_cpp.dir/rosidl_typesupport_fastrtps_cpp/pkg_interfaces/action/detail/dds_fastrtps/progress__type_support.cpp.o[0m
[ 59%] [32mBuilding C object CMakeFiles/pkg_interfaces__rosidl_typesupport_introspection_c.dir/rosidl_typesupport_introspection_c/pkg_interfaces/srv/detail/add__type_support.c.o[0m
[ 61%] [32mBuilding CXX object CMakeFiles/pkg_interfaces__rosidl_typesupport_fastrtps_cpp.dir/rosidl_typesupport_fastrtps_cpp/pkg_interfaces/msg/detail/dds_fastrtps/person__type_support.cpp.o[0m
[ 62%] [32m[1mLinking C shared library libpkg_interfaces__rosidl_typesupport_introspection_c.so[0m
[ 64%] [32mBuilding CXX object CMakeFiles/pkg_interfaces__rosidl_typesupport_fastrtps_c.dir/rosidl_typesupport_fastrtps_c/pkg_interfaces/action/detail/progress__type_support_c.cpp.o[0m
[ 64%] Built target pkg_interfaces__rosidl_typesupport_introspection_c
[ 66%] [32mBuilding CXX object CMakeFiles/pkg_interfaces__rosidl_typesupport_fastrtps_c.dir/rosidl_typesupport_fastrtps_c/pkg_interfaces/msg/detail/person__type_support_c.cpp.o[0m
[ 68%] [32mBuilding CXX object CMakeFiles/pkg_interfaces__rosidl_typesupport_fastrtps_c.dir/rosidl_typesupport_fastrtps_c/pkg_interfaces/srv/detail/add__type_support_c.cpp.o[0m
[ 70%] [32mBuilding CXX object CMakeFiles/pkg_interfaces__rosidl_typesupport_introspection_cpp.dir/rosidl_typesupport_introspection_cpp/pkg_interfaces/srv/detail/add__type_support.cpp.o[0m
[ 72%] [32mBuilding CXX object CMakeFiles/pkg_interfaces__rosidl_typesupport_fastrtps_cpp.dir/rosidl_typesupport_fastrtps_cpp/pkg_interfaces/srv/detail/dds_fastrtps/add__type_support.cpp.o[0m
[ 74%] [32m[1mLinking CXX shared library libpkg_interfaces__rosidl_typesupport_cpp.so[0m
[ 74%] Built target pkg_interfaces__rosidl_typesupport_cpp
[ 75%] [32m[1mLinking CXX shared library libpkg_interfaces__rosidl_typesupport_introspection_cpp.so[0m
[ 75%] Built target pkg_interfaces__rosidl_typesupport_introspection_cpp
[ 77%] [32m[1mLinking CXX shared library libpkg_interfaces__rosidl_typesupport_fastrtps_c.so[0m
[ 77%] Built target pkg_interfaces__rosidl_typesupport_fastrtps_c
[ 79%] [32m[1mLinking CXX shared library libpkg_interfaces__rosidl_typesupport_fastrtps_cpp.so[0m
[ 79%] Built target pkg_interfaces__rosidl_typesupport_fastrtps_cpp
[ 79%] Built target pkg_interfaces
[ 81%] [34m[1mGenerating Python code for ROS interfaces[0m
[ 81%] Built target pkg_interfaces__py
[ 83%] [32mBuilding C object CMakeFiles/pkg_interfaces__rosidl_generator_py.dir/rosidl_generator_py/pkg_interfaces/srv/_add_s.c.o[0m
[ 85%] [32mBuilding C object CMakeFiles/pkg_interfaces__rosidl_generator_py.dir/rosidl_generator_py/pkg_interfaces/action/_progress_s.c.o[0m
[ 87%] [32mBuilding C object CMakeFiles/pkg_interfaces__rosidl_generator_py.dir/rosidl_generator_py/pkg_interfaces/msg/_person_s.c.o[0m
[ 88%] [32m[1mLinking C shared library libpkg_interfaces__rosidl_generator_py.so[0m
[ 88%] Built target pkg_interfaces__rosidl_generator_py
[ 92%] [32mBuilding C object CMakeFiles/pkg_interfaces_s__rosidl_typesupport_fastrtps_c.dir/rosidl_generator_py/pkg_interfaces/_pkg_interfaces_s.ep.rosidl_typesupport_fastrtps_c.c.o[0m
[ 92%] [32mBuilding C object CMakeFiles/pkg_interfaces_s__rosidl_typesupport_c.dir/rosidl_generator_py/pkg_interfaces/_pkg_interfaces_s.ep.rosidl_typesupport_c.c.o[0m
[ 94%] [32mBuilding C object CMakeFiles/pkg_interfaces_s__rosidl_typesupport_introspection_c.dir/rosidl_generator_py/pkg_interfaces/_pkg_interfaces_s.ep.rosidl_typesupport_introspection_c.c.o[0m
[ 96%] [32m[1mLinking C shared module rosidl_generator_py/pkg_interfaces/pkg_interfaces_s__rosidl_typesupport_c.so[0m
[ 98%] [32m[1mLinking C shared module rosidl_generator_py/pkg_interfaces/pkg_interfaces_s__rosidl_typesupport_introspection_c.so[0m
[ 98%] Built target pkg_interfaces_s__rosidl_typesupport_c
[100%] [32m[1mLinking C shared module rosidl_generator_py/pkg_interfaces/pkg_interfaces_s__rosidl_typesupport_fastrtps_c.so[0m
[100%] Built target pkg_interfaces_s__rosidl_typesupport_introspection_c
[100%] Built target pkg_interfaces_s__rosidl_typesupport_fastrtps_c
-- Install configuration: ""
-- Installing: /home/atelab/temp/ros2_basic_tut/install/pkg_interfaces/share/ament_index/resource_index/rosidl_interfaces/pkg_interfaces
-- Installing: /home/atelab/temp/ros2_basic_tut/install/pkg_interfaces/share/pkg_interfaces/action/Progress.json
-- Installing: /home/atelab/temp/ros2_basic_tut/install/pkg_interfaces/share/pkg_interfaces/msg/Person.json
-- Installing: /home/atelab/temp/ros2_basic_tut/install/pkg_interfaces/share/pkg_interfaces/srv/Add.json
-- Installing: /home/atelab/temp/ros2_basic_tut/install/pkg_interfaces/include/pkg_interfaces/pkg_interfaces
-- Installing: /home/atelab/temp/ros2_basic_tut/install/pkg_interfaces/include/pkg_interfaces/pkg_interfaces/msg
-- Installing: /home/atelab/temp/ros2_basic_tut/install/pkg_interfaces/include/pkg_interfaces/pkg_interfaces/msg/rosidl_generator_c__visibility_control.h
-- Installing: /home/atelab/temp/ros2_basic_tut/install/pkg_interfaces/include/pkg_interfaces/pkg_interfaces/msg/detail
-- Installing: /home/atelab/temp/ros2_basic_tut/install/pkg_interfaces/include/pkg_interfaces/pkg_interfaces/msg/detail/person__description.c
-- Installing: /home/atelab/temp/ros2_basic_tut/install/pkg_interfaces/include/pkg_interfaces/pkg_interfaces/msg/detail/person__functions.h
-- Installing: /home/atelab/temp/ros2_basic_tut/install/pkg_interfaces/include/pkg_interfaces/pkg_interfaces/msg/detail/person__functions.c
-- Installing: /home/atelab/temp/ros2_basic_tut/install/pkg_interfaces/include/pkg_interfaces/pkg_interfaces/msg/detail/person__type_support.h
-- Installing: /home/atelab/temp/ros2_basic_tut/install/pkg_interfaces/include/pkg_interfaces/pkg_interfaces/msg/detail/person__struct.h
-- Installing: /home/atelab/temp/ros2_basic_tut/install/pkg_interfaces/include/pkg_interfaces/pkg_interfaces/msg/detail/person__type_support.c
-- Installing: /home/atelab/temp/ros2_basic_tut/install/pkg_interfaces/include/pkg_interfaces/pkg_interfaces/msg/person.h
-- Installing: /home/atelab/temp/ros2_basic_tut/install/pkg_interfaces/include/pkg_interfaces/pkg_interfaces/action
-- Installing: /home/atelab/temp/ros2_basic_tut/install/pkg_interfaces/include/pkg_interfaces/pkg_interfaces/action/detail
-- Installing: /home/atelab/temp/ros2_basic_tut/install/pkg_interfaces/include/pkg_interfaces/pkg_interfaces/action/detail/progress__description.c
-- Installing: /home/atelab/temp/ros2_basic_tut/install/pkg_interfaces/include/pkg_interfaces/pkg_interfaces/action/detail/progress__type_support.h
-- Installing: /home/atelab/temp/ros2_basic_tut/install/pkg_interfaces/include/pkg_interfaces/pkg_interfaces/action/detail/progress__functions.h
-- Installing: /home/atelab/temp/ros2_basic_tut/install/pkg_interfaces/include/pkg_interfaces/pkg_interfaces/action/detail/progress__type_support.c
-- Installing: /home/atelab/temp/ros2_basic_tut/install/pkg_interfaces/include/pkg_interfaces/pkg_interfaces/action/detail/progress__functions.c
-- Installing: /home/atelab/temp/ros2_basic_tut/install/pkg_interfaces/include/pkg_interfaces/pkg_interfaces/action/detail/progress__struct.h
-- Installing: /home/atelab/temp/ros2_basic_tut/install/pkg_interfaces/include/pkg_interfaces/pkg_interfaces/action/progress.h
-- Installing: /home/atelab/temp/ros2_basic_tut/install/pkg_interfaces/include/pkg_interfaces/pkg_interfaces/srv
-- Installing: /home/atelab/temp/ros2_basic_tut/install/pkg_interfaces/include/pkg_interfaces/pkg_interfaces/srv/detail
-- Installing: /home/atelab/temp/ros2_basic_tut/install/pkg_interfaces/include/pkg_interfaces/pkg_interfaces/srv/detail/add__struct.h
-- Installing: /home/atelab/temp/ros2_basic_tut/install/pkg_interfaces/include/pkg_interfaces/pkg_interfaces/srv/detail/add__description.c
-- Installing: /home/atelab/temp/ros2_basic_tut/install/pkg_interfaces/include/pkg_interfaces/pkg_interfaces/srv/detail/add__type_support.h
-- Installing: /home/atelab/temp/ros2_basic_tut/install/pkg_interfaces/include/pkg_interfaces/pkg_interfaces/srv/detail/add__type_support.c
-- Installing: /home/atelab/temp/ros2_basic_tut/install/pkg_interfaces/include/pkg_interfaces/pkg_interfaces/srv/detail/add__functions.h
-- Installing: /home/atelab/temp/ros2_basic_tut/install/pkg_interfaces/include/pkg_interfaces/pkg_interfaces/srv/detail/add__functions.c
-- Installing: /home/atelab/temp/ros2_basic_tut/install/pkg_interfaces/include/pkg_interfaces/pkg_interfaces/srv/add.h
-- Installing: /home/atelab/temp/ros2_basic_tut/install/pkg_interfaces/share/pkg_interfaces/environment/library_path.sh
-- Installing: /home/atelab/temp/ros2_basic_tut/install/pkg_interfaces/share/pkg_interfaces/environment/library_path.dsv
-- Installing: /home/atelab/temp/ros2_basic_tut/install/pkg_interfaces/lib/libpkg_interfaces__rosidl_generator_c.so
-- Set non-toolchain portion of runtime path of "/home/atelab/temp/ros2_basic_tut/install/pkg_interfaces/lib/libpkg_interfaces__rosidl_generator_c.so" to ""
-- Up-to-date: /home/atelab/temp/ros2_basic_tut/install/pkg_interfaces/include/pkg_interfaces/pkg_interfaces
-- Up-to-date: /home/atelab/temp/ros2_basic_tut/install/pkg_interfaces/include/pkg_interfaces/pkg_interfaces/msg
-- Up-to-date: /home/atelab/temp/ros2_basic_tut/install/pkg_interfaces/include/pkg_interfaces/pkg_interfaces/msg/detail
-- Installing: /home/atelab/temp/ros2_basic_tut/install/pkg_interfaces/include/pkg_interfaces/pkg_interfaces/msg/detail/person__rosidl_typesupport_fastrtps_c.h
-- Installing: /home/atelab/temp/ros2_basic_tut/install/pkg_interfaces/include/pkg_interfaces/pkg_interfaces/msg/rosidl_typesupport_fastrtps_c__visibility_control.h
-- Up-to-date: /home/atelab/temp/ros2_basic_tut/install/pkg_interfaces/include/pkg_interfaces/pkg_interfaces/action
-- Up-to-date: /home/atelab/temp/ros2_basic_tut/install/pkg_interfaces/include/pkg_interfaces/pkg_interfaces/action/detail
-- Installing: /home/atelab/temp/ros2_basic_tut/install/pkg_interfaces/include/pkg_interfaces/pkg_interfaces/action/detail/progress__rosidl_typesupport_fastrtps_c.h
-- Up-to-date: /home/atelab/temp/ros2_basic_tut/install/pkg_interfaces/include/pkg_interfaces/pkg_interfaces/srv
-- Up-to-date: /home/atelab/temp/ros2_basic_tut/install/pkg_interfaces/include/pkg_interfaces/pkg_interfaces/srv/detail
-- Installing: /home/atelab/temp/ros2_basic_tut/install/pkg_interfaces/include/pkg_interfaces/pkg_interfaces/srv/detail/add__rosidl_typesupport_fastrtps_c.h
-- Installing: /home/atelab/temp/ros2_basic_tut/install/pkg_interfaces/lib/libpkg_interfaces__rosidl_typesupport_fastrtps_c.so
-- Set non-toolchain portion of runtime path of "/home/atelab/temp/ros2_basic_tut/install/pkg_interfaces/lib/libpkg_interfaces__rosidl_typesupport_fastrtps_c.so" to ""
-- Up-to-date: /home/atelab/temp/ros2_basic_tut/install/pkg_interfaces/include/pkg_interfaces/pkg_interfaces
-- Up-to-date: /home/atelab/temp/ros2_basic_tut/install/pkg_interfaces/include/pkg_interfaces/pkg_interfaces/msg
-- Up-to-date: /home/atelab/temp/ros2_basic_tut/install/pkg_interfaces/include/pkg_interfaces/pkg_interfaces/msg/detail
-- Installing: /home/atelab/temp/ros2_basic_tut/install/pkg_interfaces/include/pkg_interfaces/pkg_interfaces/msg/detail/person__rosidl_typesupport_introspection_c.h
-- Installing: /home/atelab/temp/ros2_basic_tut/install/pkg_interfaces/include/pkg_interfaces/pkg_interfaces/msg/detail/person__type_support.c
-- Installing: /home/atelab/temp/ros2_basic_tut/install/pkg_interfaces/include/pkg_interfaces/pkg_interfaces/msg/rosidl_typesupport_introspection_c__visibility_control.h
-- Up-to-date: /home/atelab/temp/ros2_basic_tut/install/pkg_interfaces/include/pkg_interfaces/pkg_interfaces/action
-- Up-to-date: /home/atelab/temp/ros2_basic_tut/install/pkg_interfaces/include/pkg_interfaces/pkg_interfaces/action/detail
-- Installing: /home/atelab/temp/ros2_basic_tut/install/pkg_interfaces/include/pkg_interfaces/pkg_interfaces/action/detail/progress__type_support.c
-- Installing: /home/atelab/temp/ros2_basic_tut/install/pkg_interfaces/include/pkg_interfaces/pkg_interfaces/action/detail/progress__rosidl_typesupport_introspection_c.h
-- Up-to-date: /home/atelab/temp/ros2_basic_tut/install/pkg_interfaces/include/pkg_interfaces/pkg_interfaces/srv
-- Up-to-date: /home/atelab/temp/ros2_basic_tut/install/pkg_interfaces/include/pkg_interfaces/pkg_interfaces/srv/detail
-- Installing: /home/atelab/temp/ros2_basic_tut/install/pkg_interfaces/include/pkg_interfaces/pkg_interfaces/srv/detail/add__rosidl_typesupport_introspection_c.h
-- Installing: /home/atelab/temp/ros2_basic_tut/install/pkg_interfaces/include/pkg_interfaces/pkg_interfaces/srv/detail/add__type_support.c
-- Installing: /home/atelab/temp/ros2_basic_tut/install/pkg_interfaces/lib/libpkg_interfaces__rosidl_typesupport_introspection_c.so
-- Set non-toolchain portion of runtime path of "/home/atelab/temp/ros2_basic_tut/install/pkg_interfaces/lib/libpkg_interfaces__rosidl_typesupport_introspection_c.so" to ""
-- Installing: /home/atelab/temp/ros2_basic_tut/install/pkg_interfaces/lib/libpkg_interfaces__rosidl_typesupport_c.so
-- Set non-toolchain portion of runtime path of "/home/atelab/temp/ros2_basic_tut/install/pkg_interfaces/lib/libpkg_interfaces__rosidl_typesupport_c.so" to ""
-- Up-to-date: /home/atelab/temp/ros2_basic_tut/install/pkg_interfaces/include/pkg_interfaces/pkg_interfaces
-- Up-to-date: /home/atelab/temp/ros2_basic_tut/install/pkg_interfaces/include/pkg_interfaces/pkg_interfaces/msg
-- Installing: /home/atelab/temp/ros2_basic_tut/install/pkg_interfaces/include/pkg_interfaces/pkg_interfaces/msg/person.hpp
-- Up-to-date: /home/atelab/temp/ros2_basic_tut/install/pkg_interfaces/include/pkg_interfaces/pkg_interfaces/msg/detail
-- Installing: /home/atelab/temp/ros2_basic_tut/install/pkg_interfaces/include/pkg_interfaces/pkg_interfaces/msg/detail/person__type_support.hpp
-- Installing: /home/atelab/temp/ros2_basic_tut/install/pkg_interfaces/include/pkg_interfaces/pkg_interfaces/msg/detail/person__builder.hpp
-- Installing: /home/atelab/temp/ros2_basic_tut/install/pkg_interfaces/include/pkg_interfaces/pkg_interfaces/msg/detail/person__struct.hpp
-- Installing: /home/atelab/temp/ros2_basic_tut/install/pkg_interfaces/include/pkg_interfaces/pkg_interfaces/msg/detail/person__traits.hpp
-- Installing: /home/atelab/temp/ros2_basic_tut/install/pkg_interfaces/include/pkg_interfaces/pkg_interfaces/msg/rosidl_generator_cpp__visibility_control.hpp
-- Up-to-date: /home/atelab/temp/ros2_basic_tut/install/pkg_interfaces/include/pkg_interfaces/pkg_interfaces/action
-- Up-to-date: /home/atelab/temp/ros2_basic_tut/install/pkg_interfaces/include/pkg_interfaces/pkg_interfaces/action/detail
-- Installing: /home/atelab/temp/ros2_basic_tut/install/pkg_interfaces/include/pkg_interfaces/pkg_interfaces/action/detail/progress__traits.hpp
-- Installing: /home/atelab/temp/ros2_basic_tut/install/pkg_interfaces/include/pkg_interfaces/pkg_interfaces/action/detail/progress__struct.hpp
-- Installing: /home/atelab/temp/ros2_basic_tut/install/pkg_interfaces/include/pkg_interfaces/pkg_interfaces/action/detail/progress__type_support.hpp
-- Installing: /home/atelab/temp/ros2_basic_tut/install/pkg_interfaces/include/pkg_interfaces/pkg_interfaces/action/detail/progress__builder.hpp
-- Installing: /home/atelab/temp/ros2_basic_tut/install/pkg_interfaces/include/pkg_interfaces/pkg_interfaces/action/progress.hpp
-- Up-to-date: /home/atelab/temp/ros2_basic_tut/install/pkg_interfaces/include/pkg_interfaces/pkg_interfaces/srv
-- Up-to-date: /home/atelab/temp/ros2_basic_tut/install/pkg_interfaces/include/pkg_interfaces/pkg_interfaces/srv/detail
-- Installing: /home/atelab/temp/ros2_basic_tut/install/pkg_interfaces/include/pkg_interfaces/pkg_interfaces/srv/detail/add__type_support.hpp
-- Installing: /home/atelab/temp/ros2_basic_tut/install/pkg_interfaces/include/pkg_interfaces/pkg_interfaces/srv/detail/add__builder.hpp
-- Installing: /home/atelab/temp/ros2_basic_tut/install/pkg_interfaces/include/pkg_interfaces/pkg_interfaces/srv/detail/add__struct.hpp
-- Installing: /home/atelab/temp/ros2_basic_tut/install/pkg_interfaces/include/pkg_interfaces/pkg_interfaces/srv/detail/add__traits.hpp
-- Installing: /home/atelab/temp/ros2_basic_tut/install/pkg_interfaces/include/pkg_interfaces/pkg_interfaces/srv/add.hpp
-- Up-to-date: /home/atelab/temp/ros2_basic_tut/install/pkg_interfaces/include/pkg_interfaces/pkg_interfaces
-- Up-to-date: /home/atelab/temp/ros2_basic_tut/install/pkg_interfaces/include/pkg_interfaces/pkg_interfaces/msg
-- Installing: /home/atelab/temp/ros2_basic_tut/install/pkg_interfaces/include/pkg_interfaces/pkg_interfaces/msg/rosidl_typesupport_fastrtps_cpp__visibility_control.h
-- Up-to-date: /home/atelab/temp/ros2_basic_tut/install/pkg_interfaces/include/pkg_interfaces/pkg_interfaces/msg/detail
-- Installing: /home/atelab/temp/ros2_basic_tut/install/pkg_interfaces/include/pkg_interfaces/pkg_interfaces/msg/detail/person__rosidl_typesupport_fastrtps_cpp.hpp
-- Installing: /home/atelab/temp/ros2_basic_tut/install/pkg_interfaces/include/pkg_interfaces/pkg_interfaces/msg/detail/dds_fastrtps
-- Up-to-date: /home/atelab/temp/ros2_basic_tut/install/pkg_interfaces/include/pkg_interfaces/pkg_interfaces/action
-- Up-to-date: /home/atelab/temp/ros2_basic_tut/install/pkg_interfaces/include/pkg_interfaces/pkg_interfaces/action/detail
-- Installing: /home/atelab/temp/ros2_basic_tut/install/pkg_interfaces/include/pkg_interfaces/pkg_interfaces/action/detail/progress__rosidl_typesupport_fastrtps_cpp.hpp
-- Installing: /home/atelab/temp/ros2_basic_tut/install/pkg_interfaces/include/pkg_interfaces/pkg_interfaces/action/detail/dds_fastrtps
-- Up-to-date: /home/atelab/temp/ros2_basic_tut/install/pkg_interfaces/include/pkg_interfaces/pkg_interfaces/srv
-- Up-to-date: /home/atelab/temp/ros2_basic_tut/install/pkg_interfaces/include/pkg_interfaces/pkg_interfaces/srv/detail
-- Installing: /home/atelab/temp/ros2_basic_tut/install/pkg_interfaces/include/pkg_interfaces/pkg_interfaces/srv/detail/add__rosidl_typesupport_fastrtps_cpp.hpp
-- Installing: /home/atelab/temp/ros2_basic_tut/install/pkg_interfaces/include/pkg_interfaces/pkg_interfaces/srv/detail/dds_fastrtps
-- Installing: /home/atelab/temp/ros2_basic_tut/install/pkg_interfaces/lib/libpkg_interfaces__rosidl_typesupport_fastrtps_cpp.so
-- Set non-toolchain portion of runtime path of "/home/atelab/temp/ros2_basic_tut/install/pkg_interfaces/lib/libpkg_interfaces__rosidl_typesupport_fastrtps_cpp.so" to ""
-- Up-to-date: /home/atelab/temp/ros2_basic_tut/install/pkg_interfaces/include/pkg_interfaces/pkg_interfaces
-- Up-to-date: /home/atelab/temp/ros2_basic_tut/install/pkg_interfaces/include/pkg_interfaces/pkg_interfaces/msg
-- Up-to-date: /home/atelab/temp/ros2_basic_tut/install/pkg_interfaces/include/pkg_interfaces/pkg_interfaces/msg/detail
-- Installing: /home/atelab/temp/ros2_basic_tut/install/pkg_interfaces/include/pkg_interfaces/pkg_interfaces/msg/detail/person__rosidl_typesupport_introspection_cpp.hpp
-- Installing: /home/atelab/temp/ros2_basic_tut/install/pkg_interfaces/include/pkg_interfaces/pkg_interfaces/msg/detail/person__type_support.cpp
-- Up-to-date: /home/atelab/temp/ros2_basic_tut/install/pkg_interfaces/include/pkg_interfaces/pkg_interfaces/action
-- Up-to-date: /home/atelab/temp/ros2_basic_tut/install/pkg_interfaces/include/pkg_interfaces/pkg_interfaces/action/detail
-- Installing: /home/atelab/temp/ros2_basic_tut/install/pkg_interfaces/include/pkg_interfaces/pkg_interfaces/action/detail/progress__type_support.cpp
-- Installing: /home/atelab/temp/ros2_basic_tut/install/pkg_interfaces/include/pkg_interfaces/pkg_interfaces/action/detail/progress__rosidl_typesupport_introspection_cpp.hpp
-- Up-to-date: /home/atelab/temp/ros2_basic_tut/install/pkg_interfaces/include/pkg_interfaces/pkg_interfaces/srv
-- Up-to-date: /home/atelab/temp/ros2_basic_tut/install/pkg_interfaces/include/pkg_interfaces/pkg_interfaces/srv/detail
-- Installing: /home/atelab/temp/ros2_basic_tut/install/pkg_interfaces/include/pkg_interfaces/pkg_interfaces/srv/detail/add__type_support.cpp
-- Installing: /home/atelab/temp/ros2_basic_tut/install/pkg_interfaces/include/pkg_interfaces/pkg_interfaces/srv/detail/add__rosidl_typesupport_introspection_cpp.hpp
-- Installing: /home/atelab/temp/ros2_basic_tut/install/pkg_interfaces/lib/libpkg_interfaces__rosidl_typesupport_introspection_cpp.so
-- Set non-toolchain portion of runtime path of "/home/atelab/temp/ros2_basic_tut/install/pkg_interfaces/lib/libpkg_interfaces__rosidl_typesupport_introspection_cpp.so" to ""
-- Installing: /home/atelab/temp/ros2_basic_tut/install/pkg_interfaces/lib/libpkg_interfaces__rosidl_typesupport_cpp.so
-- Set non-toolchain portion of runtime path of "/home/atelab/temp/ros2_basic_tut/install/pkg_interfaces/lib/libpkg_interfaces__rosidl_typesupport_cpp.so" to ""
-- Installing: /home/atelab/temp/ros2_basic_tut/install/pkg_interfaces/share/pkg_interfaces/environment/pythonpath.sh
-- Installing: /home/atelab/temp/ros2_basic_tut/install/pkg_interfaces/share/pkg_interfaces/environment/pythonpath.dsv
-- Installing: /home/atelab/temp/ros2_basic_tut/install/pkg_interfaces/lib/python3.12/site-packages/pkg_interfaces-0.0.0-py3.12.egg-info
-- Installing: /home/atelab/temp/ros2_basic_tut/install/pkg_interfaces/lib/python3.12/site-packages/pkg_interfaces-0.0.0-py3.12.egg-info/dependency_links.txt
-- Installing: /home/atelab/temp/ros2_basic_tut/install/pkg_interfaces/lib/python3.12/site-packages/pkg_interfaces-0.0.0-py3.12.egg-info/SOURCES.txt
-- Installing: /home/atelab/temp/ros2_basic_tut/install/pkg_interfaces/lib/python3.12/site-packages/pkg_interfaces-0.0.0-py3.12.egg-info/top_level.txt
-- Installing: /home/atelab/temp/ros2_basic_tut/install/pkg_interfaces/lib/python3.12/site-packages/pkg_interfaces-0.0.0-py3.12.egg-info/PKG-INFO
-- Installing: /home/atelab/temp/ros2_basic_tut/install/pkg_interfaces/lib/python3.12/site-packages/pkg_interfaces
-- Installing: /home/atelab/temp/ros2_basic_tut/install/pkg_interfaces/lib/python3.12/site-packages/pkg_interfaces/_pkg_interfaces_s.ep.rosidl_typesupport_introspection_c.c
-- Installing: /home/atelab/temp/ros2_basic_tut/install/pkg_interfaces/lib/python3.12/site-packages/pkg_interfaces/msg
-- Installing: /home/atelab/temp/ros2_basic_tut/install/pkg_interfaces/lib/python3.12/site-packages/pkg_interfaces/msg/_person.py
-- Installing: /home/atelab/temp/ros2_basic_tut/install/pkg_interfaces/lib/python3.12/site-packages/pkg_interfaces/msg/__init__.py
-- Installing: /home/atelab/temp/ros2_basic_tut/install/pkg_interfaces/lib/python3.12/site-packages/pkg_interfaces/msg/_person_s.c
-- Installing: /home/atelab/temp/ros2_basic_tut/install/pkg_interfaces/lib/python3.12/site-packages/pkg_interfaces/_pkg_interfaces_s.ep.rosidl_typesupport_fastrtps_c.c
-- Installing: /home/atelab/temp/ros2_basic_tut/install/pkg_interfaces/lib/python3.12/site-packages/pkg_interfaces/_pkg_interfaces_s.ep.rosidl_typesupport_c.c
-- Installing: /home/atelab/temp/ros2_basic_tut/install/pkg_interfaces/lib/python3.12/site-packages/pkg_interfaces/pkg_interfaces_s__rosidl_typesupport_fastrtps_c.so
-- Installing: /home/atelab/temp/ros2_basic_tut/install/pkg_interfaces/lib/python3.12/site-packages/pkg_interfaces/pkg_interfaces_s__rosidl_typesupport_introspection_c.so
-- Installing: /home/atelab/temp/ros2_basic_tut/install/pkg_interfaces/lib/python3.12/site-packages/pkg_interfaces/action
-- Installing: /home/atelab/temp/ros2_basic_tut/install/pkg_interfaces/lib/python3.12/site-packages/pkg_interfaces/action/_progress.py
-- Installing: /home/atelab/temp/ros2_basic_tut/install/pkg_interfaces/lib/python3.12/site-packages/pkg_interfaces/action/__init__.py
-- Installing: /home/atelab/temp/ros2_basic_tut/install/pkg_interfaces/lib/python3.12/site-packages/pkg_interfaces/action/_progress_s.c
-- Installing: /home/atelab/temp/ros2_basic_tut/install/pkg_interfaces/lib/python3.12/site-packages/pkg_interfaces/srv
-- Installing: /home/atelab/temp/ros2_basic_tut/install/pkg_interfaces/lib/python3.12/site-packages/pkg_interfaces/srv/_add.py
-- Installing: /home/atelab/temp/ros2_basic_tut/install/pkg_interfaces/lib/python3.12/site-packages/pkg_interfaces/srv/_add_s.c
-- Installing: /home/atelab/temp/ros2_basic_tut/install/pkg_interfaces/lib/python3.12/site-packages/pkg_interfaces/srv/__init__.py
-- Installing: /home/atelab/temp/ros2_basic_tut/install/pkg_interfaces/lib/python3.12/site-packages/pkg_interfaces/pkg_interfaces_s__rosidl_typesupport_c.so
-- Installing: /home/atelab/temp/ros2_basic_tut/install/pkg_interfaces/lib/python3.12/site-packages/pkg_interfaces/__init__.py
Listing '/home/atelab/temp/ros2_basic_tut/install/pkg_interfaces/lib/python3.12/site-packages/pkg_interfaces'...
Compiling '/home/atelab/temp/ros2_basic_tut/install/pkg_interfaces/lib/python3.12/site-packages/pkg_interfaces/__init__.py'...
Listing '/home/atelab/temp/ros2_basic_tut/install/pkg_interfaces/lib/python3.12/site-packages/pkg_interfaces/action'...
Compiling '/home/atelab/temp/ros2_basic_tut/install/pkg_interfaces/lib/python3.12/site-packages/pkg_interfaces/action/__init__.py'...
Compiling '/home/atelab/temp/ros2_basic_tut/install/pkg_interfaces/lib/python3.12/site-packages/pkg_interfaces/action/_progress.py'...
Listing '/home/atelab/temp/ros2_basic_tut/install/pkg_interfaces/lib/python3.12/site-packages/pkg_interfaces/msg'...
Compiling '/home/atelab/temp/ros2_basic_tut/install/pkg_interfaces/lib/python3.12/site-packages/pkg_interfaces/msg/__init__.py'...
Compiling '/home/atelab/temp/ros2_basic_tut/install/pkg_interfaces/lib/python3.12/site-packages/pkg_interfaces/msg/_person.py'...
Listing '/home/atelab/temp/ros2_basic_tut/install/pkg_interfaces/lib/python3.12/site-packages/pkg_interfaces/srv'...
Compiling '/home/atelab/temp/ros2_basic_tut/install/pkg_interfaces/lib/python3.12/site-packages/pkg_interfaces/srv/__init__.py'...
Compiling '/home/atelab/temp/ros2_basic_tut/install/pkg_interfaces/lib/python3.12/site-packages/pkg_interfaces/srv/_add.py'...
-- Installing: /home/atelab/temp/ros2_basic_tut/install/pkg_interfaces/lib/python3.12/site-packages/pkg_interfaces/pkg_interfaces_s__rosidl_typesupport_fastrtps_c.so
-- Set non-toolchain portion of runtime path of "/home/atelab/temp/ros2_basic_tut/install/pkg_interfaces/lib/python3.12/site-packages/pkg_interfaces/pkg_interfaces_s__rosidl_typesupport_fastrtps_c.so" to ""
-- Installing: /home/atelab/temp/ros2_basic_tut/install/pkg_interfaces/lib/python3.12/site-packages/pkg_interfaces/pkg_interfaces_s__rosidl_typesupport_introspection_c.so
-- Set non-toolchain portion of runtime path of "/home/atelab/temp/ros2_basic_tut/install/pkg_interfaces/lib/python3.12/site-packages/pkg_interfaces/pkg_interfaces_s__rosidl_typesupport_introspection_c.so" to ""
-- Installing: /home/atelab/temp/ros2_basic_tut/install/pkg_interfaces/lib/python3.12/site-packages/pkg_interfaces/pkg_interfaces_s__rosidl_typesupport_c.so
-- Set non-toolchain portion of runtime path of "/home/atelab/temp/ros2_basic_tut/install/pkg_interfaces/lib/python3.12/site-packages/pkg_interfaces/pkg_interfaces_s__rosidl_typesupport_c.so" to ""
-- Installing: /home/atelab/temp/ros2_basic_tut/install/pkg_interfaces/lib/libpkg_interfaces__rosidl_generator_py.so
-- Set non-toolchain portion of runtime path of "/home/atelab/temp/ros2_basic_tut/install/pkg_interfaces/lib/libpkg_interfaces__rosidl_generator_py.so" to ""
-- Installing: /home/atelab/temp/ros2_basic_tut/install/pkg_interfaces/share/pkg_interfaces/action/Progress.idl
-- Installing: /home/atelab/temp/ros2_basic_tut/install/pkg_interfaces/share/pkg_interfaces/msg/Person.idl
-- Installing: /home/atelab/temp/ros2_basic_tut/install/pkg_interfaces/share/pkg_interfaces/srv/Add.idl
-- Installing: /home/atelab/temp/ros2_basic_tut/install/pkg_interfaces/share/pkg_interfaces/action/Progress.action
-- Installing: /home/atelab/temp/ros2_basic_tut/install/pkg_interfaces/share/pkg_interfaces/msg/Person.msg
-- Installing: /home/atelab/temp/ros2_basic_tut/install/pkg_interfaces/share/pkg_interfaces/srv/Add.srv
-- Installing: /home/atelab/temp/ros2_basic_tut/install/pkg_interfaces/share/ament_index/resource_index/package_run_dependencies/pkg_interfaces
-- Installing: /home/atelab/temp/ros2_basic_tut/install/pkg_interfaces/share/ament_index/resource_index/parent_prefix_path/pkg_interfaces
-- Installing: /home/atelab/temp/ros2_basic_tut/install/pkg_interfaces/share/pkg_interfaces/environment/ament_prefix_path.sh
-- Installing: /home/atelab/temp/ros2_basic_tut/install/pkg_interfaces/share/pkg_interfaces/environment/ament_prefix_path.dsv
-- Installing: /home/atelab/temp/ros2_basic_tut/install/pkg_interfaces/share/pkg_interfaces/environment/path.sh
-- Installing: /home/atelab/temp/ros2_basic_tut/install/pkg_interfaces/share/pkg_interfaces/environment/path.dsv
-- Installing: /home/atelab/temp/ros2_basic_tut/install/pkg_interfaces/share/pkg_interfaces/local_setup.bash
-- Installing: /home/atelab/temp/ros2_basic_tut/install/pkg_interfaces/share/pkg_interfaces/local_setup.sh
-- Installing: /home/atelab/temp/ros2_basic_tut/install/pkg_interfaces/share/pkg_interfaces/local_setup.zsh
-- Installing: /home/atelab/temp/ros2_basic_tut/install/pkg_interfaces/share/pkg_interfaces/local_setup.dsv
-- Installing: /home/atelab/temp/ros2_basic_tut/install/pkg_interfaces/share/pkg_interfaces/package.dsv
-- Installing: /home/atelab/temp/ros2_basic_tut/install/pkg_interfaces/share/ament_index/resource_index/packages/pkg_interfaces
-- Installing: /home/atelab/temp/ros2_basic_tut/install/pkg_interfaces/share/pkg_interfaces/cmake/export_pkg_interfaces__rosidl_generator_cExport.cmake
-- Installing: /home/atelab/temp/ros2_basic_tut/install/pkg_interfaces/share/pkg_interfaces/cmake/export_pkg_interfaces__rosidl_generator_cExport-noconfig.cmake
-- Installing: /home/atelab/temp/ros2_basic_tut/install/pkg_interfaces/share/pkg_interfaces/cmake/export_pkg_interfaces__rosidl_typesupport_fastrtps_cExport.cmake
-- Installing: /home/atelab/temp/ros2_basic_tut/install/pkg_interfaces/share/pkg_interfaces/cmake/export_pkg_interfaces__rosidl_typesupport_fastrtps_cExport-noconfig.cmake
-- Installing: /home/atelab/temp/ros2_basic_tut/install/pkg_interfaces/share/pkg_interfaces/cmake/pkg_interfaces__rosidl_typesupport_introspection_cExport.cmake
-- Installing: /home/atelab/temp/ros2_basic_tut/install/pkg_interfaces/share/pkg_interfaces/cmake/pkg_interfaces__rosidl_typesupport_introspection_cExport-noconfig.cmake
-- Installing: /home/atelab/temp/ros2_basic_tut/install/pkg_interfaces/share/pkg_interfaces/cmake/pkg_interfaces__rosidl_typesupport_cExport.cmake
-- Installing: /home/atelab/temp/ros2_basic_tut/install/pkg_interfaces/share/pkg_interfaces/cmake/pkg_interfaces__rosidl_typesupport_cExport-noconfig.cmake
-- Installing: /home/atelab/temp/ros2_basic_tut/install/pkg_interfaces/share/pkg_interfaces/cmake/export_pkg_interfaces__rosidl_generator_cppExport.cmake
-- Installing: /home/atelab/temp/ros2_basic_tut/install/pkg_interfaces/share/pkg_interfaces/cmake/export_pkg_interfaces__rosidl_typesupport_fastrtps_cppExport.cmake
-- Installing: /home/atelab/temp/ros2_basic_tut/install/pkg_interfaces/share/pkg_interfaces/cmake/export_pkg_interfaces__rosidl_typesupport_fastrtps_cppExport-noconfig.cmake
-- Installing: /home/atelab/temp/ros2_basic_tut/install/pkg_interfaces/share/pkg_interfaces/cmake/pkg_interfaces__rosidl_typesupport_introspection_cppExport.cmake
-- Installing: /home/atelab/temp/ros2_basic_tut/install/pkg_interfaces/share/pkg_interfaces/cmake/pkg_interfaces__rosidl_typesupport_introspection_cppExport-noconfig.cmake
-- Installing: /home/atelab/temp/ros2_basic_tut/install/pkg_interfaces/share/pkg_interfaces/cmake/pkg_interfaces__rosidl_typesupport_cppExport.cmake
-- Installing: /home/atelab/temp/ros2_basic_tut/install/pkg_interfaces/share/pkg_interfaces/cmake/pkg_interfaces__rosidl_typesupport_cppExport-noconfig.cmake
-- Installing: /home/atelab/temp/ros2_basic_tut/install/pkg_interfaces/share/pkg_interfaces/cmake/export_pkg_interfaces__rosidl_generator_pyExport.cmake
-- Installing: /home/atelab/temp/ros2_basic_tut/install/pkg_interfaces/share/pkg_interfaces/cmake/export_pkg_interfaces__rosidl_generator_pyExport-noconfig.cmake
-- Installing: /home/atelab/temp/ros2_basic_tut/install/pkg_interfaces/share/pkg_interfaces/cmake/rosidl_cmake-extras.cmake
-- Installing: /home/atelab/temp/ros2_basic_tut/install/pkg_interfaces/share/pkg_interfaces/cmake/ament_cmake_export_dependencies-extras.cmake
-- Installing: /home/atelab/temp/ros2_basic_tut/install/pkg_interfaces/share/pkg_interfaces/cmake/ament_cmake_export_include_directories-extras.cmake
-- Installing: /home/atelab/temp/ros2_basic_tut/install/pkg_interfaces/share/pkg_interfaces/cmake/ament_cmake_export_libraries-extras.cmake
-- Installing: /home/atelab/temp/ros2_basic_tut/install/pkg_interfaces/share/pkg_interfaces/cmake/ament_cmake_export_targets-extras.cmake
-- Installing: /home/atelab/temp/ros2_basic_tut/install/pkg_interfaces/share/pkg_interfaces/cmake/rosidl_cmake_export_typesupport_targets-extras.cmake
-- Installing: /home/atelab/temp/ros2_basic_tut/install/pkg_interfaces/share/pkg_interfaces/cmake/rosidl_cmake_export_typesupport_libraries-extras.cmake
-- Installing: /home/atelab/temp/ros2_basic_tut/install/pkg_interfaces/share/pkg_interfaces/cmake/pkg_interfacesConfig.cmake
-- Installing: /home/atelab/temp/ros2_basic_tut/install/pkg_interfaces/share/pkg_interfaces/cmake/pkg_interfacesConfig-version.cmake
-- Installing: /home/atelab/temp/ros2_basic_tut/install/pkg_interfaces/share/pkg_interfaces/package.xml
