[0.025s] Invoking command in '/home/atelab/temp/ros2_basic_tut/build/pkg_interfaces': CMAKE_PREFIX_PATH=${CMAKE_PREFIX_PATH}:/opt/ros/jazzy DEBUGINFOD_URLS=https://debuginfod.ubuntu.com VIRTUAL_ENV_PROMPT=(venv-ardupilot) /usr/bin/cmake /home/atelab/temp/ros2_basic_tut/src/pkg_interfaces -DCMAKE_INSTALL_PREFIX=/home/atelab/temp/ros2_basic_tut/install/pkg_interfaces
[0.699s] -- The C compiler identification is GNU 13.3.0
[0.699s] -- The CXX compiler identification is GNU 13.3.0
[0.699s] -- Detecting C compiler ABI info
[0.699s] -- Detecting C compiler ABI info - done
[0.700s] -- Check for working C compiler: /usr/lib/ccache/cc - skipped
[0.700s] -- Detecting C compile features
[0.700s] -- Detecting C compile features - done
[0.700s] -- Detecting CXX compiler ABI info
[0.700s] -- Detecting CXX compiler ABI info - done
[0.700s] -- Check for working CXX compiler: /usr/lib/ccache/c++ - skipped
[0.700s] -- Detecting CXX compile features
[0.700s] -- Detecting CXX compile features - done
[0.700s] -- Found ament_cmake: 2.5.4 (/opt/ros/jazzy/share/ament_cmake/cmake)
[0.700s] -- Found Python3: /home/atelab/venv-ardupilot/bin/python3 (found version "3.12.3") found components: Interpreter 
[0.700s] -- Found rosidl_default_generators: 1.6.0 (/opt/ros/jazzy/share/rosidl_default_generators/cmake)
[0.700s] -- Using all available rosidl_typesupport_c: rosidl_typesupport_fastrtps_c;rosidl_typesupport_introspection_c
[0.700s] -- Using all available rosidl_typesupport_cpp: rosidl_typesupport_fastrtps_cpp;rosidl_typesupport_introspection_cpp
[0.700s] -- Found rosidl_adapter: 4.6.5 (/opt/ros/jazzy/share/rosidl_adapter/cmake)
[1.331s] -- Found ament_cmake_ros: 0.12.0 (/opt/ros/jazzy/share/ament_cmake_ros/cmake)
[1.901s] -- Using all available rosidl_typesupport_c: rosidl_typesupport_fastrtps_c;rosidl_typesupport_introspection_c
[2.569s] -- Using all available rosidl_typesupport_cpp: rosidl_typesupport_fastrtps_cpp;rosidl_typesupport_introspection_cpp
[2.572s] -- Found python_cmake_module: 0.11.1 (/opt/ros/jazzy/share/python_cmake_module/cmake)
[2.674s] -- Found PythonExtra: /home/atelab/venv-ardupilot/bin/python3  
[3.039s] -- Found Python3: /home/atelab/venv-ardupilot/bin/python3 (found version "3.12.3") found components: Interpreter Development NumPy Development.Module Development.Embed 
[3.068s] -- Found ament_lint_auto: 0.17.2 (/opt/ros/jazzy/share/ament_lint_auto/cmake)
[3.090s] -- Added test 'copyright' to check source files copyright and LICENSE
[3.092s] -- Added test 'lint_cmake' to check CMake code style
[3.093s] -- Added test 'xmllint' to check XML markup files
[3.095s] -- Configuring done (3.1s)
[3.125s] -- Generating done (0.0s)
[3.135s] -- Build files have been written to: /home/atelab/temp/ros2_basic_tut/build/pkg_interfaces
[3.144s] Invoked command in '/home/atelab/temp/ros2_basic_tut/build/pkg_interfaces' returned '0': CMAKE_PREFIX_PATH=${CMAKE_PREFIX_PATH}:/opt/ros/jazzy DEBUGINFOD_URLS=https://debuginfod.ubuntu.com VIRTUAL_ENV_PROMPT=(venv-ardupilot) /usr/bin/cmake /home/atelab/temp/ros2_basic_tut/src/pkg_interfaces -DCMAKE_INSTALL_PREFIX=/home/atelab/temp/ros2_basic_tut/install/pkg_interfaces
[3.145s] Invoking command in '/home/atelab/temp/ros2_basic_tut/build/pkg_interfaces': CMAKE_PREFIX_PATH=${CMAKE_PREFIX_PATH}:/opt/ros/jazzy DEBUGINFOD_URLS=https://debuginfod.ubuntu.com VIRTUAL_ENV_PROMPT=(venv-ardupilot) /usr/bin/cmake --build /home/atelab/temp/ros2_basic_tut/build/pkg_interfaces -- -j8 -l8
[3.185s] [  1%] [34m[1mGenerating type hashes for ROS interfaces[0m
[3.192s] [  1%] Built target ament_cmake_python_copy_pkg_interfaces
[3.364s] [  1%] Built target pkg_interfaces__rosidl_generator_type_description
[3.372s] [  3%] [34m[1mGenerating C code for ROS interfaces[0m
[3.380s] [  5%] [34m[1mGenerating C++ code for ROS interfaces[0m
[3.383s] running egg_info
[3.399s] creating pkg_interfaces.egg-info
[3.399s] writing pkg_interfaces.egg-info/PKG-INFO
[3.400s] writing dependency_links to pkg_interfaces.egg-info/dependency_links.txt
[3.400s] writing top-level names to pkg_interfaces.egg-info/top_level.txt
[3.400s] writing manifest file 'pkg_interfaces.egg-info/SOURCES.txt'
[3.457s] reading manifest file 'pkg_interfaces.egg-info/SOURCES.txt'
[3.458s] writing manifest file 'pkg_interfaces.egg-info/SOURCES.txt'
[3.482s] [  5%] Built target ament_cmake_python_build_pkg_interfaces_egg
[3.835s] [  5%] Built target pkg_interfaces__cpp
[3.892s] [ 20%] [32mBuilding C object CMakeFiles/pkg_interfaces__rosidl_generator_c.dir/rosidl_generator_c/pkg_interfaces/action/detail/progress__type_support.c.o[0m
[3.892s] [ 20%] [32mBuilding C object CMakeFiles/pkg_interfaces__rosidl_generator_c.dir/rosidl_generator_c/pkg_interfaces/action/detail/progress__functions.c.o[0m
[3.892s] [ 20%] [32mBuilding C object CMakeFiles/pkg_interfaces__rosidl_generator_c.dir/rosidl_generator_c/pkg_interfaces/action/detail/progress__description.c.o[0m
[3.892s] [ 20%] [32mBuilding C object CMakeFiles/pkg_interfaces__rosidl_generator_c.dir/rosidl_generator_c/pkg_interfaces/srv/detail/add__functions.c.o[0m
[3.892s] [ 20%] [32mBuilding C object CMakeFiles/pkg_interfaces__rosidl_generator_c.dir/rosidl_generator_c/pkg_interfaces/msg/detail/person__description.c.o[0m
[3.892s] [ 20%] [32mBuilding C object CMakeFiles/pkg_interfaces__rosidl_generator_c.dir/rosidl_generator_c/pkg_interfaces/msg/detail/person__functions.c.o[0m
[3.892s] [ 20%] [32mBuilding C object CMakeFiles/pkg_interfaces__rosidl_generator_c.dir/rosidl_generator_c/pkg_interfaces/srv/detail/add__description.c.o[0m
[3.892s] [ 20%] [32mBuilding C object CMakeFiles/pkg_interfaces__rosidl_generator_c.dir/rosidl_generator_c/pkg_interfaces/msg/detail/person__type_support.c.o[0m
[3.976s] [ 22%] [32mBuilding C object CMakeFiles/pkg_interfaces__rosidl_generator_c.dir/rosidl_generator_c/pkg_interfaces/srv/detail/add__type_support.c.o[0m
[4.074s] [ 24%] [32m[1mLinking C shared library libpkg_interfaces__rosidl_generator_c.so[0m
[4.110s] [ 24%] Built target pkg_interfaces__rosidl_generator_c
[4.125s] [ 33%] [34m[1mGenerating C++ type support for eProsima Fast-RTPS[0m
[4.125s] [ 33%] [34m[1mGenerating C++ type support dispatch for ROS interfaces[0m
[4.125s] [ 33%] [34m[1mGenerating C type support for eProsima Fast-RTPS[0m
[4.125s] [ 33%] [34m[1mGenerating C type support dispatch for ROS interfaces[0m
[4.125s] [ 33%] [34m[1mGenerating C introspection for ROS interfaces[0m
[4.127s] [ 35%] [34m[1mGenerating C++ introspection for ROS interfaces[0m
[4.617s] [ 37%] [32mBuilding CXX object CMakeFiles/pkg_interfaces__rosidl_typesupport_c.dir/rosidl_typesupport_c/pkg_interfaces/msg/person__type_support.cpp.o[0m
[4.623s] [ 38%] [32mBuilding CXX object CMakeFiles/pkg_interfaces__rosidl_typesupport_c.dir/rosidl_typesupport_c/pkg_interfaces/action/progress__type_support.cpp.o[0m
[4.627s] [ 40%] [32mBuilding CXX object CMakeFiles/pkg_interfaces__rosidl_typesupport_c.dir/rosidl_typesupport_c/pkg_interfaces/srv/add__type_support.cpp.o[0m
[4.668s] [ 42%] [32mBuilding CXX object CMakeFiles/pkg_interfaces__rosidl_typesupport_cpp.dir/rosidl_typesupport_cpp/pkg_interfaces/action/progress__type_support.cpp.o[0m
[4.725s] [ 44%] [32mBuilding CXX object CMakeFiles/pkg_interfaces__rosidl_typesupport_cpp.dir/rosidl_typesupport_cpp/pkg_interfaces/msg/person__type_support.cpp.o[0m
[4.757s] [ 46%] [32mBuilding CXX object CMakeFiles/pkg_interfaces__rosidl_typesupport_introspection_cpp.dir/rosidl_typesupport_introspection_cpp/pkg_interfaces/action/detail/progress__type_support.cpp.o[0m
[4.766s] [ 48%] [32mBuilding CXX object CMakeFiles/pkg_interfaces__rosidl_typesupport_cpp.dir/rosidl_typesupport_cpp/pkg_interfaces/srv/add__type_support.cpp.o[0m
[4.791s] [ 50%] [32m[1mLinking CXX shared library libpkg_interfaces__rosidl_typesupport_c.so[0m
[4.889s] [ 50%] Built target pkg_interfaces__rosidl_typesupport_c
[4.900s] [ 51%] [32mBuilding C object CMakeFiles/pkg_interfaces__rosidl_typesupport_introspection_c.dir/rosidl_typesupport_introspection_c/pkg_interfaces/action/detail/progress__type_support.c.o[0m
[4.900s] [ 53%] [32mBuilding CXX object CMakeFiles/pkg_interfaces__rosidl_typesupport_introspection_cpp.dir/rosidl_typesupport_introspection_cpp/pkg_interfaces/msg/detail/person__type_support.cpp.o[0m
[5.095s] [ 55%] [32mBuilding C object CMakeFiles/pkg_interfaces__rosidl_typesupport_introspection_c.dir/rosidl_typesupport_introspection_c/pkg_interfaces/msg/detail/person__type_support.c.o[0m
[5.191s] [ 57%] [32mBuilding CXX object CMakeFiles/pkg_interfaces__rosidl_typesupport_fastrtps_cpp.dir/rosidl_typesupport_fastrtps_cpp/pkg_interfaces/action/detail/dds_fastrtps/progress__type_support.cpp.o[0m
[5.262s] [ 59%] [32mBuilding C object CMakeFiles/pkg_interfaces__rosidl_typesupport_introspection_c.dir/rosidl_typesupport_introspection_c/pkg_interfaces/srv/detail/add__type_support.c.o[0m
[5.320s] [ 61%] [32mBuilding CXX object CMakeFiles/pkg_interfaces__rosidl_typesupport_fastrtps_cpp.dir/rosidl_typesupport_fastrtps_cpp/pkg_interfaces/msg/detail/dds_fastrtps/person__type_support.cpp.o[0m
[5.404s] [ 62%] [32m[1mLinking C shared library libpkg_interfaces__rosidl_typesupport_introspection_c.so[0m
[5.429s] [ 64%] [32mBuilding CXX object CMakeFiles/pkg_interfaces__rosidl_typesupport_fastrtps_c.dir/rosidl_typesupport_fastrtps_c/pkg_interfaces/action/detail/progress__type_support_c.cpp.o[0m
[5.485s] [ 64%] Built target pkg_interfaces__rosidl_typesupport_introspection_c
[5.505s] [ 66%] [32mBuilding CXX object CMakeFiles/pkg_interfaces__rosidl_typesupport_fastrtps_c.dir/rosidl_typesupport_fastrtps_c/pkg_interfaces/msg/detail/person__type_support_c.cpp.o[0m
[5.515s] [ 68%] [32mBuilding CXX object CMakeFiles/pkg_interfaces__rosidl_typesupport_fastrtps_c.dir/rosidl_typesupport_fastrtps_c/pkg_interfaces/srv/detail/add__type_support_c.cpp.o[0m
[5.570s] [ 70%] [32mBuilding CXX object CMakeFiles/pkg_interfaces__rosidl_typesupport_introspection_cpp.dir/rosidl_typesupport_introspection_cpp/pkg_interfaces/srv/detail/add__type_support.cpp.o[0m
[5.978s] [ 72%] [32mBuilding CXX object CMakeFiles/pkg_interfaces__rosidl_typesupport_fastrtps_cpp.dir/rosidl_typesupport_fastrtps_cpp/pkg_interfaces/srv/detail/dds_fastrtps/add__type_support.cpp.o[0m
[6.187s] [ 74%] [32m[1mLinking CXX shared library libpkg_interfaces__rosidl_typesupport_cpp.so[0m
[6.374s] [ 74%] Built target pkg_interfaces__rosidl_typesupport_cpp
[6.486s] [ 75%] [32m[1mLinking CXX shared library libpkg_interfaces__rosidl_typesupport_introspection_cpp.so[0m
[6.640s] [ 75%] Built target pkg_interfaces__rosidl_typesupport_introspection_cpp
[6.699s] [ 77%] [32m[1mLinking CXX shared library libpkg_interfaces__rosidl_typesupport_fastrtps_c.so[0m
[6.791s] [ 77%] Built target pkg_interfaces__rosidl_typesupport_fastrtps_c
[6.892s] [ 79%] [32m[1mLinking CXX shared library libpkg_interfaces__rosidl_typesupport_fastrtps_cpp.so[0m
[6.965s] [ 79%] Built target pkg_interfaces__rosidl_typesupport_fastrtps_cpp
[6.982s] [ 79%] Built target pkg_interfaces
[6.998s] [ 81%] [34m[1mGenerating Python code for ROS interfaces[0m
[7.731s] [ 81%] Built target pkg_interfaces__py
[7.750s] [ 83%] [32mBuilding C object CMakeFiles/pkg_interfaces__rosidl_generator_py.dir/rosidl_generator_py/pkg_interfaces/srv/_add_s.c.o[0m
[7.751s] [ 85%] [32mBuilding C object CMakeFiles/pkg_interfaces__rosidl_generator_py.dir/rosidl_generator_py/pkg_interfaces/action/_progress_s.c.o[0m
[7.751s] [ 87%] [32mBuilding C object CMakeFiles/pkg_interfaces__rosidl_generator_py.dir/rosidl_generator_py/pkg_interfaces/msg/_person_s.c.o[0m
[8.020s] [ 88%] [32m[1mLinking C shared library libpkg_interfaces__rosidl_generator_py.so[0m
[8.062s] [ 88%] Built target pkg_interfaces__rosidl_generator_py
[8.079s] [ 92%] [32mBuilding C object CMakeFiles/pkg_interfaces_s__rosidl_typesupport_fastrtps_c.dir/rosidl_generator_py/pkg_interfaces/_pkg_interfaces_s.ep.rosidl_typesupport_fastrtps_c.c.o[0m
[8.079s] [ 92%] [32mBuilding C object CMakeFiles/pkg_interfaces_s__rosidl_typesupport_c.dir/rosidl_generator_py/pkg_interfaces/_pkg_interfaces_s.ep.rosidl_typesupport_c.c.o[0m
[8.081s] [ 94%] [32mBuilding C object CMakeFiles/pkg_interfaces_s__rosidl_typesupport_introspection_c.dir/rosidl_generator_py/pkg_interfaces/_pkg_interfaces_s.ep.rosidl_typesupport_introspection_c.c.o[0m
[8.279s] [ 96%] [32m[1mLinking C shared module rosidl_generator_py/pkg_interfaces/pkg_interfaces_s__rosidl_typesupport_c.so[0m
[8.284s] [ 98%] [32m[1mLinking C shared module rosidl_generator_py/pkg_interfaces/pkg_interfaces_s__rosidl_typesupport_introspection_c.so[0m
[8.310s] [ 98%] Built target pkg_interfaces_s__rosidl_typesupport_c
[8.316s] [100%] [32m[1mLinking C shared module rosidl_generator_py/pkg_interfaces/pkg_interfaces_s__rosidl_typesupport_fastrtps_c.so[0m
[8.316s] [100%] Built target pkg_interfaces_s__rosidl_typesupport_introspection_c
[8.343s] [100%] Built target pkg_interfaces_s__rosidl_typesupport_fastrtps_c
[8.361s] Invoked command in '/home/atelab/temp/ros2_basic_tut/build/pkg_interfaces' returned '0': CMAKE_PREFIX_PATH=${CMAKE_PREFIX_PATH}:/opt/ros/jazzy DEBUGINFOD_URLS=https://debuginfod.ubuntu.com VIRTUAL_ENV_PROMPT=(venv-ardupilot) /usr/bin/cmake --build /home/atelab/temp/ros2_basic_tut/build/pkg_interfaces -- -j8 -l8
[8.369s] Invoking command in '/home/atelab/temp/ros2_basic_tut/build/pkg_interfaces': CMAKE_PREFIX_PATH=${CMAKE_PREFIX_PATH}:/opt/ros/jazzy DEBUGINFOD_URLS=https://debuginfod.ubuntu.com VIRTUAL_ENV_PROMPT=(venv-ardupilot) /usr/bin/cmake --install /home/atelab/temp/ros2_basic_tut/build/pkg_interfaces
[8.376s] -- Install configuration: ""
[8.376s] -- Installing: /home/atelab/temp/ros2_basic_tut/install/pkg_interfaces/share/ament_index/resource_index/rosidl_interfaces/pkg_interfaces
[8.376s] -- Installing: /home/atelab/temp/ros2_basic_tut/install/pkg_interfaces/share/pkg_interfaces/action/Progress.json
[8.376s] -- Installing: /home/atelab/temp/ros2_basic_tut/install/pkg_interfaces/share/pkg_interfaces/msg/Person.json
[8.376s] -- Installing: /home/atelab/temp/ros2_basic_tut/install/pkg_interfaces/share/pkg_interfaces/srv/Add.json
[8.377s] -- Installing: /home/atelab/temp/ros2_basic_tut/install/pkg_interfaces/include/pkg_interfaces/pkg_interfaces
[8.377s] -- Installing: /home/atelab/temp/ros2_basic_tut/install/pkg_interfaces/include/pkg_interfaces/pkg_interfaces/msg
[8.377s] -- Installing: /home/atelab/temp/ros2_basic_tut/install/pkg_interfaces/include/pkg_interfaces/pkg_interfaces/msg/rosidl_generator_c__visibility_control.h
[8.377s] -- Installing: /home/atelab/temp/ros2_basic_tut/install/pkg_interfaces/include/pkg_interfaces/pkg_interfaces/msg/detail
[8.377s] -- Installing: /home/atelab/temp/ros2_basic_tut/install/pkg_interfaces/include/pkg_interfaces/pkg_interfaces/msg/detail/person__description.c
[8.377s] -- Installing: /home/atelab/temp/ros2_basic_tut/install/pkg_interfaces/include/pkg_interfaces/pkg_interfaces/msg/detail/person__functions.h
[8.377s] -- Installing: /home/atelab/temp/ros2_basic_tut/install/pkg_interfaces/include/pkg_interfaces/pkg_interfaces/msg/detail/person__functions.c
[8.377s] -- Installing: /home/atelab/temp/ros2_basic_tut/install/pkg_interfaces/include/pkg_interfaces/pkg_interfaces/msg/detail/person__type_support.h
[8.377s] -- Installing: /home/atelab/temp/ros2_basic_tut/install/pkg_interfaces/include/pkg_interfaces/pkg_interfaces/msg/detail/person__struct.h
[8.377s] -- Installing: /home/atelab/temp/ros2_basic_tut/install/pkg_interfaces/include/pkg_interfaces/pkg_interfaces/msg/detail/person__type_support.c
[8.377s] -- Installing: /home/atelab/temp/ros2_basic_tut/install/pkg_interfaces/include/pkg_interfaces/pkg_interfaces/msg/person.h
[8.377s] -- Installing: /home/atelab/temp/ros2_basic_tut/install/pkg_interfaces/include/pkg_interfaces/pkg_interfaces/action
[8.377s] -- Installing: /home/atelab/temp/ros2_basic_tut/install/pkg_interfaces/include/pkg_interfaces/pkg_interfaces/action/detail
[8.378s] -- Installing: /home/atelab/temp/ros2_basic_tut/install/pkg_interfaces/include/pkg_interfaces/pkg_interfaces/action/detail/progress__description.c
[8.378s] -- Installing: /home/atelab/temp/ros2_basic_tut/install/pkg_interfaces/include/pkg_interfaces/pkg_interfaces/action/detail/progress__type_support.h
[8.378s] -- Installing: /home/atelab/temp/ros2_basic_tut/install/pkg_interfaces/include/pkg_interfaces/pkg_interfaces/action/detail/progress__functions.h
[8.378s] -- Installing: /home/atelab/temp/ros2_basic_tut/install/pkg_interfaces/include/pkg_interfaces/pkg_interfaces/action/detail/progress__type_support.c
[8.378s] -- Installing: /home/atelab/temp/ros2_basic_tut/install/pkg_interfaces/include/pkg_interfaces/pkg_interfaces/action/detail/progress__functions.c
[8.378s] -- Installing: /home/atelab/temp/ros2_basic_tut/install/pkg_interfaces/include/pkg_interfaces/pkg_interfaces/action/detail/progress__struct.h
[8.378s] -- Installing: /home/atelab/temp/ros2_basic_tut/install/pkg_interfaces/include/pkg_interfaces/pkg_interfaces/action/progress.h
[8.378s] -- Installing: /home/atelab/temp/ros2_basic_tut/install/pkg_interfaces/include/pkg_interfaces/pkg_interfaces/srv
[8.378s] -- Installing: /home/atelab/temp/ros2_basic_tut/install/pkg_interfaces/include/pkg_interfaces/pkg_interfaces/srv/detail
[8.378s] -- Installing: /home/atelab/temp/ros2_basic_tut/install/pkg_interfaces/include/pkg_interfaces/pkg_interfaces/srv/detail/add__struct.h
[8.378s] -- Installing: /home/atelab/temp/ros2_basic_tut/install/pkg_interfaces/include/pkg_interfaces/pkg_interfaces/srv/detail/add__description.c
[8.379s] -- Installing: /home/atelab/temp/ros2_basic_tut/install/pkg_interfaces/include/pkg_interfaces/pkg_interfaces/srv/detail/add__type_support.h
[8.379s] -- Installing: /home/atelab/temp/ros2_basic_tut/install/pkg_interfaces/include/pkg_interfaces/pkg_interfaces/srv/detail/add__type_support.c
[8.379s] -- Installing: /home/atelab/temp/ros2_basic_tut/install/pkg_interfaces/include/pkg_interfaces/pkg_interfaces/srv/detail/add__functions.h
[8.379s] -- Installing: /home/atelab/temp/ros2_basic_tut/install/pkg_interfaces/include/pkg_interfaces/pkg_interfaces/srv/detail/add__functions.c
[8.379s] -- Installing: /home/atelab/temp/ros2_basic_tut/install/pkg_interfaces/include/pkg_interfaces/pkg_interfaces/srv/add.h
[8.379s] -- Installing: /home/atelab/temp/ros2_basic_tut/install/pkg_interfaces/share/pkg_interfaces/environment/library_path.sh
[8.379s] -- Installing: /home/atelab/temp/ros2_basic_tut/install/pkg_interfaces/share/pkg_interfaces/environment/library_path.dsv
[8.379s] -- Installing: /home/atelab/temp/ros2_basic_tut/install/pkg_interfaces/lib/libpkg_interfaces__rosidl_generator_c.so
[8.380s] -- Set non-toolchain portion of runtime path of "/home/atelab/temp/ros2_basic_tut/install/pkg_interfaces/lib/libpkg_interfaces__rosidl_generator_c.so" to ""
[8.380s] -- Up-to-date: /home/atelab/temp/ros2_basic_tut/install/pkg_interfaces/include/pkg_interfaces/pkg_interfaces
[8.380s] -- Up-to-date: /home/atelab/temp/ros2_basic_tut/install/pkg_interfaces/include/pkg_interfaces/pkg_interfaces/msg
[8.380s] -- Up-to-date: /home/atelab/temp/ros2_basic_tut/install/pkg_interfaces/include/pkg_interfaces/pkg_interfaces/msg/detail
[8.380s] -- Installing: /home/atelab/temp/ros2_basic_tut/install/pkg_interfaces/include/pkg_interfaces/pkg_interfaces/msg/detail/person__rosidl_typesupport_fastrtps_c.h
[8.380s] -- Installing: /home/atelab/temp/ros2_basic_tut/install/pkg_interfaces/include/pkg_interfaces/pkg_interfaces/msg/rosidl_typesupport_fastrtps_c__visibility_control.h
[8.380s] -- Up-to-date: /home/atelab/temp/ros2_basic_tut/install/pkg_interfaces/include/pkg_interfaces/pkg_interfaces/action
[8.380s] -- Up-to-date: /home/atelab/temp/ros2_basic_tut/install/pkg_interfaces/include/pkg_interfaces/pkg_interfaces/action/detail
[8.380s] -- Installing: /home/atelab/temp/ros2_basic_tut/install/pkg_interfaces/include/pkg_interfaces/pkg_interfaces/action/detail/progress__rosidl_typesupport_fastrtps_c.h
[8.380s] -- Up-to-date: /home/atelab/temp/ros2_basic_tut/install/pkg_interfaces/include/pkg_interfaces/pkg_interfaces/srv
[8.380s] -- Up-to-date: /home/atelab/temp/ros2_basic_tut/install/pkg_interfaces/include/pkg_interfaces/pkg_interfaces/srv/detail
[8.380s] -- Installing: /home/atelab/temp/ros2_basic_tut/install/pkg_interfaces/include/pkg_interfaces/pkg_interfaces/srv/detail/add__rosidl_typesupport_fastrtps_c.h
[8.380s] -- Installing: /home/atelab/temp/ros2_basic_tut/install/pkg_interfaces/lib/libpkg_interfaces__rosidl_typesupport_fastrtps_c.so
[8.380s] -- Set non-toolchain portion of runtime path of "/home/atelab/temp/ros2_basic_tut/install/pkg_interfaces/lib/libpkg_interfaces__rosidl_typesupport_fastrtps_c.so" to ""
[8.381s] -- Up-to-date: /home/atelab/temp/ros2_basic_tut/install/pkg_interfaces/include/pkg_interfaces/pkg_interfaces
[8.381s] -- Up-to-date: /home/atelab/temp/ros2_basic_tut/install/pkg_interfaces/include/pkg_interfaces/pkg_interfaces/msg
[8.381s] -- Up-to-date: /home/atelab/temp/ros2_basic_tut/install/pkg_interfaces/include/pkg_interfaces/pkg_interfaces/msg/detail
[8.381s] -- Installing: /home/atelab/temp/ros2_basic_tut/install/pkg_interfaces/include/pkg_interfaces/pkg_interfaces/msg/detail/person__rosidl_typesupport_introspection_c.h
[8.381s] -- Installing: /home/atelab/temp/ros2_basic_tut/install/pkg_interfaces/include/pkg_interfaces/pkg_interfaces/msg/detail/person__type_support.c
[8.381s] -- Installing: /home/atelab/temp/ros2_basic_tut/install/pkg_interfaces/include/pkg_interfaces/pkg_interfaces/msg/rosidl_typesupport_introspection_c__visibility_control.h
[8.381s] -- Up-to-date: /home/atelab/temp/ros2_basic_tut/install/pkg_interfaces/include/pkg_interfaces/pkg_interfaces/action
[8.381s] -- Up-to-date: /home/atelab/temp/ros2_basic_tut/install/pkg_interfaces/include/pkg_interfaces/pkg_interfaces/action/detail
[8.381s] -- Installing: /home/atelab/temp/ros2_basic_tut/install/pkg_interfaces/include/pkg_interfaces/pkg_interfaces/action/detail/progress__type_support.c
[8.381s] -- Installing: /home/atelab/temp/ros2_basic_tut/install/pkg_interfaces/include/pkg_interfaces/pkg_interfaces/action/detail/progress__rosidl_typesupport_introspection_c.h
[8.381s] -- Up-to-date: /home/atelab/temp/ros2_basic_tut/install/pkg_interfaces/include/pkg_interfaces/pkg_interfaces/srv
[8.381s] -- Up-to-date: /home/atelab/temp/ros2_basic_tut/install/pkg_interfaces/include/pkg_interfaces/pkg_interfaces/srv/detail
[8.381s] -- Installing: /home/atelab/temp/ros2_basic_tut/install/pkg_interfaces/include/pkg_interfaces/pkg_interfaces/srv/detail/add__rosidl_typesupport_introspection_c.h
[8.381s] -- Installing: /home/atelab/temp/ros2_basic_tut/install/pkg_interfaces/include/pkg_interfaces/pkg_interfaces/srv/detail/add__type_support.c
[8.381s] -- Installing: /home/atelab/temp/ros2_basic_tut/install/pkg_interfaces/lib/libpkg_interfaces__rosidl_typesupport_introspection_c.so
[8.381s] -- Set non-toolchain portion of runtime path of "/home/atelab/temp/ros2_basic_tut/install/pkg_interfaces/lib/libpkg_interfaces__rosidl_typesupport_introspection_c.so" to ""
[8.382s] -- Installing: /home/atelab/temp/ros2_basic_tut/install/pkg_interfaces/lib/libpkg_interfaces__rosidl_typesupport_c.so
[8.382s] -- Set non-toolchain portion of runtime path of "/home/atelab/temp/ros2_basic_tut/install/pkg_interfaces/lib/libpkg_interfaces__rosidl_typesupport_c.so" to ""
[8.382s] -- Up-to-date: /home/atelab/temp/ros2_basic_tut/install/pkg_interfaces/include/pkg_interfaces/pkg_interfaces
[8.382s] -- Up-to-date: /home/atelab/temp/ros2_basic_tut/install/pkg_interfaces/include/pkg_interfaces/pkg_interfaces/msg
[8.382s] -- Installing: /home/atelab/temp/ros2_basic_tut/install/pkg_interfaces/include/pkg_interfaces/pkg_interfaces/msg/person.hpp
[8.382s] -- Up-to-date: /home/atelab/temp/ros2_basic_tut/install/pkg_interfaces/include/pkg_interfaces/pkg_interfaces/msg/detail
[8.382s] -- Installing: /home/atelab/temp/ros2_basic_tut/install/pkg_interfaces/include/pkg_interfaces/pkg_interfaces/msg/detail/person__type_support.hpp
[8.382s] -- Installing: /home/atelab/temp/ros2_basic_tut/install/pkg_interfaces/include/pkg_interfaces/pkg_interfaces/msg/detail/person__builder.hpp
[8.382s] -- Installing: /home/atelab/temp/ros2_basic_tut/install/pkg_interfaces/include/pkg_interfaces/pkg_interfaces/msg/detail/person__struct.hpp
[8.382s] -- Installing: /home/atelab/temp/ros2_basic_tut/install/pkg_interfaces/include/pkg_interfaces/pkg_interfaces/msg/detail/person__traits.hpp
[8.382s] -- Installing: /home/atelab/temp/ros2_basic_tut/install/pkg_interfaces/include/pkg_interfaces/pkg_interfaces/msg/rosidl_generator_cpp__visibility_control.hpp
[8.382s] -- Up-to-date: /home/atelab/temp/ros2_basic_tut/install/pkg_interfaces/include/pkg_interfaces/pkg_interfaces/action
[8.382s] -- Up-to-date: /home/atelab/temp/ros2_basic_tut/install/pkg_interfaces/include/pkg_interfaces/pkg_interfaces/action/detail
[8.382s] -- Installing: /home/atelab/temp/ros2_basic_tut/install/pkg_interfaces/include/pkg_interfaces/pkg_interfaces/action/detail/progress__traits.hpp
[8.382s] -- Installing: /home/atelab/temp/ros2_basic_tut/install/pkg_interfaces/include/pkg_interfaces/pkg_interfaces/action/detail/progress__struct.hpp
[8.382s] -- Installing: /home/atelab/temp/ros2_basic_tut/install/pkg_interfaces/include/pkg_interfaces/pkg_interfaces/action/detail/progress__type_support.hpp
[8.383s] -- Installing: /home/atelab/temp/ros2_basic_tut/install/pkg_interfaces/include/pkg_interfaces/pkg_interfaces/action/detail/progress__builder.hpp
[8.383s] -- Installing: /home/atelab/temp/ros2_basic_tut/install/pkg_interfaces/include/pkg_interfaces/pkg_interfaces/action/progress.hpp
[8.383s] -- Up-to-date: /home/atelab/temp/ros2_basic_tut/install/pkg_interfaces/include/pkg_interfaces/pkg_interfaces/srv
[8.383s] -- Up-to-date: /home/atelab/temp/ros2_basic_tut/install/pkg_interfaces/include/pkg_interfaces/pkg_interfaces/srv/detail
[8.383s] -- Installing: /home/atelab/temp/ros2_basic_tut/install/pkg_interfaces/include/pkg_interfaces/pkg_interfaces/srv/detail/add__type_support.hpp
[8.383s] -- Installing: /home/atelab/temp/ros2_basic_tut/install/pkg_interfaces/include/pkg_interfaces/pkg_interfaces/srv/detail/add__builder.hpp
[8.383s] -- Installing: /home/atelab/temp/ros2_basic_tut/install/pkg_interfaces/include/pkg_interfaces/pkg_interfaces/srv/detail/add__struct.hpp
[8.383s] -- Installing: /home/atelab/temp/ros2_basic_tut/install/pkg_interfaces/include/pkg_interfaces/pkg_interfaces/srv/detail/add__traits.hpp
[8.383s] -- Installing: /home/atelab/temp/ros2_basic_tut/install/pkg_interfaces/include/pkg_interfaces/pkg_interfaces/srv/add.hpp
[8.383s] -- Up-to-date: /home/atelab/temp/ros2_basic_tut/install/pkg_interfaces/include/pkg_interfaces/pkg_interfaces
[8.383s] -- Up-to-date: /home/atelab/temp/ros2_basic_tut/install/pkg_interfaces/include/pkg_interfaces/pkg_interfaces/msg
[8.383s] -- Installing: /home/atelab/temp/ros2_basic_tut/install/pkg_interfaces/include/pkg_interfaces/pkg_interfaces/msg/rosidl_typesupport_fastrtps_cpp__visibility_control.h
[8.383s] -- Up-to-date: /home/atelab/temp/ros2_basic_tut/install/pkg_interfaces/include/pkg_interfaces/pkg_interfaces/msg/detail
[8.383s] -- Installing: /home/atelab/temp/ros2_basic_tut/install/pkg_interfaces/include/pkg_interfaces/pkg_interfaces/msg/detail/person__rosidl_typesupport_fastrtps_cpp.hpp
[8.383s] -- Installing: /home/atelab/temp/ros2_basic_tut/install/pkg_interfaces/include/pkg_interfaces/pkg_interfaces/msg/detail/dds_fastrtps
[8.383s] -- Up-to-date: /home/atelab/temp/ros2_basic_tut/install/pkg_interfaces/include/pkg_interfaces/pkg_interfaces/action
[8.383s] -- Up-to-date: /home/atelab/temp/ros2_basic_tut/install/pkg_interfaces/include/pkg_interfaces/pkg_interfaces/action/detail
[8.384s] -- Installing: /home/atelab/temp/ros2_basic_tut/install/pkg_interfaces/include/pkg_interfaces/pkg_interfaces/action/detail/progress__rosidl_typesupport_fastrtps_cpp.hpp
[8.384s] -- Installing: /home/atelab/temp/ros2_basic_tut/install/pkg_interfaces/include/pkg_interfaces/pkg_interfaces/action/detail/dds_fastrtps
[8.384s] -- Up-to-date: /home/atelab/temp/ros2_basic_tut/install/pkg_interfaces/include/pkg_interfaces/pkg_interfaces/srv
[8.384s] -- Up-to-date: /home/atelab/temp/ros2_basic_tut/install/pkg_interfaces/include/pkg_interfaces/pkg_interfaces/srv/detail
[8.384s] -- Installing: /home/atelab/temp/ros2_basic_tut/install/pkg_interfaces/include/pkg_interfaces/pkg_interfaces/srv/detail/add__rosidl_typesupport_fastrtps_cpp.hpp
[8.384s] -- Installing: /home/atelab/temp/ros2_basic_tut/install/pkg_interfaces/include/pkg_interfaces/pkg_interfaces/srv/detail/dds_fastrtps
[8.384s] -- Installing: /home/atelab/temp/ros2_basic_tut/install/pkg_interfaces/lib/libpkg_interfaces__rosidl_typesupport_fastrtps_cpp.so
[8.384s] -- Set non-toolchain portion of runtime path of "/home/atelab/temp/ros2_basic_tut/install/pkg_interfaces/lib/libpkg_interfaces__rosidl_typesupport_fastrtps_cpp.so" to ""
[8.384s] -- Up-to-date: /home/atelab/temp/ros2_basic_tut/install/pkg_interfaces/include/pkg_interfaces/pkg_interfaces
[8.384s] -- Up-to-date: /home/atelab/temp/ros2_basic_tut/install/pkg_interfaces/include/pkg_interfaces/pkg_interfaces/msg
[8.384s] -- Up-to-date: /home/atelab/temp/ros2_basic_tut/install/pkg_interfaces/include/pkg_interfaces/pkg_interfaces/msg/detail
[8.384s] -- Installing: /home/atelab/temp/ros2_basic_tut/install/pkg_interfaces/include/pkg_interfaces/pkg_interfaces/msg/detail/person__rosidl_typesupport_introspection_cpp.hpp
[8.384s] -- Installing: /home/atelab/temp/ros2_basic_tut/install/pkg_interfaces/include/pkg_interfaces/pkg_interfaces/msg/detail/person__type_support.cpp
[8.384s] -- Up-to-date: /home/atelab/temp/ros2_basic_tut/install/pkg_interfaces/include/pkg_interfaces/pkg_interfaces/action
[8.385s] -- Up-to-date: /home/atelab/temp/ros2_basic_tut/install/pkg_interfaces/include/pkg_interfaces/pkg_interfaces/action/detail
[8.385s] -- Installing: /home/atelab/temp/ros2_basic_tut/install/pkg_interfaces/include/pkg_interfaces/pkg_interfaces/action/detail/progress__type_support.cpp
[8.385s] -- Installing: /home/atelab/temp/ros2_basic_tut/install/pkg_interfaces/include/pkg_interfaces/pkg_interfaces/action/detail/progress__rosidl_typesupport_introspection_cpp.hpp
[8.385s] -- Up-to-date: /home/atelab/temp/ros2_basic_tut/install/pkg_interfaces/include/pkg_interfaces/pkg_interfaces/srv
[8.385s] -- Up-to-date: /home/atelab/temp/ros2_basic_tut/install/pkg_interfaces/include/pkg_interfaces/pkg_interfaces/srv/detail
[8.385s] -- Installing: /home/atelab/temp/ros2_basic_tut/install/pkg_interfaces/include/pkg_interfaces/pkg_interfaces/srv/detail/add__type_support.cpp
[8.385s] -- Installing: /home/atelab/temp/ros2_basic_tut/install/pkg_interfaces/include/pkg_interfaces/pkg_interfaces/srv/detail/add__rosidl_typesupport_introspection_cpp.hpp
[8.385s] -- Installing: /home/atelab/temp/ros2_basic_tut/install/pkg_interfaces/lib/libpkg_interfaces__rosidl_typesupport_introspection_cpp.so
[8.385s] -- Set non-toolchain portion of runtime path of "/home/atelab/temp/ros2_basic_tut/install/pkg_interfaces/lib/libpkg_interfaces__rosidl_typesupport_introspection_cpp.so" to ""
[8.385s] -- Installing: /home/atelab/temp/ros2_basic_tut/install/pkg_interfaces/lib/libpkg_interfaces__rosidl_typesupport_cpp.so
[8.386s] -- Set non-toolchain portion of runtime path of "/home/atelab/temp/ros2_basic_tut/install/pkg_interfaces/lib/libpkg_interfaces__rosidl_typesupport_cpp.so" to ""
[8.386s] -- Installing: /home/atelab/temp/ros2_basic_tut/install/pkg_interfaces/share/pkg_interfaces/environment/pythonpath.sh
[8.386s] -- Installing: /home/atelab/temp/ros2_basic_tut/install/pkg_interfaces/share/pkg_interfaces/environment/pythonpath.dsv
[8.386s] -- Installing: /home/atelab/temp/ros2_basic_tut/install/pkg_interfaces/lib/python3.12/site-packages/pkg_interfaces-0.0.0-py3.12.egg-info
[8.386s] -- Installing: /home/atelab/temp/ros2_basic_tut/install/pkg_interfaces/lib/python3.12/site-packages/pkg_interfaces-0.0.0-py3.12.egg-info/dependency_links.txt
[8.386s] -- Installing: /home/atelab/temp/ros2_basic_tut/install/pkg_interfaces/lib/python3.12/site-packages/pkg_interfaces-0.0.0-py3.12.egg-info/SOURCES.txt
[8.386s] -- Installing: /home/atelab/temp/ros2_basic_tut/install/pkg_interfaces/lib/python3.12/site-packages/pkg_interfaces-0.0.0-py3.12.egg-info/top_level.txt
[8.386s] -- Installing: /home/atelab/temp/ros2_basic_tut/install/pkg_interfaces/lib/python3.12/site-packages/pkg_interfaces-0.0.0-py3.12.egg-info/PKG-INFO
[8.386s] -- Installing: /home/atelab/temp/ros2_basic_tut/install/pkg_interfaces/lib/python3.12/site-packages/pkg_interfaces
[8.386s] -- Installing: /home/atelab/temp/ros2_basic_tut/install/pkg_interfaces/lib/python3.12/site-packages/pkg_interfaces/_pkg_interfaces_s.ep.rosidl_typesupport_introspection_c.c
[8.387s] -- Installing: /home/atelab/temp/ros2_basic_tut/install/pkg_interfaces/lib/python3.12/site-packages/pkg_interfaces/msg
[8.387s] -- Installing: /home/atelab/temp/ros2_basic_tut/install/pkg_interfaces/lib/python3.12/site-packages/pkg_interfaces/msg/_person.py
[8.387s] -- Installing: /home/atelab/temp/ros2_basic_tut/install/pkg_interfaces/lib/python3.12/site-packages/pkg_interfaces/msg/__init__.py
[8.387s] -- Installing: /home/atelab/temp/ros2_basic_tut/install/pkg_interfaces/lib/python3.12/site-packages/pkg_interfaces/msg/_person_s.c
[8.387s] -- Installing: /home/atelab/temp/ros2_basic_tut/install/pkg_interfaces/lib/python3.12/site-packages/pkg_interfaces/_pkg_interfaces_s.ep.rosidl_typesupport_fastrtps_c.c
[8.387s] -- Installing: /home/atelab/temp/ros2_basic_tut/install/pkg_interfaces/lib/python3.12/site-packages/pkg_interfaces/_pkg_interfaces_s.ep.rosidl_typesupport_c.c
[8.387s] -- Installing: /home/atelab/temp/ros2_basic_tut/install/pkg_interfaces/lib/python3.12/site-packages/pkg_interfaces/pkg_interfaces_s__rosidl_typesupport_fastrtps_c.so
[8.387s] -- Installing: /home/atelab/temp/ros2_basic_tut/install/pkg_interfaces/lib/python3.12/site-packages/pkg_interfaces/pkg_interfaces_s__rosidl_typesupport_introspection_c.so
[8.387s] -- Installing: /home/atelab/temp/ros2_basic_tut/install/pkg_interfaces/lib/python3.12/site-packages/pkg_interfaces/action
[8.387s] -- Installing: /home/atelab/temp/ros2_basic_tut/install/pkg_interfaces/lib/python3.12/site-packages/pkg_interfaces/action/_progress.py
[8.387s] -- Installing: /home/atelab/temp/ros2_basic_tut/install/pkg_interfaces/lib/python3.12/site-packages/pkg_interfaces/action/__init__.py
[8.387s] -- Installing: /home/atelab/temp/ros2_basic_tut/install/pkg_interfaces/lib/python3.12/site-packages/pkg_interfaces/action/_progress_s.c
[8.388s] -- Installing: /home/atelab/temp/ros2_basic_tut/install/pkg_interfaces/lib/python3.12/site-packages/pkg_interfaces/srv
[8.388s] -- Installing: /home/atelab/temp/ros2_basic_tut/install/pkg_interfaces/lib/python3.12/site-packages/pkg_interfaces/srv/_add.py
[8.388s] -- Installing: /home/atelab/temp/ros2_basic_tut/install/pkg_interfaces/lib/python3.12/site-packages/pkg_interfaces/srv/_add_s.c
[8.388s] -- Installing: /home/atelab/temp/ros2_basic_tut/install/pkg_interfaces/lib/python3.12/site-packages/pkg_interfaces/srv/__init__.py
[8.388s] -- Installing: /home/atelab/temp/ros2_basic_tut/install/pkg_interfaces/lib/python3.12/site-packages/pkg_interfaces/pkg_interfaces_s__rosidl_typesupport_c.so
[8.388s] -- Installing: /home/atelab/temp/ros2_basic_tut/install/pkg_interfaces/lib/python3.12/site-packages/pkg_interfaces/__init__.py
[8.428s] Listing '/home/atelab/temp/ros2_basic_tut/install/pkg_interfaces/lib/python3.12/site-packages/pkg_interfaces'...
[8.428s] Compiling '/home/atelab/temp/ros2_basic_tut/install/pkg_interfaces/lib/python3.12/site-packages/pkg_interfaces/__init__.py'...
[8.428s] Listing '/home/atelab/temp/ros2_basic_tut/install/pkg_interfaces/lib/python3.12/site-packages/pkg_interfaces/action'...
[8.428s] Compiling '/home/atelab/temp/ros2_basic_tut/install/pkg_interfaces/lib/python3.12/site-packages/pkg_interfaces/action/__init__.py'...
[8.428s] Compiling '/home/atelab/temp/ros2_basic_tut/install/pkg_interfaces/lib/python3.12/site-packages/pkg_interfaces/action/_progress.py'...
[8.428s] Listing '/home/atelab/temp/ros2_basic_tut/install/pkg_interfaces/lib/python3.12/site-packages/pkg_interfaces/msg'...
[8.428s] Compiling '/home/atelab/temp/ros2_basic_tut/install/pkg_interfaces/lib/python3.12/site-packages/pkg_interfaces/msg/__init__.py'...
[8.429s] Compiling '/home/atelab/temp/ros2_basic_tut/install/pkg_interfaces/lib/python3.12/site-packages/pkg_interfaces/msg/_person.py'...
[8.429s] Listing '/home/atelab/temp/ros2_basic_tut/install/pkg_interfaces/lib/python3.12/site-packages/pkg_interfaces/srv'...
[8.429s] Compiling '/home/atelab/temp/ros2_basic_tut/install/pkg_interfaces/lib/python3.12/site-packages/pkg_interfaces/srv/__init__.py'...
[8.429s] Compiling '/home/atelab/temp/ros2_basic_tut/install/pkg_interfaces/lib/python3.12/site-packages/pkg_interfaces/srv/_add.py'...
[8.433s] -- Installing: /home/atelab/temp/ros2_basic_tut/install/pkg_interfaces/lib/python3.12/site-packages/pkg_interfaces/pkg_interfaces_s__rosidl_typesupport_fastrtps_c.so
[8.433s] -- Set non-toolchain portion of runtime path of "/home/atelab/temp/ros2_basic_tut/install/pkg_interfaces/lib/python3.12/site-packages/pkg_interfaces/pkg_interfaces_s__rosidl_typesupport_fastrtps_c.so" to ""
[8.433s] -- Installing: /home/atelab/temp/ros2_basic_tut/install/pkg_interfaces/lib/python3.12/site-packages/pkg_interfaces/pkg_interfaces_s__rosidl_typesupport_introspection_c.so
[8.434s] -- Set non-toolchain portion of runtime path of "/home/atelab/temp/ros2_basic_tut/install/pkg_interfaces/lib/python3.12/site-packages/pkg_interfaces/pkg_interfaces_s__rosidl_typesupport_introspection_c.so" to ""
[8.434s] -- Installing: /home/atelab/temp/ros2_basic_tut/install/pkg_interfaces/lib/python3.12/site-packages/pkg_interfaces/pkg_interfaces_s__rosidl_typesupport_c.so
[8.434s] -- Set non-toolchain portion of runtime path of "/home/atelab/temp/ros2_basic_tut/install/pkg_interfaces/lib/python3.12/site-packages/pkg_interfaces/pkg_interfaces_s__rosidl_typesupport_c.so" to ""
[8.434s] -- Installing: /home/atelab/temp/ros2_basic_tut/install/pkg_interfaces/lib/libpkg_interfaces__rosidl_generator_py.so
[8.434s] -- Set non-toolchain portion of runtime path of "/home/atelab/temp/ros2_basic_tut/install/pkg_interfaces/lib/libpkg_interfaces__rosidl_generator_py.so" to ""
[8.434s] -- Installing: /home/atelab/temp/ros2_basic_tut/install/pkg_interfaces/share/pkg_interfaces/action/Progress.idl
[8.435s] -- Installing: /home/atelab/temp/ros2_basic_tut/install/pkg_interfaces/share/pkg_interfaces/msg/Person.idl
[8.435s] -- Installing: /home/atelab/temp/ros2_basic_tut/install/pkg_interfaces/share/pkg_interfaces/srv/Add.idl
[8.435s] -- Installing: /home/atelab/temp/ros2_basic_tut/install/pkg_interfaces/share/pkg_interfaces/action/Progress.action
[8.435s] -- Installing: /home/atelab/temp/ros2_basic_tut/install/pkg_interfaces/share/pkg_interfaces/msg/Person.msg
[8.435s] -- Installing: /home/atelab/temp/ros2_basic_tut/install/pkg_interfaces/share/pkg_interfaces/srv/Add.srv
[8.435s] -- Installing: /home/atelab/temp/ros2_basic_tut/install/pkg_interfaces/share/ament_index/resource_index/package_run_dependencies/pkg_interfaces
[8.435s] -- Installing: /home/atelab/temp/ros2_basic_tut/install/pkg_interfaces/share/ament_index/resource_index/parent_prefix_path/pkg_interfaces
[8.435s] -- Installing: /home/atelab/temp/ros2_basic_tut/install/pkg_interfaces/share/pkg_interfaces/environment/ament_prefix_path.sh
[8.435s] -- Installing: /home/atelab/temp/ros2_basic_tut/install/pkg_interfaces/share/pkg_interfaces/environment/ament_prefix_path.dsv
[8.435s] -- Installing: /home/atelab/temp/ros2_basic_tut/install/pkg_interfaces/share/pkg_interfaces/environment/path.sh
[8.436s] -- Installing: /home/atelab/temp/ros2_basic_tut/install/pkg_interfaces/share/pkg_interfaces/environment/path.dsv
[8.436s] -- Installing: /home/atelab/temp/ros2_basic_tut/install/pkg_interfaces/share/pkg_interfaces/local_setup.bash
[8.436s] -- Installing: /home/atelab/temp/ros2_basic_tut/install/pkg_interfaces/share/pkg_interfaces/local_setup.sh
[8.436s] -- Installing: /home/atelab/temp/ros2_basic_tut/install/pkg_interfaces/share/pkg_interfaces/local_setup.zsh
[8.436s] -- Installing: /home/atelab/temp/ros2_basic_tut/install/pkg_interfaces/share/pkg_interfaces/local_setup.dsv
[8.436s] -- Installing: /home/atelab/temp/ros2_basic_tut/install/pkg_interfaces/share/pkg_interfaces/package.dsv
[8.436s] -- Installing: /home/atelab/temp/ros2_basic_tut/install/pkg_interfaces/share/ament_index/resource_index/packages/pkg_interfaces
[8.436s] -- Installing: /home/atelab/temp/ros2_basic_tut/install/pkg_interfaces/share/pkg_interfaces/cmake/export_pkg_interfaces__rosidl_generator_cExport.cmake
[8.436s] -- Installing: /home/atelab/temp/ros2_basic_tut/install/pkg_interfaces/share/pkg_interfaces/cmake/export_pkg_interfaces__rosidl_generator_cExport-noconfig.cmake
[8.436s] -- Installing: /home/atelab/temp/ros2_basic_tut/install/pkg_interfaces/share/pkg_interfaces/cmake/export_pkg_interfaces__rosidl_typesupport_fastrtps_cExport.cmake
[8.437s] -- Installing: /home/atelab/temp/ros2_basic_tut/install/pkg_interfaces/share/pkg_interfaces/cmake/export_pkg_interfaces__rosidl_typesupport_fastrtps_cExport-noconfig.cmake
[8.437s] -- Installing: /home/atelab/temp/ros2_basic_tut/install/pkg_interfaces/share/pkg_interfaces/cmake/pkg_interfaces__rosidl_typesupport_introspection_cExport.cmake
[8.437s] -- Installing: /home/atelab/temp/ros2_basic_tut/install/pkg_interfaces/share/pkg_interfaces/cmake/pkg_interfaces__rosidl_typesupport_introspection_cExport-noconfig.cmake
[8.437s] -- Installing: /home/atelab/temp/ros2_basic_tut/install/pkg_interfaces/share/pkg_interfaces/cmake/pkg_interfaces__rosidl_typesupport_cExport.cmake
[8.437s] -- Installing: /home/atelab/temp/ros2_basic_tut/install/pkg_interfaces/share/pkg_interfaces/cmake/pkg_interfaces__rosidl_typesupport_cExport-noconfig.cmake
[8.437s] -- Installing: /home/atelab/temp/ros2_basic_tut/install/pkg_interfaces/share/pkg_interfaces/cmake/export_pkg_interfaces__rosidl_generator_cppExport.cmake
[8.437s] -- Installing: /home/atelab/temp/ros2_basic_tut/install/pkg_interfaces/share/pkg_interfaces/cmake/export_pkg_interfaces__rosidl_typesupport_fastrtps_cppExport.cmake
[8.437s] -- Installing: /home/atelab/temp/ros2_basic_tut/install/pkg_interfaces/share/pkg_interfaces/cmake/export_pkg_interfaces__rosidl_typesupport_fastrtps_cppExport-noconfig.cmake
[8.437s] -- Installing: /home/atelab/temp/ros2_basic_tut/install/pkg_interfaces/share/pkg_interfaces/cmake/pkg_interfaces__rosidl_typesupport_introspection_cppExport.cmake
[8.437s] -- Installing: /home/atelab/temp/ros2_basic_tut/install/pkg_interfaces/share/pkg_interfaces/cmake/pkg_interfaces__rosidl_typesupport_introspection_cppExport-noconfig.cmake
[8.437s] -- Installing: /home/atelab/temp/ros2_basic_tut/install/pkg_interfaces/share/pkg_interfaces/cmake/pkg_interfaces__rosidl_typesupport_cppExport.cmake
[8.438s] -- Installing: /home/atelab/temp/ros2_basic_tut/install/pkg_interfaces/share/pkg_interfaces/cmake/pkg_interfaces__rosidl_typesupport_cppExport-noconfig.cmake
[8.438s] -- Installing: /home/atelab/temp/ros2_basic_tut/install/pkg_interfaces/share/pkg_interfaces/cmake/export_pkg_interfaces__rosidl_generator_pyExport.cmake
[8.438s] -- Installing: /home/atelab/temp/ros2_basic_tut/install/pkg_interfaces/share/pkg_interfaces/cmake/export_pkg_interfaces__rosidl_generator_pyExport-noconfig.cmake
[8.438s] -- Installing: /home/atelab/temp/ros2_basic_tut/install/pkg_interfaces/share/pkg_interfaces/cmake/rosidl_cmake-extras.cmake
[8.438s] -- Installing: /home/atelab/temp/ros2_basic_tut/install/pkg_interfaces/share/pkg_interfaces/cmake/ament_cmake_export_dependencies-extras.cmake
[8.438s] -- Installing: /home/atelab/temp/ros2_basic_tut/install/pkg_interfaces/share/pkg_interfaces/cmake/ament_cmake_export_include_directories-extras.cmake
[8.438s] -- Installing: /home/atelab/temp/ros2_basic_tut/install/pkg_interfaces/share/pkg_interfaces/cmake/ament_cmake_export_libraries-extras.cmake
[8.438s] -- Installing: /home/atelab/temp/ros2_basic_tut/install/pkg_interfaces/share/pkg_interfaces/cmake/ament_cmake_export_targets-extras.cmake
[8.438s] -- Installing: /home/atelab/temp/ros2_basic_tut/install/pkg_interfaces/share/pkg_interfaces/cmake/rosidl_cmake_export_typesupport_targets-extras.cmake
[8.438s] -- Installing: /home/atelab/temp/ros2_basic_tut/install/pkg_interfaces/share/pkg_interfaces/cmake/rosidl_cmake_export_typesupport_libraries-extras.cmake
[8.439s] -- Installing: /home/atelab/temp/ros2_basic_tut/install/pkg_interfaces/share/pkg_interfaces/cmake/pkg_interfacesConfig.cmake
[8.439s] -- Installing: /home/atelab/temp/ros2_basic_tut/install/pkg_interfaces/share/pkg_interfaces/cmake/pkg_interfacesConfig-version.cmake
[8.439s] -- Installing: /home/atelab/temp/ros2_basic_tut/install/pkg_interfaces/share/pkg_interfaces/package.xml
[8.441s] Invoked command in '/home/atelab/temp/ros2_basic_tut/build/pkg_interfaces' returned '0': CMAKE_PREFIX_PATH=${CMAKE_PREFIX_PATH}:/opt/ros/jazzy DEBUGINFOD_URLS=https://debuginfod.ubuntu.com VIRTUAL_ENV_PROMPT=(venv-ardupilot) /usr/bin/cmake --install /home/atelab/temp/ros2_basic_tut/build/pkg_interfaces
