running egg_info
creating ../../build/pkg_topic/pkg_topic.egg-info
writing ../../build/pkg_topic/pkg_topic.egg-info/PKG-INFO
writing dependency_links to ../../build/pkg_topic/pkg_topic.egg-info/dependency_links.txt
writing entry points to ../../build/pkg_topic/pkg_topic.egg-info/entry_points.txt
writing requirements to ../../build/pkg_topic/pkg_topic.egg-info/requires.txt
writing top-level names to ../../build/pkg_topic/pkg_topic.egg-info/top_level.txt
writing manifest file '../../build/pkg_topic/pkg_topic.egg-info/SOURCES.txt'
reading manifest file '../../build/pkg_topic/pkg_topic.egg-info/SOURCES.txt'
writing manifest file '../../build/pkg_topic/pkg_topic.egg-info/SOURCES.txt'
running build
running build_py
creating /home/atelab/temp/ros2_basic_tut/build/pkg_topic/build
creating /home/atelab/temp/ros2_basic_tut/build/pkg_topic/build/lib
creating /home/atelab/temp/ros2_basic_tut/build/pkg_topic/build/lib/pkg_topic
copying pkg_topic/subscriber_demo.py -> /home/atelab/temp/ros2_basic_tut/build/pkg_topic/build/lib/pkg_topic
copying pkg_topic/__init__.py -> /home/atelab/temp/ros2_basic_tut/build/pkg_topic/build/lib/pkg_topic
copying pkg_topic/publisher_demo.py -> /home/atelab/temp/ros2_basic_tut/build/pkg_topic/build/lib/pkg_topic
running install
running install_lib
creating /home/atelab/temp/ros2_basic_tut/install/pkg_topic/lib/python3.12/site-packages/pkg_topic
copying /home/atelab/temp/ros2_basic_tut/build/pkg_topic/build/lib/pkg_topic/subscriber_demo.py -> /home/atelab/temp/ros2_basic_tut/install/pkg_topic/lib/python3.12/site-packages/pkg_topic
copying /home/atelab/temp/ros2_basic_tut/build/pkg_topic/build/lib/pkg_topic/__init__.py -> /home/atelab/temp/ros2_basic_tut/install/pkg_topic/lib/python3.12/site-packages/pkg_topic
copying /home/atelab/temp/ros2_basic_tut/build/pkg_topic/build/lib/pkg_topic/publisher_demo.py -> /home/atelab/temp/ros2_basic_tut/install/pkg_topic/lib/python3.12/site-packages/pkg_topic
byte-compiling /home/atelab/temp/ros2_basic_tut/install/pkg_topic/lib/python3.12/site-packages/pkg_topic/subscriber_demo.py to subscriber_demo.cpython-312.pyc
byte-compiling /home/atelab/temp/ros2_basic_tut/install/pkg_topic/lib/python3.12/site-packages/pkg_topic/__init__.py to __init__.cpython-312.pyc
byte-compiling /home/atelab/temp/ros2_basic_tut/install/pkg_topic/lib/python3.12/site-packages/pkg_topic/publisher_demo.py to publisher_demo.cpython-312.pyc
running install_data
creating /home/atelab/temp/ros2_basic_tut/install/pkg_topic/share/ament_index
creating /home/atelab/temp/ros2_basic_tut/install/pkg_topic/share/ament_index/resource_index
creating /home/atelab/temp/ros2_basic_tut/install/pkg_topic/share/ament_index/resource_index/packages
copying resource/pkg_topic -> /home/atelab/temp/ros2_basic_tut/install/pkg_topic/share/ament_index/resource_index/packages
copying package.xml -> /home/atelab/temp/ros2_basic_tut/install/pkg_topic/share/pkg_topic
creating /home/atelab/temp/ros2_basic_tut/install/pkg_topic/share/pkg_topic/launch
copying launch/include_launch.py -> /home/atelab/temp/ros2_basic_tut/install/pkg_topic/share/pkg_topic/launch
copying launch/remap_name_launch.py -> /home/atelab/temp/ros2_basic_tut/install/pkg_topic/share/pkg_topic/launch
copying launch/multi_node_launch.py -> /home/atelab/temp/ros2_basic_tut/install/pkg_topic/share/pkg_topic/launch
copying launch/complex_launch.py -> /home/atelab/temp/ros2_basic_tut/install/pkg_topic/share/pkg_topic/launch
copying launch/complex_launch.xml -> /home/atelab/temp/ros2_basic_tut/install/pkg_topic/share/pkg_topic/launch
copying launch/complex_launch.yaml -> /home/atelab/temp/ros2_basic_tut/install/pkg_topic/share/pkg_topic/launch
running install_egg_info
Copying ../../build/pkg_topic/pkg_topic.egg-info to /home/atelab/temp/ros2_basic_tut/install/pkg_topic/lib/python3.12/site-packages/pkg_topic-0.0.0-py3.12.egg-info
running install_scripts
Installing publisher_demo script to /home/atelab/temp/ros2_basic_tut/install/pkg_topic/lib/pkg_topic
Installing subscriber_demo script to /home/atelab/temp/ros2_basic_tut/install/pkg_topic/lib/pkg_topic
writing list of installed files to '/home/atelab/temp/ros2_basic_tut/build/pkg_topic/install.log'
