[1.525s] Invoking command in '/home/atelab/temp/ros2_basic_tut/src/pkg_topic': DEBUGINFOD_URLS=https://debuginfod.ubuntu.com PYTHONPATH=/home/atelab/temp/ros2_basic_tut/build/pkg_topic/prefix_override:/usr/lib/python3/dist-packages/colcon_core/task/python/colcon_distutils_commands:/home/atelab/temp/ros2_basic_tut/install/pkg_topic/lib/python3.12/site-packages:${PYTHONPATH} VIRTUAL_ENV_PROMPT=(venv-ardupilot) /usr/bin/python3 -W ignore:setup.py install is deprecated -W ignore:easy_install command is deprecated setup.py egg_info --egg-base ../../build/pkg_topic build --build-base /home/atelab/temp/ros2_basic_tut/build/pkg_topic/build install --record /home/atelab/temp/ros2_basic_tut/build/pkg_topic/install.log --single-version-externally-managed install_data
[1.854s] running egg_info
[1.855s] creating ../../build/pkg_topic/pkg_topic.egg-info
[1.871s] writing ../../build/pkg_topic/pkg_topic.egg-info/PKG-INFO
[1.872s] writing dependency_links to ../../build/pkg_topic/pkg_topic.egg-info/dependency_links.txt
[1.872s] writing entry points to ../../build/pkg_topic/pkg_topic.egg-info/entry_points.txt
[1.872s] writing requirements to ../../build/pkg_topic/pkg_topic.egg-info/requires.txt
[1.872s] writing top-level names to ../../build/pkg_topic/pkg_topic.egg-info/top_level.txt
[1.872s] writing manifest file '../../build/pkg_topic/pkg_topic.egg-info/SOURCES.txt'
[1.919s] reading manifest file '../../build/pkg_topic/pkg_topic.egg-info/SOURCES.txt'
[1.921s] writing manifest file '../../build/pkg_topic/pkg_topic.egg-info/SOURCES.txt'
[1.921s] running build
[1.921s] running build_py
[1.923s] creating /home/atelab/temp/ros2_basic_tut/build/pkg_topic/build
[1.923s] creating /home/atelab/temp/ros2_basic_tut/build/pkg_topic/build/lib
[1.923s] creating /home/atelab/temp/ros2_basic_tut/build/pkg_topic/build/lib/pkg_topic
[1.923s] copying pkg_topic/subscriber_demo.py -> /home/atelab/temp/ros2_basic_tut/build/pkg_topic/build/lib/pkg_topic
[1.923s] copying pkg_topic/__init__.py -> /home/atelab/temp/ros2_basic_tut/build/pkg_topic/build/lib/pkg_topic
[1.923s] copying pkg_topic/publisher_demo.py -> /home/atelab/temp/ros2_basic_tut/build/pkg_topic/build/lib/pkg_topic
[1.923s] running install
[1.930s] running install_lib
[1.950s] creating /home/atelab/temp/ros2_basic_tut/install/pkg_topic/lib/python3.12/site-packages/pkg_topic
[1.951s] copying /home/atelab/temp/ros2_basic_tut/build/pkg_topic/build/lib/pkg_topic/subscriber_demo.py -> /home/atelab/temp/ros2_basic_tut/install/pkg_topic/lib/python3.12/site-packages/pkg_topic
[1.951s] copying /home/atelab/temp/ros2_basic_tut/build/pkg_topic/build/lib/pkg_topic/__init__.py -> /home/atelab/temp/ros2_basic_tut/install/pkg_topic/lib/python3.12/site-packages/pkg_topic
[1.951s] copying /home/atelab/temp/ros2_basic_tut/build/pkg_topic/build/lib/pkg_topic/publisher_demo.py -> /home/atelab/temp/ros2_basic_tut/install/pkg_topic/lib/python3.12/site-packages/pkg_topic
[1.951s] byte-compiling /home/atelab/temp/ros2_basic_tut/install/pkg_topic/lib/python3.12/site-packages/pkg_topic/subscriber_demo.py to subscriber_demo.cpython-312.pyc
[1.951s] byte-compiling /home/atelab/temp/ros2_basic_tut/install/pkg_topic/lib/python3.12/site-packages/pkg_topic/__init__.py to __init__.cpython-312.pyc
[1.952s] byte-compiling /home/atelab/temp/ros2_basic_tut/install/pkg_topic/lib/python3.12/site-packages/pkg_topic/publisher_demo.py to publisher_demo.cpython-312.pyc
[1.952s] running install_data
[1.952s] creating /home/atelab/temp/ros2_basic_tut/install/pkg_topic/share/ament_index
[1.952s] creating /home/atelab/temp/ros2_basic_tut/install/pkg_topic/share/ament_index/resource_index
[1.952s] creating /home/atelab/temp/ros2_basic_tut/install/pkg_topic/share/ament_index/resource_index/packages
[1.952s] copying resource/pkg_topic -> /home/atelab/temp/ros2_basic_tut/install/pkg_topic/share/ament_index/resource_index/packages
[1.953s] copying package.xml -> /home/atelab/temp/ros2_basic_tut/install/pkg_topic/share/pkg_topic
[1.953s] creating /home/atelab/temp/ros2_basic_tut/install/pkg_topic/share/pkg_topic/launch
[1.953s] copying launch/include_launch.py -> /home/atelab/temp/ros2_basic_tut/install/pkg_topic/share/pkg_topic/launch
[1.953s] copying launch/remap_name_launch.py -> /home/atelab/temp/ros2_basic_tut/install/pkg_topic/share/pkg_topic/launch
[1.953s] copying launch/multi_node_launch.py -> /home/atelab/temp/ros2_basic_tut/install/pkg_topic/share/pkg_topic/launch
[1.953s] copying launch/complex_launch.py -> /home/atelab/temp/ros2_basic_tut/install/pkg_topic/share/pkg_topic/launch
[1.953s] copying launch/complex_launch.xml -> /home/atelab/temp/ros2_basic_tut/install/pkg_topic/share/pkg_topic/launch
[1.953s] copying launch/complex_launch.yaml -> /home/atelab/temp/ros2_basic_tut/install/pkg_topic/share/pkg_topic/launch
[1.953s] running install_egg_info
[1.971s] Copying ../../build/pkg_topic/pkg_topic.egg-info to /home/atelab/temp/ros2_basic_tut/install/pkg_topic/lib/python3.12/site-packages/pkg_topic-0.0.0-py3.12.egg-info
[1.971s] running install_scripts
[2.103s] Installing publisher_demo script to /home/atelab/temp/ros2_basic_tut/install/pkg_topic/lib/pkg_topic
[2.103s] Installing subscriber_demo script to /home/atelab/temp/ros2_basic_tut/install/pkg_topic/lib/pkg_topic
[2.103s] writing list of installed files to '/home/atelab/temp/ros2_basic_tut/build/pkg_topic/install.log'
[2.177s] Invoked command in '/home/atelab/temp/ros2_basic_tut/src/pkg_topic' returned '0': DEBUGINFOD_URLS=https://debuginfod.ubuntu.com PYTHONPATH=/home/atelab/temp/ros2_basic_tut/build/pkg_topic/prefix_override:/usr/lib/python3/dist-packages/colcon_core/task/python/colcon_distutils_commands:/home/atelab/temp/ros2_basic_tut/install/pkg_topic/lib/python3.12/site-packages:${PYTHONPATH} VIRTUAL_ENV_PROMPT=(venv-ardupilot) /usr/bin/python3 -W ignore:setup.py install is deprecated -W ignore:easy_install command is deprecated setup.py egg_info --egg-base ../../build/pkg_topic build --build-base /home/atelab/temp/ros2_basic_tut/build/pkg_topic/build install --record /home/atelab/temp/ros2_basic_tut/build/pkg_topic/install.log --single-version-externally-managed install_data
