[0.068s] DEBUG:colcon:Command line arguments: ['/usr/bin/colcon', 'build']
[0.068s] DEBUG:colcon:Parsed command line arguments: Namespace(log_base=None, log_level=None, verb_name='build', build_base='build', install_base='install', merge_install=False, symlink_install=False, test_result_base=None, continue_on_error=False, executor='parallel', parallel_workers=8, event_handlers=None, ignore_user_meta=False, metas=['./colcon.meta'], base_paths=['.'], packages_ignore=None, packages_ignore_regex=None, paths=None, packages_up_to=None, packages_up_to_regex=None, packages_above=None, packages_above_and_dependencies=None, packages_above_depth=None, packages_select_by_dep=None, packages_skip_by_dep=None, packages_skip_up_to=None, packages_select_build_failed=False, packages_skip_build_finished=False, packages_select_test_failures=False, packages_skip_test_passed=False, packages_select=None, packages_skip=None, packages_select_regex=None, packages_skip_regex=None, packages_start=None, packages_end=None, allow_overriding=[], cmake_args=None, cmake_target=None, cmake_target_skip_unavailable=False, cmake_clean_cache=False, cmake_clean_first=False, cmake_force_configure=False, ament_cmake_args=None, catkin_cmake_args=None, catkin_skip_building_tests=False, verb_parser=<colcon_defaults.argument_parser.defaults.DefaultArgumentsDecorator object at 0x736e60486ed0>, verb_extension=<colcon_core.verb.build.BuildVerb object at 0x736e605ab590>, main=<bound method BuildVerb.main of <colcon_core.verb.build.BuildVerb object at 0x736e605ab590>>)
[0.097s] Level 1:colcon.colcon_core.package_discovery:discover_packages(colcon_meta) check parameters
[0.098s] Level 1:colcon.colcon_core.package_discovery:discover_packages(recursive) check parameters
[0.098s] Level 1:colcon.colcon_core.package_discovery:discover_packages(ignore) check parameters
[0.098s] Level 1:colcon.colcon_core.package_discovery:discover_packages(path) check parameters
[0.098s] Level 1:colcon.colcon_core.package_discovery:discover_packages(colcon_meta) discover
[0.098s] Level 1:colcon.colcon_core.package_discovery:discover_packages(recursive) discover
[0.098s] INFO:colcon.colcon_core.package_discovery:Crawling recursively for packages in '/home/atelab/temp/ros2_basic_tut'
[0.098s] Level 1:colcon.colcon_core.package_identification:_identify(.) by extensions ['ignore', 'ignore_ament_install']
[0.098s] Level 1:colcon.colcon_core.package_identification:_identify(.) by extension 'ignore'
[0.098s] Level 1:colcon.colcon_core.package_identification:_identify(.) by extension 'ignore_ament_install'
[0.098s] Level 1:colcon.colcon_core.package_identification:_identify(.) by extensions ['colcon_pkg']
[0.098s] Level 1:colcon.colcon_core.package_identification:_identify(.) by extension 'colcon_pkg'
[0.098s] Level 1:colcon.colcon_core.package_identification:_identify(.) by extensions ['colcon_meta']
[0.098s] Level 1:colcon.colcon_core.package_identification:_identify(.) by extension 'colcon_meta'
[0.098s] Level 1:colcon.colcon_core.package_identification:_identify(.) by extensions ['ros']
[0.098s] Level 1:colcon.colcon_core.package_identification:_identify(.) by extension 'ros'
[0.116s] Level 1:colcon.colcon_core.package_identification:_identify(.) by extensions ['cmake', 'python']
[0.116s] Level 1:colcon.colcon_core.package_identification:_identify(.) by extension 'cmake'
[0.116s] Level 1:colcon.colcon_core.package_identification:_identify(.) by extension 'python'
[0.116s] Level 1:colcon.colcon_core.package_identification:_identify(.) by extensions ['python_setup_py']
[0.116s] Level 1:colcon.colcon_core.package_identification:_identify(.) by extension 'python_setup_py'
[0.116s] Level 1:colcon.colcon_core.package_identification:_identify(build) by extensions ['ignore', 'ignore_ament_install']
[0.116s] Level 1:colcon.colcon_core.package_identification:_identify(build) by extension 'ignore'
[0.116s] Level 1:colcon.colcon_core.package_identification:_identify(build) ignored
[0.116s] Level 1:colcon.colcon_core.package_identification:_identify(install) by extensions ['ignore', 'ignore_ament_install']
[0.116s] Level 1:colcon.colcon_core.package_identification:_identify(install) by extension 'ignore'
[0.116s] Level 1:colcon.colcon_core.package_identification:_identify(install) ignored
[0.116s] Level 1:colcon.colcon_core.package_identification:_identify(log) by extensions ['ignore', 'ignore_ament_install']
[0.116s] Level 1:colcon.colcon_core.package_identification:_identify(log) by extension 'ignore'
[0.116s] Level 1:colcon.colcon_core.package_identification:_identify(log) ignored
[0.116s] Level 1:colcon.colcon_core.package_identification:_identify(src) by extensions ['ignore', 'ignore_ament_install']
[0.116s] Level 1:colcon.colcon_core.package_identification:_identify(src) by extension 'ignore'
[0.116s] Level 1:colcon.colcon_core.package_identification:_identify(src) by extension 'ignore_ament_install'
[0.116s] Level 1:colcon.colcon_core.package_identification:_identify(src) by extensions ['colcon_pkg']
[0.116s] Level 1:colcon.colcon_core.package_identification:_identify(src) by extension 'colcon_pkg'
[0.116s] Level 1:colcon.colcon_core.package_identification:_identify(src) by extensions ['colcon_meta']
[0.116s] Level 1:colcon.colcon_core.package_identification:_identify(src) by extension 'colcon_meta'
[0.116s] Level 1:colcon.colcon_core.package_identification:_identify(src) by extensions ['ros']
[0.116s] Level 1:colcon.colcon_core.package_identification:_identify(src) by extension 'ros'
[0.116s] Level 1:colcon.colcon_core.package_identification:_identify(src) by extensions ['cmake', 'python']
[0.117s] Level 1:colcon.colcon_core.package_identification:_identify(src) by extension 'cmake'
[0.117s] Level 1:colcon.colcon_core.package_identification:_identify(src) by extension 'python'
[0.117s] Level 1:colcon.colcon_core.package_identification:_identify(src) by extensions ['python_setup_py']
[0.117s] Level 1:colcon.colcon_core.package_identification:_identify(src) by extension 'python_setup_py'
[0.117s] Level 1:colcon.colcon_core.package_identification:_identify(src/pkg_action) by extensions ['ignore', 'ignore_ament_install']
[0.117s] Level 1:colcon.colcon_core.package_identification:_identify(src/pkg_action) by extension 'ignore'
[0.117s] Level 1:colcon.colcon_core.package_identification:_identify(src/pkg_action) by extension 'ignore_ament_install'
[0.117s] Level 1:colcon.colcon_core.package_identification:_identify(src/pkg_action) by extensions ['colcon_pkg']
[0.117s] Level 1:colcon.colcon_core.package_identification:_identify(src/pkg_action) by extension 'colcon_pkg'
[0.117s] Level 1:colcon.colcon_core.package_identification:_identify(src/pkg_action) by extensions ['colcon_meta']
[0.117s] Level 1:colcon.colcon_core.package_identification:_identify(src/pkg_action) by extension 'colcon_meta'
[0.117s] Level 1:colcon.colcon_core.package_identification:_identify(src/pkg_action) by extensions ['ros']
[0.117s] Level 1:colcon.colcon_core.package_identification:_identify(src/pkg_action) by extension 'ros'
[0.119s] DEBUG:colcon.colcon_core.package_identification:Package 'src/pkg_action' with type 'ros.ament_python' and name 'pkg_action'
[0.119s] Level 1:colcon.colcon_core.package_identification:_identify(src/pkg_helloworld_py) by extensions ['ignore', 'ignore_ament_install']
[0.119s] Level 1:colcon.colcon_core.package_identification:_identify(src/pkg_helloworld_py) by extension 'ignore'
[0.119s] Level 1:colcon.colcon_core.package_identification:_identify(src/pkg_helloworld_py) by extension 'ignore_ament_install'
[0.119s] Level 1:colcon.colcon_core.package_identification:_identify(src/pkg_helloworld_py) by extensions ['colcon_pkg']
[0.119s] Level 1:colcon.colcon_core.package_identification:_identify(src/pkg_helloworld_py) by extension 'colcon_pkg'
[0.119s] Level 1:colcon.colcon_core.package_identification:_identify(src/pkg_helloworld_py) by extensions ['colcon_meta']
[0.119s] Level 1:colcon.colcon_core.package_identification:_identify(src/pkg_helloworld_py) by extension 'colcon_meta'
[0.119s] Level 1:colcon.colcon_core.package_identification:_identify(src/pkg_helloworld_py) by extensions ['ros']
[0.119s] Level 1:colcon.colcon_core.package_identification:_identify(src/pkg_helloworld_py) by extension 'ros'
[0.120s] DEBUG:colcon.colcon_core.package_identification:Package 'src/pkg_helloworld_py' with type 'ros.ament_python' and name 'pkg_helloworld_py'
[0.120s] Level 1:colcon.colcon_core.package_identification:_identify(src/pkg_interfaces) by extensions ['ignore', 'ignore_ament_install']
[0.120s] Level 1:colcon.colcon_core.package_identification:_identify(src/pkg_interfaces) by extension 'ignore'
[0.120s] Level 1:colcon.colcon_core.package_identification:_identify(src/pkg_interfaces) by extension 'ignore_ament_install'
[0.120s] Level 1:colcon.colcon_core.package_identification:_identify(src/pkg_interfaces) by extensions ['colcon_pkg']
[0.120s] Level 1:colcon.colcon_core.package_identification:_identify(src/pkg_interfaces) by extension 'colcon_pkg'
[0.120s] Level 1:colcon.colcon_core.package_identification:_identify(src/pkg_interfaces) by extensions ['colcon_meta']
[0.120s] Level 1:colcon.colcon_core.package_identification:_identify(src/pkg_interfaces) by extension 'colcon_meta'
[0.120s] Level 1:colcon.colcon_core.package_identification:_identify(src/pkg_interfaces) by extensions ['ros']
[0.120s] Level 1:colcon.colcon_core.package_identification:_identify(src/pkg_interfaces) by extension 'ros'
[0.120s] DEBUG:colcon.colcon_core.package_identification:Package 'src/pkg_interfaces' with type 'ros.ament_cmake' and name 'pkg_interfaces'
[0.120s] Level 1:colcon.colcon_core.package_identification:_identify(src/pkg_metapackage) by extensions ['ignore', 'ignore_ament_install']
[0.120s] Level 1:colcon.colcon_core.package_identification:_identify(src/pkg_metapackage) by extension 'ignore'
[0.120s] Level 1:colcon.colcon_core.package_identification:_identify(src/pkg_metapackage) by extension 'ignore_ament_install'
[0.120s] Level 1:colcon.colcon_core.package_identification:_identify(src/pkg_metapackage) by extensions ['colcon_pkg']
[0.121s] Level 1:colcon.colcon_core.package_identification:_identify(src/pkg_metapackage) by extension 'colcon_pkg'
[0.121s] Level 1:colcon.colcon_core.package_identification:_identify(src/pkg_metapackage) by extensions ['colcon_meta']
[0.121s] Level 1:colcon.colcon_core.package_identification:_identify(src/pkg_metapackage) by extension 'colcon_meta'
[0.121s] Level 1:colcon.colcon_core.package_identification:_identify(src/pkg_metapackage) by extensions ['ros']
[0.121s] Level 1:colcon.colcon_core.package_identification:_identify(src/pkg_metapackage) by extension 'ros'
[0.121s] DEBUG:colcon.colcon_core.package_identification:Package 'src/pkg_metapackage' with type 'ros.ament_cmake' and name 'pkg_metapackage'
[0.121s] Level 1:colcon.colcon_core.package_identification:_identify(src/pkg_param) by extensions ['ignore', 'ignore_ament_install']
[0.121s] Level 1:colcon.colcon_core.package_identification:_identify(src/pkg_param) by extension 'ignore'
[0.121s] Level 1:colcon.colcon_core.package_identification:_identify(src/pkg_param) by extension 'ignore_ament_install'
[0.121s] Level 1:colcon.colcon_core.package_identification:_identify(src/pkg_param) by extensions ['colcon_pkg']
[0.121s] Level 1:colcon.colcon_core.package_identification:_identify(src/pkg_param) by extension 'colcon_pkg'
[0.121s] Level 1:colcon.colcon_core.package_identification:_identify(src/pkg_param) by extensions ['colcon_meta']
[0.121s] Level 1:colcon.colcon_core.package_identification:_identify(src/pkg_param) by extension 'colcon_meta'
[0.121s] Level 1:colcon.colcon_core.package_identification:_identify(src/pkg_param) by extensions ['ros']
[0.121s] Level 1:colcon.colcon_core.package_identification:_identify(src/pkg_param) by extension 'ros'
[0.122s] DEBUG:colcon.colcon_core.package_identification:Package 'src/pkg_param' with type 'ros.ament_python' and name 'pkg_param'
[0.122s] Level 1:colcon.colcon_core.package_identification:_identify(src/pkg_service) by extensions ['ignore', 'ignore_ament_install']
[0.122s] Level 1:colcon.colcon_core.package_identification:_identify(src/pkg_service) by extension 'ignore'
[0.122s] Level 1:colcon.colcon_core.package_identification:_identify(src/pkg_service) by extension 'ignore_ament_install'
[0.122s] Level 1:colcon.colcon_core.package_identification:_identify(src/pkg_service) by extensions ['colcon_pkg']
[0.122s] Level 1:colcon.colcon_core.package_identification:_identify(src/pkg_service) by extension 'colcon_pkg'
[0.122s] Level 1:colcon.colcon_core.package_identification:_identify(src/pkg_service) by extensions ['colcon_meta']
[0.122s] Level 1:colcon.colcon_core.package_identification:_identify(src/pkg_service) by extension 'colcon_meta'
[0.122s] Level 1:colcon.colcon_core.package_identification:_identify(src/pkg_service) by extensions ['ros']
[0.122s] Level 1:colcon.colcon_core.package_identification:_identify(src/pkg_service) by extension 'ros'
[0.122s] DEBUG:colcon.colcon_core.package_identification:Package 'src/pkg_service' with type 'ros.ament_python' and name 'pkg_service'
[0.122s] Level 1:colcon.colcon_core.package_identification:_identify(src/pkg_tf) by extensions ['ignore', 'ignore_ament_install']
[0.122s] Level 1:colcon.colcon_core.package_identification:_identify(src/pkg_tf) by extension 'ignore'
[0.122s] Level 1:colcon.colcon_core.package_identification:_identify(src/pkg_tf) by extension 'ignore_ament_install'
[0.122s] Level 1:colcon.colcon_core.package_identification:_identify(src/pkg_tf) by extensions ['colcon_pkg']
[0.122s] Level 1:colcon.colcon_core.package_identification:_identify(src/pkg_tf) by extension 'colcon_pkg'
[0.122s] Level 1:colcon.colcon_core.package_identification:_identify(src/pkg_tf) by extensions ['colcon_meta']
[0.122s] Level 1:colcon.colcon_core.package_identification:_identify(src/pkg_tf) by extension 'colcon_meta'
[0.122s] Level 1:colcon.colcon_core.package_identification:_identify(src/pkg_tf) by extensions ['ros']
[0.122s] Level 1:colcon.colcon_core.package_identification:_identify(src/pkg_tf) by extension 'ros'
[0.123s] DEBUG:colcon.colcon_core.package_identification:Package 'src/pkg_tf' with type 'ros.ament_python' and name 'pkg_tf'
[0.123s] Level 1:colcon.colcon_core.package_identification:_identify(src/pkg_topic) by extensions ['ignore', 'ignore_ament_install']
[0.123s] Level 1:colcon.colcon_core.package_identification:_identify(src/pkg_topic) by extension 'ignore'
[0.123s] Level 1:colcon.colcon_core.package_identification:_identify(src/pkg_topic) by extension 'ignore_ament_install'
[0.123s] Level 1:colcon.colcon_core.package_identification:_identify(src/pkg_topic) by extensions ['colcon_pkg']
[0.123s] Level 1:colcon.colcon_core.package_identification:_identify(src/pkg_topic) by extension 'colcon_pkg'
[0.123s] Level 1:colcon.colcon_core.package_identification:_identify(src/pkg_topic) by extensions ['colcon_meta']
[0.123s] Level 1:colcon.colcon_core.package_identification:_identify(src/pkg_topic) by extension 'colcon_meta'
[0.123s] Level 1:colcon.colcon_core.package_identification:_identify(src/pkg_topic) by extensions ['ros']
[0.123s] Level 1:colcon.colcon_core.package_identification:_identify(src/pkg_topic) by extension 'ros'
[0.123s] DEBUG:colcon.colcon_core.package_identification:Package 'src/pkg_topic' with type 'ros.ament_python' and name 'pkg_topic'
[0.123s] Level 1:colcon.colcon_core.package_discovery:discover_packages(recursive) using defaults
[0.123s] Level 1:colcon.colcon_core.package_discovery:discover_packages(ignore) discover
[0.123s] Level 1:colcon.colcon_core.package_discovery:discover_packages(ignore) using defaults
[0.123s] Level 1:colcon.colcon_core.package_discovery:discover_packages(path) discover
[0.123s] Level 1:colcon.colcon_core.package_discovery:discover_packages(path) using defaults
[0.136s] Level 1:colcon.colcon_core.package_discovery:discover_packages(prefix_path) check parameters
[0.136s] Level 1:colcon.colcon_core.package_discovery:discover_packages(prefix_path) discover
[0.138s] DEBUG:colcon.colcon_installed_package_information.package_discovery:Found 338 installed packages in /opt/ros/jazzy
[0.139s] Level 1:colcon.colcon_core.package_discovery:discover_packages(prefix_path) using defaults
[0.171s] Level 5:colcon.colcon_core.verb:set package 'pkg_helloworld_py' build argument 'cmake_args' from command line to 'None'
[0.171s] Level 5:colcon.colcon_core.verb:set package 'pkg_helloworld_py' build argument 'cmake_target' from command line to 'None'
[0.171s] Level 5:colcon.colcon_core.verb:set package 'pkg_helloworld_py' build argument 'cmake_target_skip_unavailable' from command line to 'False'
[0.171s] Level 5:colcon.colcon_core.verb:set package 'pkg_helloworld_py' build argument 'cmake_clean_cache' from command line to 'False'
[0.171s] Level 5:colcon.colcon_core.verb:set package 'pkg_helloworld_py' build argument 'cmake_clean_first' from command line to 'False'
[0.171s] Level 5:colcon.colcon_core.verb:set package 'pkg_helloworld_py' build argument 'cmake_force_configure' from command line to 'False'
[0.171s] Level 5:colcon.colcon_core.verb:set package 'pkg_helloworld_py' build argument 'ament_cmake_args' from command line to 'None'
[0.171s] Level 5:colcon.colcon_core.verb:set package 'pkg_helloworld_py' build argument 'catkin_cmake_args' from command line to 'None'
[0.171s] Level 5:colcon.colcon_core.verb:set package 'pkg_helloworld_py' build argument 'catkin_skip_building_tests' from command line to 'False'
[0.171s] DEBUG:colcon.colcon_core.verb:Building package 'pkg_helloworld_py' with the following arguments: {'ament_cmake_args': None, 'build_base': '/home/atelab/temp/ros2_basic_tut/build/pkg_helloworld_py', 'catkin_cmake_args': None, 'catkin_skip_building_tests': False, 'cmake_args': None, 'cmake_clean_cache': False, 'cmake_clean_first': False, 'cmake_force_configure': False, 'cmake_target': None, 'cmake_target_skip_unavailable': False, 'install_base': '/home/atelab/temp/ros2_basic_tut/install/pkg_helloworld_py', 'merge_install': False, 'path': '/home/atelab/temp/ros2_basic_tut/src/pkg_helloworld_py', 'symlink_install': False, 'test_result_base': None}
[0.171s] Level 5:colcon.colcon_core.verb:set package 'pkg_interfaces' build argument 'cmake_args' from command line to 'None'
[0.171s] Level 5:colcon.colcon_core.verb:set package 'pkg_interfaces' build argument 'cmake_target' from command line to 'None'
[0.171s] Level 5:colcon.colcon_core.verb:set package 'pkg_interfaces' build argument 'cmake_target_skip_unavailable' from command line to 'False'
[0.171s] Level 5:colcon.colcon_core.verb:set package 'pkg_interfaces' build argument 'cmake_clean_cache' from command line to 'False'
[0.171s] Level 5:colcon.colcon_core.verb:set package 'pkg_interfaces' build argument 'cmake_clean_first' from command line to 'False'
[0.171s] Level 5:colcon.colcon_core.verb:set package 'pkg_interfaces' build argument 'cmake_force_configure' from command line to 'False'
[0.171s] Level 5:colcon.colcon_core.verb:set package 'pkg_interfaces' build argument 'ament_cmake_args' from command line to 'None'
[0.171s] Level 5:colcon.colcon_core.verb:set package 'pkg_interfaces' build argument 'catkin_cmake_args' from command line to 'None'
[0.171s] Level 5:colcon.colcon_core.verb:set package 'pkg_interfaces' build argument 'catkin_skip_building_tests' from command line to 'False'
[0.171s] DEBUG:colcon.colcon_core.verb:Building package 'pkg_interfaces' with the following arguments: {'ament_cmake_args': None, 'build_base': '/home/atelab/temp/ros2_basic_tut/build/pkg_interfaces', 'catkin_cmake_args': None, 'catkin_skip_building_tests': False, 'cmake_args': None, 'cmake_clean_cache': False, 'cmake_clean_first': False, 'cmake_force_configure': False, 'cmake_target': None, 'cmake_target_skip_unavailable': False, 'install_base': '/home/atelab/temp/ros2_basic_tut/install/pkg_interfaces', 'merge_install': False, 'path': '/home/atelab/temp/ros2_basic_tut/src/pkg_interfaces', 'symlink_install': False, 'test_result_base': None}
[0.172s] Level 5:colcon.colcon_core.verb:set package 'pkg_param' build argument 'cmake_args' from command line to 'None'
[0.172s] Level 5:colcon.colcon_core.verb:set package 'pkg_param' build argument 'cmake_target' from command line to 'None'
[0.172s] Level 5:colcon.colcon_core.verb:set package 'pkg_param' build argument 'cmake_target_skip_unavailable' from command line to 'False'
[0.172s] Level 5:colcon.colcon_core.verb:set package 'pkg_param' build argument 'cmake_clean_cache' from command line to 'False'
[0.172s] Level 5:colcon.colcon_core.verb:set package 'pkg_param' build argument 'cmake_clean_first' from command line to 'False'
[0.172s] Level 5:colcon.colcon_core.verb:set package 'pkg_param' build argument 'cmake_force_configure' from command line to 'False'
[0.172s] Level 5:colcon.colcon_core.verb:set package 'pkg_param' build argument 'ament_cmake_args' from command line to 'None'
[0.172s] Level 5:colcon.colcon_core.verb:set package 'pkg_param' build argument 'catkin_cmake_args' from command line to 'None'
[0.172s] Level 5:colcon.colcon_core.verb:set package 'pkg_param' build argument 'catkin_skip_building_tests' from command line to 'False'
[0.172s] DEBUG:colcon.colcon_core.verb:Building package 'pkg_param' with the following arguments: {'ament_cmake_args': None, 'build_base': '/home/atelab/temp/ros2_basic_tut/build/pkg_param', 'catkin_cmake_args': None, 'catkin_skip_building_tests': False, 'cmake_args': None, 'cmake_clean_cache': False, 'cmake_clean_first': False, 'cmake_force_configure': False, 'cmake_target': None, 'cmake_target_skip_unavailable': False, 'install_base': '/home/atelab/temp/ros2_basic_tut/install/pkg_param', 'merge_install': False, 'path': '/home/atelab/temp/ros2_basic_tut/src/pkg_param', 'symlink_install': False, 'test_result_base': None}
[0.172s] Level 5:colcon.colcon_core.verb:set package 'pkg_service' build argument 'cmake_args' from command line to 'None'
[0.172s] Level 5:colcon.colcon_core.verb:set package 'pkg_service' build argument 'cmake_target' from command line to 'None'
[0.172s] Level 5:colcon.colcon_core.verb:set package 'pkg_service' build argument 'cmake_target_skip_unavailable' from command line to 'False'
[0.172s] Level 5:colcon.colcon_core.verb:set package 'pkg_service' build argument 'cmake_clean_cache' from command line to 'False'
[0.172s] Level 5:colcon.colcon_core.verb:set package 'pkg_service' build argument 'cmake_clean_first' from command line to 'False'
[0.172s] Level 5:colcon.colcon_core.verb:set package 'pkg_service' build argument 'cmake_force_configure' from command line to 'False'
[0.172s] Level 5:colcon.colcon_core.verb:set package 'pkg_service' build argument 'ament_cmake_args' from command line to 'None'
[0.172s] Level 5:colcon.colcon_core.verb:set package 'pkg_service' build argument 'catkin_cmake_args' from command line to 'None'
[0.172s] Level 5:colcon.colcon_core.verb:set package 'pkg_service' build argument 'catkin_skip_building_tests' from command line to 'False'
[0.172s] DEBUG:colcon.colcon_core.verb:Building package 'pkg_service' with the following arguments: {'ament_cmake_args': None, 'build_base': '/home/atelab/temp/ros2_basic_tut/build/pkg_service', 'catkin_cmake_args': None, 'catkin_skip_building_tests': False, 'cmake_args': None, 'cmake_clean_cache': False, 'cmake_clean_first': False, 'cmake_force_configure': False, 'cmake_target': None, 'cmake_target_skip_unavailable': False, 'install_base': '/home/atelab/temp/ros2_basic_tut/install/pkg_service', 'merge_install': False, 'path': '/home/atelab/temp/ros2_basic_tut/src/pkg_service', 'symlink_install': False, 'test_result_base': None}
[0.172s] Level 5:colcon.colcon_core.verb:set package 'pkg_tf' build argument 'cmake_args' from command line to 'None'
[0.172s] Level 5:colcon.colcon_core.verb:set package 'pkg_tf' build argument 'cmake_target' from command line to 'None'
[0.172s] Level 5:colcon.colcon_core.verb:set package 'pkg_tf' build argument 'cmake_target_skip_unavailable' from command line to 'False'
[0.172s] Level 5:colcon.colcon_core.verb:set package 'pkg_tf' build argument 'cmake_clean_cache' from command line to 'False'
[0.172s] Level 5:colcon.colcon_core.verb:set package 'pkg_tf' build argument 'cmake_clean_first' from command line to 'False'
[0.172s] Level 5:colcon.colcon_core.verb:set package 'pkg_tf' build argument 'cmake_force_configure' from command line to 'False'
[0.172s] Level 5:colcon.colcon_core.verb:set package 'pkg_tf' build argument 'ament_cmake_args' from command line to 'None'
[0.172s] Level 5:colcon.colcon_core.verb:set package 'pkg_tf' build argument 'catkin_cmake_args' from command line to 'None'
[0.172s] Level 5:colcon.colcon_core.verb:set package 'pkg_tf' build argument 'catkin_skip_building_tests' from command line to 'False'
[0.172s] DEBUG:colcon.colcon_core.verb:Building package 'pkg_tf' with the following arguments: {'ament_cmake_args': None, 'build_base': '/home/atelab/temp/ros2_basic_tut/build/pkg_tf', 'catkin_cmake_args': None, 'catkin_skip_building_tests': False, 'cmake_args': None, 'cmake_clean_cache': False, 'cmake_clean_first': False, 'cmake_force_configure': False, 'cmake_target': None, 'cmake_target_skip_unavailable': False, 'install_base': '/home/atelab/temp/ros2_basic_tut/install/pkg_tf', 'merge_install': False, 'path': '/home/atelab/temp/ros2_basic_tut/src/pkg_tf', 'symlink_install': False, 'test_result_base': None}
[0.172s] Level 5:colcon.colcon_core.verb:set package 'pkg_topic' build argument 'cmake_args' from command line to 'None'
[0.172s] Level 5:colcon.colcon_core.verb:set package 'pkg_topic' build argument 'cmake_target' from command line to 'None'
[0.172s] Level 5:colcon.colcon_core.verb:set package 'pkg_topic' build argument 'cmake_target_skip_unavailable' from command line to 'False'
[0.172s] Level 5:colcon.colcon_core.verb:set package 'pkg_topic' build argument 'cmake_clean_cache' from command line to 'False'
[0.172s] Level 5:colcon.colcon_core.verb:set package 'pkg_topic' build argument 'cmake_clean_first' from command line to 'False'
[0.172s] Level 5:colcon.colcon_core.verb:set package 'pkg_topic' build argument 'cmake_force_configure' from command line to 'False'
[0.172s] Level 5:colcon.colcon_core.verb:set package 'pkg_topic' build argument 'ament_cmake_args' from command line to 'None'
[0.172s] Level 5:colcon.colcon_core.verb:set package 'pkg_topic' build argument 'catkin_cmake_args' from command line to 'None'
[0.172s] Level 5:colcon.colcon_core.verb:set package 'pkg_topic' build argument 'catkin_skip_building_tests' from command line to 'False'
[0.172s] DEBUG:colcon.colcon_core.verb:Building package 'pkg_topic' with the following arguments: {'ament_cmake_args': None, 'build_base': '/home/atelab/temp/ros2_basic_tut/build/pkg_topic', 'catkin_cmake_args': None, 'catkin_skip_building_tests': False, 'cmake_args': None, 'cmake_clean_cache': False, 'cmake_clean_first': False, 'cmake_force_configure': False, 'cmake_target': None, 'cmake_target_skip_unavailable': False, 'install_base': '/home/atelab/temp/ros2_basic_tut/install/pkg_topic', 'merge_install': False, 'path': '/home/atelab/temp/ros2_basic_tut/src/pkg_topic', 'symlink_install': False, 'test_result_base': None}
[0.173s] Level 5:colcon.colcon_core.verb:set package 'pkg_action' build argument 'cmake_args' from command line to 'None'
[0.173s] Level 5:colcon.colcon_core.verb:set package 'pkg_action' build argument 'cmake_target' from command line to 'None'
[0.173s] Level 5:colcon.colcon_core.verb:set package 'pkg_action' build argument 'cmake_target_skip_unavailable' from command line to 'False'
[0.173s] Level 5:colcon.colcon_core.verb:set package 'pkg_action' build argument 'cmake_clean_cache' from command line to 'False'
[0.173s] Level 5:colcon.colcon_core.verb:set package 'pkg_action' build argument 'cmake_clean_first' from command line to 'False'
[0.173s] Level 5:colcon.colcon_core.verb:set package 'pkg_action' build argument 'cmake_force_configure' from command line to 'False'
[0.173s] Level 5:colcon.colcon_core.verb:set package 'pkg_action' build argument 'ament_cmake_args' from command line to 'None'
[0.173s] Level 5:colcon.colcon_core.verb:set package 'pkg_action' build argument 'catkin_cmake_args' from command line to 'None'
[0.173s] Level 5:colcon.colcon_core.verb:set package 'pkg_action' build argument 'catkin_skip_building_tests' from command line to 'False'
[0.173s] DEBUG:colcon.colcon_core.verb:Building package 'pkg_action' with the following arguments: {'ament_cmake_args': None, 'build_base': '/home/atelab/temp/ros2_basic_tut/build/pkg_action', 'catkin_cmake_args': None, 'catkin_skip_building_tests': False, 'cmake_args': None, 'cmake_clean_cache': False, 'cmake_clean_first': False, 'cmake_force_configure': False, 'cmake_target': None, 'cmake_target_skip_unavailable': False, 'install_base': '/home/atelab/temp/ros2_basic_tut/install/pkg_action', 'merge_install': False, 'path': '/home/atelab/temp/ros2_basic_tut/src/pkg_action', 'symlink_install': False, 'test_result_base': None}
[0.173s] Level 5:colcon.colcon_core.verb:set package 'pkg_metapackage' build argument 'cmake_args' from command line to 'None'
[0.173s] Level 5:colcon.colcon_core.verb:set package 'pkg_metapackage' build argument 'cmake_target' from command line to 'None'
[0.173s] Level 5:colcon.colcon_core.verb:set package 'pkg_metapackage' build argument 'cmake_target_skip_unavailable' from command line to 'False'
[0.173s] Level 5:colcon.colcon_core.verb:set package 'pkg_metapackage' build argument 'cmake_clean_cache' from command line to 'False'
[0.173s] Level 5:colcon.colcon_core.verb:set package 'pkg_metapackage' build argument 'cmake_clean_first' from command line to 'False'
[0.173s] Level 5:colcon.colcon_core.verb:set package 'pkg_metapackage' build argument 'cmake_force_configure' from command line to 'False'
[0.173s] Level 5:colcon.colcon_core.verb:set package 'pkg_metapackage' build argument 'ament_cmake_args' from command line to 'None'
[0.173s] Level 5:colcon.colcon_core.verb:set package 'pkg_metapackage' build argument 'catkin_cmake_args' from command line to 'None'
[0.173s] Level 5:colcon.colcon_core.verb:set package 'pkg_metapackage' build argument 'catkin_skip_building_tests' from command line to 'False'
[0.173s] DEBUG:colcon.colcon_core.verb:Building package 'pkg_metapackage' with the following arguments: {'ament_cmake_args': None, 'build_base': '/home/atelab/temp/ros2_basic_tut/build/pkg_metapackage', 'catkin_cmake_args': None, 'catkin_skip_building_tests': False, 'cmake_args': None, 'cmake_clean_cache': False, 'cmake_clean_first': False, 'cmake_force_configure': False, 'cmake_target': None, 'cmake_target_skip_unavailable': False, 'install_base': '/home/atelab/temp/ros2_basic_tut/install/pkg_metapackage', 'merge_install': False, 'path': '/home/atelab/temp/ros2_basic_tut/src/pkg_metapackage', 'symlink_install': False, 'test_result_base': None}
[0.173s] INFO:colcon.colcon_core.executor:Executing jobs using 'parallel' executor
[0.174s] DEBUG:colcon.colcon_parallel_executor.executor.parallel:run_until_complete
[0.174s] INFO:colcon.colcon_ros.task.ament_cmake.build:Building ROS package in '/home/atelab/temp/ros2_basic_tut/src/pkg_interfaces' with build type 'ament_cmake'
[0.174s] INFO:colcon.colcon_cmake.task.cmake.build:Building CMake package in '/home/atelab/temp/ros2_basic_tut/src/pkg_interfaces'
[0.175s] INFO:colcon.colcon_core.plugin_system:Skipping extension 'colcon_core.shell.bat': Not used on non-Windows systems
[0.175s] INFO:colcon.colcon_core.shell:Skip shell extension 'powershell' for command environment: Not usable outside of PowerShell
[0.175s] DEBUG:colcon.colcon_core.shell:Skip shell extension 'dsv' for command environment
[0.178s] INFO:colcon.colcon_ros.task.ament_python.build:Building ROS package in '/home/atelab/temp/ros2_basic_tut/src/pkg_helloworld_py' with build type 'ament_python'
[0.178s] Level 1:colcon.colcon_core.shell:create_environment_hook('pkg_helloworld_py', 'ament_prefix_path')
[0.178s] INFO:colcon.colcon_core.shell:Creating environment hook '/home/atelab/temp/ros2_basic_tut/install/pkg_helloworld_py/share/pkg_helloworld_py/hook/ament_prefix_path.ps1'
[0.178s] INFO:colcon.colcon_core.shell:Creating environment descriptor '/home/atelab/temp/ros2_basic_tut/install/pkg_helloworld_py/share/pkg_helloworld_py/hook/ament_prefix_path.dsv'
[0.179s] INFO:colcon.colcon_core.shell:Creating environment hook '/home/atelab/temp/ros2_basic_tut/install/pkg_helloworld_py/share/pkg_helloworld_py/hook/ament_prefix_path.sh'
[0.179s] INFO:colcon.colcon_core.shell:Skip shell extension 'powershell' for command environment: Not usable outside of PowerShell
[0.179s] DEBUG:colcon.colcon_core.shell:Skip shell extension 'dsv' for command environment
[0.181s] INFO:colcon.colcon_ros.task.ament_python.build:Building ROS package in '/home/atelab/temp/ros2_basic_tut/src/pkg_param' with build type 'ament_python'
[0.181s] Level 1:colcon.colcon_core.shell:create_environment_hook('pkg_param', 'ament_prefix_path')
[0.182s] INFO:colcon.colcon_core.shell:Creating environment hook '/home/atelab/temp/ros2_basic_tut/install/pkg_param/share/pkg_param/hook/ament_prefix_path.ps1'
[0.182s] INFO:colcon.colcon_core.shell:Creating environment descriptor '/home/atelab/temp/ros2_basic_tut/install/pkg_param/share/pkg_param/hook/ament_prefix_path.dsv'
[0.182s] INFO:colcon.colcon_core.shell:Creating environment hook '/home/atelab/temp/ros2_basic_tut/install/pkg_param/share/pkg_param/hook/ament_prefix_path.sh'
[0.183s] INFO:colcon.colcon_core.shell:Skip shell extension 'powershell' for command environment: Not usable outside of PowerShell
[0.183s] DEBUG:colcon.colcon_core.shell:Skip shell extension 'dsv' for command environment
[0.186s] INFO:colcon.colcon_ros.task.ament_python.build:Building ROS package in '/home/atelab/temp/ros2_basic_tut/src/pkg_service' with build type 'ament_python'
[0.186s] Level 1:colcon.colcon_core.shell:create_environment_hook('pkg_service', 'ament_prefix_path')
[0.186s] INFO:colcon.colcon_core.shell:Creating environment hook '/home/atelab/temp/ros2_basic_tut/install/pkg_service/share/pkg_service/hook/ament_prefix_path.ps1'
[0.187s] INFO:colcon.colcon_core.shell:Creating environment descriptor '/home/atelab/temp/ros2_basic_tut/install/pkg_service/share/pkg_service/hook/ament_prefix_path.dsv'
[0.187s] INFO:colcon.colcon_core.shell:Creating environment hook '/home/atelab/temp/ros2_basic_tut/install/pkg_service/share/pkg_service/hook/ament_prefix_path.sh'
[0.187s] INFO:colcon.colcon_core.shell:Skip shell extension 'powershell' for command environment: Not usable outside of PowerShell
[0.188s] DEBUG:colcon.colcon_core.shell:Skip shell extension 'dsv' for command environment
[0.190s] INFO:colcon.colcon_ros.task.ament_python.build:Building ROS package in '/home/atelab/temp/ros2_basic_tut/src/pkg_topic' with build type 'ament_python'
[0.190s] Level 1:colcon.colcon_core.shell:create_environment_hook('pkg_topic', 'ament_prefix_path')
[0.190s] INFO:colcon.colcon_core.shell:Creating environment hook '/home/atelab/temp/ros2_basic_tut/install/pkg_topic/share/pkg_topic/hook/ament_prefix_path.ps1'
[0.191s] INFO:colcon.colcon_core.shell:Creating environment descriptor '/home/atelab/temp/ros2_basic_tut/install/pkg_topic/share/pkg_topic/hook/ament_prefix_path.dsv'
[0.191s] INFO:colcon.colcon_core.shell:Creating environment hook '/home/atelab/temp/ros2_basic_tut/install/pkg_topic/share/pkg_topic/hook/ament_prefix_path.sh'
[0.191s] INFO:colcon.colcon_core.shell:Skip shell extension 'powershell' for command environment: Not usable outside of PowerShell
[0.191s] DEBUG:colcon.colcon_core.shell:Skip shell extension 'dsv' for command environment
[0.194s] INFO:colcon.colcon_ros.task.ament_python.build:Building ROS package in '/home/atelab/temp/ros2_basic_tut/src/pkg_tf' with build type 'ament_python'
[0.194s] Level 1:colcon.colcon_core.shell:create_environment_hook('pkg_tf', 'ament_prefix_path')
[0.194s] INFO:colcon.colcon_core.shell:Creating environment hook '/home/atelab/temp/ros2_basic_tut/install/pkg_tf/share/pkg_tf/hook/ament_prefix_path.ps1'
[0.194s] INFO:colcon.colcon_core.shell:Creating environment descriptor '/home/atelab/temp/ros2_basic_tut/install/pkg_tf/share/pkg_tf/hook/ament_prefix_path.dsv'
[0.194s] INFO:colcon.colcon_core.shell:Creating environment hook '/home/atelab/temp/ros2_basic_tut/install/pkg_tf/share/pkg_tf/hook/ament_prefix_path.sh'
[0.195s] INFO:colcon.colcon_core.shell:Skip shell extension 'powershell' for command environment: Not usable outside of PowerShell
[0.195s] DEBUG:colcon.colcon_core.shell:Skip shell extension 'dsv' for command environment
[0.200s] DEBUG:colcon.colcon_core.event_handler.log_command:Invoking command in '/home/atelab/temp/ros2_basic_tut/build/pkg_interfaces': CMAKE_PREFIX_PATH=${CMAKE_PREFIX_PATH}:/opt/ros/jazzy DEBUGINFOD_URLS=https://debuginfod.ubuntu.com VIRTUAL_ENV_PROMPT=(venv-ardupilot) /usr/bin/cmake /home/atelab/temp/ros2_basic_tut/src/pkg_interfaces -DCMAKE_INSTALL_PREFIX=/home/atelab/temp/ros2_basic_tut/install/pkg_interfaces
[0.361s] INFO:colcon.colcon_core.task.python.build:Building Python package in '/home/atelab/temp/ros2_basic_tut/src/pkg_helloworld_py'
[0.361s] INFO:colcon.colcon_core.shell:Skip shell extension 'powershell' for command environment: Not usable outside of PowerShell
[0.361s] DEBUG:colcon.colcon_core.shell:Skip shell extension 'dsv' for command environment
[0.539s] INFO:colcon.colcon_core.task.python.build:Building Python package in '/home/atelab/temp/ros2_basic_tut/src/pkg_param'
[0.540s] INFO:colcon.colcon_core.shell:Skip shell extension 'powershell' for command environment: Not usable outside of PowerShell
[0.540s] DEBUG:colcon.colcon_core.shell:Skip shell extension 'dsv' for command environment
[0.705s] INFO:colcon.colcon_core.task.python.build:Building Python package in '/home/atelab/temp/ros2_basic_tut/src/pkg_service'
[0.705s] INFO:colcon.colcon_core.shell:Skip shell extension 'powershell' for command environment: Not usable outside of PowerShell
[0.705s] DEBUG:colcon.colcon_core.shell:Skip shell extension 'dsv' for command environment
[0.868s] INFO:colcon.colcon_core.task.python.build:Building Python package in '/home/atelab/temp/ros2_basic_tut/src/pkg_topic'
[0.868s] INFO:colcon.colcon_core.shell:Skip shell extension 'powershell' for command environment: Not usable outside of PowerShell
[0.869s] DEBUG:colcon.colcon_core.shell:Skip shell extension 'dsv' for command environment
[1.040s] INFO:colcon.colcon_core.task.python.build:Building Python package in '/home/atelab/temp/ros2_basic_tut/src/pkg_tf'
[1.040s] INFO:colcon.colcon_core.shell:Skip shell extension 'powershell' for command environment: Not usable outside of PowerShell
[1.040s] DEBUG:colcon.colcon_core.shell:Skip shell extension 'dsv' for command environment
[1.684s] DEBUG:colcon.colcon_core.event_handler.log_command:Invoking command in '/home/atelab/temp/ros2_basic_tut/src/pkg_helloworld_py': DEBUGINFOD_URLS=https://debuginfod.ubuntu.com PYTHONPATH=/home/atelab/temp/ros2_basic_tut/build/pkg_helloworld_py/prefix_override:/usr/lib/python3/dist-packages/colcon_core/task/python/colcon_distutils_commands:/home/atelab/temp/ros2_basic_tut/install/pkg_helloworld_py/lib/python3.12/site-packages:${PYTHONPATH} VIRTUAL_ENV_PROMPT=(venv-ardupilot) /usr/bin/python3 -W ignore:setup.py install is deprecated -W ignore:easy_install command is deprecated setup.py egg_info --egg-base ../../build/pkg_helloworld_py build --build-base /home/atelab/temp/ros2_basic_tut/build/pkg_helloworld_py/build install --record /home/atelab/temp/ros2_basic_tut/build/pkg_helloworld_py/install.log --single-version-externally-managed install_data
[1.716s] DEBUG:colcon.colcon_core.event_handler.log_command:Invoking command in '/home/atelab/temp/ros2_basic_tut/src/pkg_topic': DEBUGINFOD_URLS=https://debuginfod.ubuntu.com PYTHONPATH=/home/atelab/temp/ros2_basic_tut/build/pkg_topic/prefix_override:/usr/lib/python3/dist-packages/colcon_core/task/python/colcon_distutils_commands:/home/atelab/temp/ros2_basic_tut/install/pkg_topic/lib/python3.12/site-packages:${PYTHONPATH} VIRTUAL_ENV_PROMPT=(venv-ardupilot) /usr/bin/python3 -W ignore:setup.py install is deprecated -W ignore:easy_install command is deprecated setup.py egg_info --egg-base ../../build/pkg_topic build --build-base /home/atelab/temp/ros2_basic_tut/build/pkg_topic/build install --record /home/atelab/temp/ros2_basic_tut/build/pkg_topic/install.log --single-version-externally-managed install_data
[1.777s] DEBUG:colcon.colcon_core.event_handler.log_command:Invoking command in '/home/atelab/temp/ros2_basic_tut/src/pkg_param': DEBUGINFOD_URLS=https://debuginfod.ubuntu.com PYTHONPATH=/home/atelab/temp/ros2_basic_tut/build/pkg_param/prefix_override:/usr/lib/python3/dist-packages/colcon_core/task/python/colcon_distutils_commands:/home/atelab/temp/ros2_basic_tut/install/pkg_param/lib/python3.12/site-packages:${PYTHONPATH} VIRTUAL_ENV_PROMPT=(venv-ardupilot) /usr/bin/python3 -W ignore:setup.py install is deprecated -W ignore:easy_install command is deprecated setup.py egg_info --egg-base ../../build/pkg_param build --build-base /home/atelab/temp/ros2_basic_tut/build/pkg_param/build install --record /home/atelab/temp/ros2_basic_tut/build/pkg_param/install.log --single-version-externally-managed install_data
[1.816s] DEBUG:colcon.colcon_core.event_handler.log_command:Invoking command in '/home/atelab/temp/ros2_basic_tut/src/pkg_service': DEBUGINFOD_URLS=https://debuginfod.ubuntu.com PYTHONPATH=/home/atelab/temp/ros2_basic_tut/build/pkg_service/prefix_override:/usr/lib/python3/dist-packages/colcon_core/task/python/colcon_distutils_commands:/home/atelab/temp/ros2_basic_tut/install/pkg_service/lib/python3.12/site-packages:${PYTHONPATH} VIRTUAL_ENV_PROMPT=(venv-ardupilot) /usr/bin/python3 -W ignore:setup.py install is deprecated -W ignore:easy_install command is deprecated setup.py egg_info --egg-base ../../build/pkg_service build --build-base /home/atelab/temp/ros2_basic_tut/build/pkg_service/build install --record /home/atelab/temp/ros2_basic_tut/build/pkg_service/install.log --single-version-externally-managed install_data
[1.871s] DEBUG:colcon.colcon_core.event_handler.log_command:Invoking command in '/home/atelab/temp/ros2_basic_tut/src/pkg_tf': DEBUGINFOD_URLS=https://debuginfod.ubuntu.com PYTHONPATH=/home/atelab/temp/ros2_basic_tut/build/pkg_tf/prefix_override:/usr/lib/python3/dist-packages/colcon_core/task/python/colcon_distutils_commands:/home/atelab/temp/ros2_basic_tut/install/pkg_tf/lib/python3.12/site-packages:${PYTHONPATH} VIRTUAL_ENV_PROMPT=(venv-ardupilot) /usr/bin/python3 -W ignore:setup.py install is deprecated -W ignore:easy_install command is deprecated setup.py egg_info --egg-base ../../build/pkg_tf build --build-base /home/atelab/temp/ros2_basic_tut/build/pkg_tf/build install --record /home/atelab/temp/ros2_basic_tut/build/pkg_tf/install.log --single-version-externally-managed install_data
[2.312s] Level 1:colcon.colcon_core.environment:checking '/home/atelab/temp/ros2_basic_tut/install/pkg_helloworld_py' for CMake module files
[2.314s] Level 1:colcon.colcon_core.environment:checking '/home/atelab/temp/ros2_basic_tut/install/pkg_helloworld_py' for CMake config files
[2.315s] Level 1:colcon.colcon_core.environment:checking '/home/atelab/temp/ros2_basic_tut/install/pkg_helloworld_py/lib'
[2.315s] Level 1:colcon.colcon_core.environment:checking '/home/atelab/temp/ros2_basic_tut/install/pkg_helloworld_py/bin'
[2.315s] Level 1:colcon.colcon_core.environment:checking '/home/atelab/temp/ros2_basic_tut/install/pkg_helloworld_py/lib/pkgconfig/pkg_helloworld_py.pc'
[2.315s] Level 1:colcon.colcon_core.environment:checking '/home/atelab/temp/ros2_basic_tut/install/pkg_helloworld_py/lib/python3.12/site-packages'
[2.316s] Level 1:colcon.colcon_core.shell:create_environment_hook('pkg_helloworld_py', 'pythonpath')
[2.316s] INFO:colcon.colcon_core.shell:Creating environment hook '/home/atelab/temp/ros2_basic_tut/install/pkg_helloworld_py/share/pkg_helloworld_py/hook/pythonpath.ps1'
[2.313s] DEBUG:colcon.colcon_core.event_handler.log_command:Invoked command in '/home/atelab/temp/ros2_basic_tut/src/pkg_helloworld_py' returned '0': DEBUGINFOD_URLS=https://debuginfod.ubuntu.com PYTHONPATH=/home/atelab/temp/ros2_basic_tut/build/pkg_helloworld_py/prefix_override:/usr/lib/python3/dist-packages/colcon_core/task/python/colcon_distutils_commands:/home/atelab/temp/ros2_basic_tut/install/pkg_helloworld_py/lib/python3.12/site-packages:${PYTHONPATH} VIRTUAL_ENV_PROMPT=(venv-ardupilot) /usr/bin/python3 -W ignore:setup.py install is deprecated -W ignore:easy_install command is deprecated setup.py egg_info --egg-base ../../build/pkg_helloworld_py build --build-base /home/atelab/temp/ros2_basic_tut/build/pkg_helloworld_py/build install --record /home/atelab/temp/ros2_basic_tut/build/pkg_helloworld_py/install.log --single-version-externally-managed install_data
[2.325s] INFO:colcon.colcon_core.shell:Creating environment descriptor '/home/atelab/temp/ros2_basic_tut/install/pkg_helloworld_py/share/pkg_helloworld_py/hook/pythonpath.dsv'
[2.326s] INFO:colcon.colcon_core.shell:Creating environment hook '/home/atelab/temp/ros2_basic_tut/install/pkg_helloworld_py/share/pkg_helloworld_py/hook/pythonpath.sh'
[2.326s] Level 1:colcon.colcon_core.environment:checking '/home/atelab/temp/ros2_basic_tut/install/pkg_helloworld_py/bin'
[2.326s] Level 1:colcon.colcon_core.environment:create_environment_scripts_only(pkg_helloworld_py)
[2.327s] INFO:colcon.colcon_core.shell:Creating package script '/home/atelab/temp/ros2_basic_tut/install/pkg_helloworld_py/share/pkg_helloworld_py/package.ps1'
[2.328s] INFO:colcon.colcon_core.shell:Creating package descriptor '/home/atelab/temp/ros2_basic_tut/install/pkg_helloworld_py/share/pkg_helloworld_py/package.dsv'
[2.341s] INFO:colcon.colcon_core.shell:Creating package script '/home/atelab/temp/ros2_basic_tut/install/pkg_helloworld_py/share/pkg_helloworld_py/package.sh'
[2.342s] INFO:colcon.colcon_core.shell:Creating package script '/home/atelab/temp/ros2_basic_tut/install/pkg_helloworld_py/share/pkg_helloworld_py/package.bash'
[2.342s] INFO:colcon.colcon_core.shell:Creating package script '/home/atelab/temp/ros2_basic_tut/install/pkg_helloworld_py/share/pkg_helloworld_py/package.zsh'
[2.343s] Level 1:colcon.colcon_core.environment:create_file_with_runtime_dependencies(/home/atelab/temp/ros2_basic_tut/install/pkg_helloworld_py/share/colcon-core/packages/pkg_helloworld_py)
[2.355s] Level 1:colcon.colcon_core.environment:checking '/home/atelab/temp/ros2_basic_tut/install/pkg_topic' for CMake module files
[2.356s] Level 1:colcon.colcon_core.environment:checking '/home/atelab/temp/ros2_basic_tut/install/pkg_topic' for CMake config files
[2.356s] Level 1:colcon.colcon_core.environment:checking '/home/atelab/temp/ros2_basic_tut/install/pkg_topic/lib'
[2.356s] Level 1:colcon.colcon_core.environment:checking '/home/atelab/temp/ros2_basic_tut/install/pkg_topic/bin'
[2.356s] Level 1:colcon.colcon_core.environment:checking '/home/atelab/temp/ros2_basic_tut/install/pkg_topic/lib/pkgconfig/pkg_topic.pc'
[2.357s] Level 1:colcon.colcon_core.environment:checking '/home/atelab/temp/ros2_basic_tut/install/pkg_topic/lib/python3.12/site-packages'
[2.357s] Level 1:colcon.colcon_core.shell:create_environment_hook('pkg_topic', 'pythonpath')
[2.357s] INFO:colcon.colcon_core.shell:Creating environment hook '/home/atelab/temp/ros2_basic_tut/install/pkg_topic/share/pkg_topic/hook/pythonpath.ps1'
[2.357s] INFO:colcon.colcon_core.shell:Creating environment descriptor '/home/atelab/temp/ros2_basic_tut/install/pkg_topic/share/pkg_topic/hook/pythonpath.dsv'
[2.358s] INFO:colcon.colcon_core.shell:Creating environment hook '/home/atelab/temp/ros2_basic_tut/install/pkg_topic/share/pkg_topic/hook/pythonpath.sh'
[2.368s] DEBUG:colcon.colcon_core.event_handler.log_command:Invoked command in '/home/atelab/temp/ros2_basic_tut/src/pkg_topic' returned '0': DEBUGINFOD_URLS=https://debuginfod.ubuntu.com PYTHONPATH=/home/atelab/temp/ros2_basic_tut/build/pkg_topic/prefix_override:/usr/lib/python3/dist-packages/colcon_core/task/python/colcon_distutils_commands:/home/atelab/temp/ros2_basic_tut/install/pkg_topic/lib/python3.12/site-packages:${PYTHONPATH} VIRTUAL_ENV_PROMPT=(venv-ardupilot) /usr/bin/python3 -W ignore:setup.py install is deprecated -W ignore:easy_install command is deprecated setup.py egg_info --egg-base ../../build/pkg_topic build --build-base /home/atelab/temp/ros2_basic_tut/build/pkg_topic/build install --record /home/atelab/temp/ros2_basic_tut/build/pkg_topic/install.log --single-version-externally-managed install_data
[2.368s] Level 1:colcon.colcon_core.environment:checking '/home/atelab/temp/ros2_basic_tut/install/pkg_topic/bin'
[2.368s] Level 1:colcon.colcon_core.environment:create_environment_scripts_only(pkg_topic)
[2.369s] INFO:colcon.colcon_core.shell:Creating package script '/home/atelab/temp/ros2_basic_tut/install/pkg_topic/share/pkg_topic/package.ps1'
[2.370s] INFO:colcon.colcon_core.shell:Creating package descriptor '/home/atelab/temp/ros2_basic_tut/install/pkg_topic/share/pkg_topic/package.dsv'
[2.370s] INFO:colcon.colcon_core.shell:Creating package script '/home/atelab/temp/ros2_basic_tut/install/pkg_topic/share/pkg_topic/package.sh'
[2.370s] INFO:colcon.colcon_core.shell:Creating package script '/home/atelab/temp/ros2_basic_tut/install/pkg_topic/share/pkg_topic/package.bash'
[2.371s] INFO:colcon.colcon_core.shell:Creating package script '/home/atelab/temp/ros2_basic_tut/install/pkg_topic/share/pkg_topic/package.zsh'
[2.371s] Level 1:colcon.colcon_core.environment:create_file_with_runtime_dependencies(/home/atelab/temp/ros2_basic_tut/install/pkg_topic/share/colcon-core/packages/pkg_topic)
[2.465s] Level 1:colcon.colcon_core.environment:checking '/home/atelab/temp/ros2_basic_tut/install/pkg_tf' for CMake module files
[2.466s] DEBUG:colcon.colcon_core.event_handler.log_command:Invoked command in '/home/atelab/temp/ros2_basic_tut/src/pkg_tf' returned '0': DEBUGINFOD_URLS=https://debuginfod.ubuntu.com PYTHONPATH=/home/atelab/temp/ros2_basic_tut/build/pkg_tf/prefix_override:/usr/lib/python3/dist-packages/colcon_core/task/python/colcon_distutils_commands:/home/atelab/temp/ros2_basic_tut/install/pkg_tf/lib/python3.12/site-packages:${PYTHONPATH} VIRTUAL_ENV_PROMPT=(venv-ardupilot) /usr/bin/python3 -W ignore:setup.py install is deprecated -W ignore:easy_install command is deprecated setup.py egg_info --egg-base ../../build/pkg_tf build --build-base /home/atelab/temp/ros2_basic_tut/build/pkg_tf/build install --record /home/atelab/temp/ros2_basic_tut/build/pkg_tf/install.log --single-version-externally-managed install_data
[2.466s] Level 1:colcon.colcon_core.environment:checking '/home/atelab/temp/ros2_basic_tut/install/pkg_tf' for CMake config files
[2.467s] Level 1:colcon.colcon_core.environment:checking '/home/atelab/temp/ros2_basic_tut/install/pkg_tf/lib'
[2.467s] Level 1:colcon.colcon_core.environment:checking '/home/atelab/temp/ros2_basic_tut/install/pkg_tf/bin'
[2.467s] Level 1:colcon.colcon_core.environment:checking '/home/atelab/temp/ros2_basic_tut/install/pkg_tf/lib/pkgconfig/pkg_tf.pc'
[2.467s] Level 1:colcon.colcon_core.environment:checking '/home/atelab/temp/ros2_basic_tut/install/pkg_tf/lib/python3.12/site-packages'
[2.467s] Level 1:colcon.colcon_core.shell:create_environment_hook('pkg_tf', 'pythonpath')
[2.467s] INFO:colcon.colcon_core.shell:Creating environment hook '/home/atelab/temp/ros2_basic_tut/install/pkg_tf/share/pkg_tf/hook/pythonpath.ps1'
[2.467s] INFO:colcon.colcon_core.shell:Creating environment descriptor '/home/atelab/temp/ros2_basic_tut/install/pkg_tf/share/pkg_tf/hook/pythonpath.dsv'
[2.468s] INFO:colcon.colcon_core.shell:Creating environment hook '/home/atelab/temp/ros2_basic_tut/install/pkg_tf/share/pkg_tf/hook/pythonpath.sh'
[2.468s] Level 1:colcon.colcon_core.environment:checking '/home/atelab/temp/ros2_basic_tut/install/pkg_tf/bin'
[2.468s] Level 1:colcon.colcon_core.environment:create_environment_scripts_only(pkg_tf)
[2.468s] INFO:colcon.colcon_core.shell:Creating package script '/home/atelab/temp/ros2_basic_tut/install/pkg_tf/share/pkg_tf/package.ps1'
[2.469s] INFO:colcon.colcon_core.shell:Creating package descriptor '/home/atelab/temp/ros2_basic_tut/install/pkg_tf/share/pkg_tf/package.dsv'
[2.469s] INFO:colcon.colcon_core.shell:Creating package script '/home/atelab/temp/ros2_basic_tut/install/pkg_tf/share/pkg_tf/package.sh'
[2.469s] INFO:colcon.colcon_core.shell:Creating package script '/home/atelab/temp/ros2_basic_tut/install/pkg_tf/share/pkg_tf/package.bash'
[2.469s] INFO:colcon.colcon_core.shell:Creating package script '/home/atelab/temp/ros2_basic_tut/install/pkg_tf/share/pkg_tf/package.zsh'
[2.470s] Level 1:colcon.colcon_core.environment:create_file_with_runtime_dependencies(/home/atelab/temp/ros2_basic_tut/install/pkg_tf/share/colcon-core/packages/pkg_tf)
[2.503s] Level 1:colcon.colcon_core.environment:checking '/home/atelab/temp/ros2_basic_tut/install/pkg_param' for CMake module files
[2.504s] Level 1:colcon.colcon_core.environment:checking '/home/atelab/temp/ros2_basic_tut/install/pkg_param' for CMake config files
[2.504s] Level 1:colcon.colcon_core.environment:checking '/home/atelab/temp/ros2_basic_tut/install/pkg_param/lib'
[2.504s] Level 1:colcon.colcon_core.environment:checking '/home/atelab/temp/ros2_basic_tut/install/pkg_param/bin'
[2.504s] Level 1:colcon.colcon_core.environment:checking '/home/atelab/temp/ros2_basic_tut/install/pkg_param/lib/pkgconfig/pkg_param.pc'
[2.505s] Level 1:colcon.colcon_core.environment:checking '/home/atelab/temp/ros2_basic_tut/install/pkg_param/lib/python3.12/site-packages'
[2.505s] Level 1:colcon.colcon_core.shell:create_environment_hook('pkg_param', 'pythonpath')
[2.505s] INFO:colcon.colcon_core.shell:Creating environment hook '/home/atelab/temp/ros2_basic_tut/install/pkg_param/share/pkg_param/hook/pythonpath.ps1'
[2.505s] INFO:colcon.colcon_core.shell:Creating environment descriptor '/home/atelab/temp/ros2_basic_tut/install/pkg_param/share/pkg_param/hook/pythonpath.dsv'
[2.506s] INFO:colcon.colcon_core.shell:Creating environment hook '/home/atelab/temp/ros2_basic_tut/install/pkg_param/share/pkg_param/hook/pythonpath.sh'
[2.506s] Level 1:colcon.colcon_core.environment:checking '/home/atelab/temp/ros2_basic_tut/install/pkg_param/bin'
[2.507s] DEBUG:colcon.colcon_core.event_handler.log_command:Invoked command in '/home/atelab/temp/ros2_basic_tut/src/pkg_param' returned '0': DEBUGINFOD_URLS=https://debuginfod.ubuntu.com PYTHONPATH=/home/atelab/temp/ros2_basic_tut/build/pkg_param/prefix_override:/usr/lib/python3/dist-packages/colcon_core/task/python/colcon_distutils_commands:/home/atelab/temp/ros2_basic_tut/install/pkg_param/lib/python3.12/site-packages:${PYTHONPATH} VIRTUAL_ENV_PROMPT=(venv-ardupilot) /usr/bin/python3 -W ignore:setup.py install is deprecated -W ignore:easy_install command is deprecated setup.py egg_info --egg-base ../../build/pkg_param build --build-base /home/atelab/temp/ros2_basic_tut/build/pkg_param/build install --record /home/atelab/temp/ros2_basic_tut/build/pkg_param/install.log --single-version-externally-managed install_data
[2.507s] Level 1:colcon.colcon_core.environment:create_environment_scripts_only(pkg_param)
[2.507s] INFO:colcon.colcon_core.shell:Creating package script '/home/atelab/temp/ros2_basic_tut/install/pkg_param/share/pkg_param/package.ps1'
[2.508s] INFO:colcon.colcon_core.shell:Creating package descriptor '/home/atelab/temp/ros2_basic_tut/install/pkg_param/share/pkg_param/package.dsv'
[2.508s] INFO:colcon.colcon_core.shell:Creating package script '/home/atelab/temp/ros2_basic_tut/install/pkg_param/share/pkg_param/package.sh'
[2.509s] INFO:colcon.colcon_core.shell:Creating package script '/home/atelab/temp/ros2_basic_tut/install/pkg_param/share/pkg_param/package.bash'
[2.509s] INFO:colcon.colcon_core.shell:Creating package script '/home/atelab/temp/ros2_basic_tut/install/pkg_param/share/pkg_param/package.zsh'
[2.509s] Level 1:colcon.colcon_core.environment:create_file_with_runtime_dependencies(/home/atelab/temp/ros2_basic_tut/install/pkg_param/share/colcon-core/packages/pkg_param)
[2.537s] Level 1:colcon.colcon_core.environment:checking '/home/atelab/temp/ros2_basic_tut/install/pkg_service' for CMake module files
[2.538s] Level 1:colcon.colcon_core.environment:checking '/home/atelab/temp/ros2_basic_tut/install/pkg_service' for CMake config files
[2.538s] Level 1:colcon.colcon_core.environment:checking '/home/atelab/temp/ros2_basic_tut/install/pkg_service/lib'
[2.538s] Level 1:colcon.colcon_core.environment:checking '/home/atelab/temp/ros2_basic_tut/install/pkg_service/bin'
[2.538s] Level 1:colcon.colcon_core.environment:checking '/home/atelab/temp/ros2_basic_tut/install/pkg_service/lib/pkgconfig/pkg_service.pc'
[2.539s] Level 1:colcon.colcon_core.environment:checking '/home/atelab/temp/ros2_basic_tut/install/pkg_service/lib/python3.12/site-packages'
[2.539s] Level 1:colcon.colcon_core.shell:create_environment_hook('pkg_service', 'pythonpath')
[2.539s] INFO:colcon.colcon_core.shell:Creating environment hook '/home/atelab/temp/ros2_basic_tut/install/pkg_service/share/pkg_service/hook/pythonpath.ps1'
[2.539s] INFO:colcon.colcon_core.shell:Creating environment descriptor '/home/atelab/temp/ros2_basic_tut/install/pkg_service/share/pkg_service/hook/pythonpath.dsv'
[2.540s] INFO:colcon.colcon_core.shell:Creating environment hook '/home/atelab/temp/ros2_basic_tut/install/pkg_service/share/pkg_service/hook/pythonpath.sh'
[2.540s] Level 1:colcon.colcon_core.environment:checking '/home/atelab/temp/ros2_basic_tut/install/pkg_service/bin'
[2.540s] Level 1:colcon.colcon_core.environment:create_environment_scripts_only(pkg_service)
[2.540s] INFO:colcon.colcon_core.shell:Creating package script '/home/atelab/temp/ros2_basic_tut/install/pkg_service/share/pkg_service/package.ps1'
[2.541s] INFO:colcon.colcon_core.shell:Creating package descriptor '/home/atelab/temp/ros2_basic_tut/install/pkg_service/share/pkg_service/package.dsv'
[2.541s] INFO:colcon.colcon_core.shell:Creating package script '/home/atelab/temp/ros2_basic_tut/install/pkg_service/share/pkg_service/package.sh'
[2.542s] INFO:colcon.colcon_core.shell:Creating package script '/home/atelab/temp/ros2_basic_tut/install/pkg_service/share/pkg_service/package.bash'
[2.542s] INFO:colcon.colcon_core.shell:Creating package script '/home/atelab/temp/ros2_basic_tut/install/pkg_service/share/pkg_service/package.zsh'
[2.542s] Level 1:colcon.colcon_core.environment:create_file_with_runtime_dependencies(/home/atelab/temp/ros2_basic_tut/install/pkg_service/share/colcon-core/packages/pkg_service)
[2.543s] DEBUG:colcon.colcon_core.event_handler.log_command:Invoked command in '/home/atelab/temp/ros2_basic_tut/src/pkg_service' returned '0': DEBUGINFOD_URLS=https://debuginfod.ubuntu.com PYTHONPATH=/home/atelab/temp/ros2_basic_tut/build/pkg_service/prefix_override:/usr/lib/python3/dist-packages/colcon_core/task/python/colcon_distutils_commands:/home/atelab/temp/ros2_basic_tut/install/pkg_service/lib/python3.12/site-packages:${PYTHONPATH} VIRTUAL_ENV_PROMPT=(venv-ardupilot) /usr/bin/python3 -W ignore:setup.py install is deprecated -W ignore:easy_install command is deprecated setup.py egg_info --egg-base ../../build/pkg_service build --build-base /home/atelab/temp/ros2_basic_tut/build/pkg_service/build install --record /home/atelab/temp/ros2_basic_tut/build/pkg_service/install.log --single-version-externally-managed install_data
[3.318s] DEBUG:colcon.colcon_core.event_handler.log_command:Invoked command in '/home/atelab/temp/ros2_basic_tut/build/pkg_interfaces' returned '0': CMAKE_PREFIX_PATH=${CMAKE_PREFIX_PATH}:/opt/ros/jazzy DEBUGINFOD_URLS=https://debuginfod.ubuntu.com VIRTUAL_ENV_PROMPT=(venv-ardupilot) /usr/bin/cmake /home/atelab/temp/ros2_basic_tut/src/pkg_interfaces -DCMAKE_INSTALL_PREFIX=/home/atelab/temp/ros2_basic_tut/install/pkg_interfaces
[3.319s] DEBUG:colcon.colcon_core.event_handler.log_command:Invoking command in '/home/atelab/temp/ros2_basic_tut/build/pkg_interfaces': CMAKE_PREFIX_PATH=${CMAKE_PREFIX_PATH}:/opt/ros/jazzy DEBUGINFOD_URLS=https://debuginfod.ubuntu.com VIRTUAL_ENV_PROMPT=(venv-ardupilot) /usr/bin/cmake --build /home/atelab/temp/ros2_basic_tut/build/pkg_interfaces -- -j8 -l8
[8.536s] DEBUG:colcon.colcon_core.event_handler.log_command:Invoked command in '/home/atelab/temp/ros2_basic_tut/build/pkg_interfaces' returned '0': CMAKE_PREFIX_PATH=${CMAKE_PREFIX_PATH}:/opt/ros/jazzy DEBUGINFOD_URLS=https://debuginfod.ubuntu.com VIRTUAL_ENV_PROMPT=(venv-ardupilot) /usr/bin/cmake --build /home/atelab/temp/ros2_basic_tut/build/pkg_interfaces -- -j8 -l8
[8.544s] DEBUG:colcon.colcon_core.event_handler.log_command:Invoking command in '/home/atelab/temp/ros2_basic_tut/build/pkg_interfaces': CMAKE_PREFIX_PATH=${CMAKE_PREFIX_PATH}:/opt/ros/jazzy DEBUGINFOD_URLS=https://debuginfod.ubuntu.com VIRTUAL_ENV_PROMPT=(venv-ardupilot) /usr/bin/cmake --install /home/atelab/temp/ros2_basic_tut/build/pkg_interfaces
[8.615s] Level 1:colcon.colcon_core.environment:create_environment_scripts_only(pkg_interfaces)
[8.615s] Level 1:colcon.colcon_core.environment:checking '/home/atelab/temp/ros2_basic_tut/install/pkg_interfaces' for CMake module files
[8.615s] DEBUG:colcon.colcon_core.event_handler.log_command:Invoked command in '/home/atelab/temp/ros2_basic_tut/build/pkg_interfaces' returned '0': CMAKE_PREFIX_PATH=${CMAKE_PREFIX_PATH}:/opt/ros/jazzy DEBUGINFOD_URLS=https://debuginfod.ubuntu.com VIRTUAL_ENV_PROMPT=(venv-ardupilot) /usr/bin/cmake --install /home/atelab/temp/ros2_basic_tut/build/pkg_interfaces
[8.616s] Level 1:colcon.colcon_core.environment:checking '/home/atelab/temp/ros2_basic_tut/install/pkg_interfaces' for CMake config files
[8.616s] Level 1:colcon.colcon_core.shell:create_environment_hook('pkg_interfaces', 'cmake_prefix_path')
[8.616s] INFO:colcon.colcon_core.shell:Creating environment hook '/home/atelab/temp/ros2_basic_tut/install/pkg_interfaces/share/pkg_interfaces/hook/cmake_prefix_path.ps1'
[8.617s] INFO:colcon.colcon_core.shell:Creating environment descriptor '/home/atelab/temp/ros2_basic_tut/install/pkg_interfaces/share/pkg_interfaces/hook/cmake_prefix_path.dsv'
[8.617s] INFO:colcon.colcon_core.shell:Creating environment hook '/home/atelab/temp/ros2_basic_tut/install/pkg_interfaces/share/pkg_interfaces/hook/cmake_prefix_path.sh'
[8.617s] Level 1:colcon.colcon_core.environment:checking '/home/atelab/temp/ros2_basic_tut/install/pkg_interfaces/lib'
[8.618s] Level 1:colcon.colcon_core.shell:create_environment_hook('pkg_interfaces', 'ld_library_path_lib')
[8.618s] INFO:colcon.colcon_core.shell:Creating environment hook '/home/atelab/temp/ros2_basic_tut/install/pkg_interfaces/share/pkg_interfaces/hook/ld_library_path_lib.ps1'
[8.618s] INFO:colcon.colcon_core.shell:Creating environment descriptor '/home/atelab/temp/ros2_basic_tut/install/pkg_interfaces/share/pkg_interfaces/hook/ld_library_path_lib.dsv'
[8.618s] INFO:colcon.colcon_core.shell:Creating environment hook '/home/atelab/temp/ros2_basic_tut/install/pkg_interfaces/share/pkg_interfaces/hook/ld_library_path_lib.sh'
[8.619s] Level 1:colcon.colcon_core.environment:checking '/home/atelab/temp/ros2_basic_tut/install/pkg_interfaces/bin'
[8.619s] Level 1:colcon.colcon_core.environment:checking '/home/atelab/temp/ros2_basic_tut/install/pkg_interfaces/lib/pkgconfig/pkg_interfaces.pc'
[8.619s] Level 1:colcon.colcon_core.environment:checking '/home/atelab/temp/ros2_basic_tut/install/pkg_interfaces/lib/python3.12/site-packages'
[8.619s] Level 1:colcon.colcon_core.shell:create_environment_hook('pkg_interfaces', 'pythonpath')
[8.619s] INFO:colcon.colcon_core.shell:Creating environment hook '/home/atelab/temp/ros2_basic_tut/install/pkg_interfaces/share/pkg_interfaces/hook/pythonpath.ps1'
[8.619s] INFO:colcon.colcon_core.shell:Creating environment descriptor '/home/atelab/temp/ros2_basic_tut/install/pkg_interfaces/share/pkg_interfaces/hook/pythonpath.dsv'
[8.620s] INFO:colcon.colcon_core.shell:Creating environment hook '/home/atelab/temp/ros2_basic_tut/install/pkg_interfaces/share/pkg_interfaces/hook/pythonpath.sh'
[8.620s] Level 1:colcon.colcon_core.environment:checking '/home/atelab/temp/ros2_basic_tut/install/pkg_interfaces/bin'
[8.620s] INFO:colcon.colcon_core.shell:Creating package script '/home/atelab/temp/ros2_basic_tut/install/pkg_interfaces/share/pkg_interfaces/package.ps1'
[8.621s] INFO:colcon.colcon_core.shell:Creating package descriptor '/home/atelab/temp/ros2_basic_tut/install/pkg_interfaces/share/pkg_interfaces/package.dsv'
[8.621s] INFO:colcon.colcon_core.shell:Creating package script '/home/atelab/temp/ros2_basic_tut/install/pkg_interfaces/share/pkg_interfaces/package.sh'
[8.622s] INFO:colcon.colcon_core.shell:Creating package script '/home/atelab/temp/ros2_basic_tut/install/pkg_interfaces/share/pkg_interfaces/package.bash'
[8.622s] INFO:colcon.colcon_core.shell:Creating package script '/home/atelab/temp/ros2_basic_tut/install/pkg_interfaces/share/pkg_interfaces/package.zsh'
[8.622s] Level 1:colcon.colcon_core.environment:create_file_with_runtime_dependencies(/home/atelab/temp/ros2_basic_tut/install/pkg_interfaces/share/colcon-core/packages/pkg_interfaces)
[8.623s] Level 1:colcon.colcon_core.environment:create_environment_scripts_only(pkg_interfaces)
[8.623s] Level 1:colcon.colcon_core.environment:checking '/home/atelab/temp/ros2_basic_tut/install/pkg_interfaces' for CMake module files
[8.624s] Level 1:colcon.colcon_core.environment:checking '/home/atelab/temp/ros2_basic_tut/install/pkg_interfaces' for CMake config files
[8.625s] Level 1:colcon.colcon_core.shell:create_environment_hook('pkg_interfaces', 'cmake_prefix_path')
[8.625s] INFO:colcon.colcon_core.shell:Creating environment hook '/home/atelab/temp/ros2_basic_tut/install/pkg_interfaces/share/pkg_interfaces/hook/cmake_prefix_path.ps1'
[8.625s] INFO:colcon.colcon_core.shell:Creating environment descriptor '/home/atelab/temp/ros2_basic_tut/install/pkg_interfaces/share/pkg_interfaces/hook/cmake_prefix_path.dsv'
[8.625s] INFO:colcon.colcon_core.shell:Creating environment hook '/home/atelab/temp/ros2_basic_tut/install/pkg_interfaces/share/pkg_interfaces/hook/cmake_prefix_path.sh'
[8.626s] Level 1:colcon.colcon_core.environment:checking '/home/atelab/temp/ros2_basic_tut/install/pkg_interfaces/lib'
[8.626s] Level 1:colcon.colcon_core.shell:create_environment_hook('pkg_interfaces', 'ld_library_path_lib')
[8.626s] INFO:colcon.colcon_core.shell:Creating environment hook '/home/atelab/temp/ros2_basic_tut/install/pkg_interfaces/share/pkg_interfaces/hook/ld_library_path_lib.ps1'
[8.626s] INFO:colcon.colcon_core.shell:Creating environment descriptor '/home/atelab/temp/ros2_basic_tut/install/pkg_interfaces/share/pkg_interfaces/hook/ld_library_path_lib.dsv'
[8.627s] INFO:colcon.colcon_core.shell:Creating environment hook '/home/atelab/temp/ros2_basic_tut/install/pkg_interfaces/share/pkg_interfaces/hook/ld_library_path_lib.sh'
[8.627s] Level 1:colcon.colcon_core.environment:checking '/home/atelab/temp/ros2_basic_tut/install/pkg_interfaces/bin'
[8.627s] Level 1:colcon.colcon_core.environment:checking '/home/atelab/temp/ros2_basic_tut/install/pkg_interfaces/lib/pkgconfig/pkg_interfaces.pc'
[8.627s] Level 1:colcon.colcon_core.environment:checking '/home/atelab/temp/ros2_basic_tut/install/pkg_interfaces/lib/python3.12/site-packages'
[8.627s] Level 1:colcon.colcon_core.shell:create_environment_hook('pkg_interfaces', 'pythonpath')
[8.628s] INFO:colcon.colcon_core.shell:Creating environment hook '/home/atelab/temp/ros2_basic_tut/install/pkg_interfaces/share/pkg_interfaces/hook/pythonpath.ps1'
[8.628s] INFO:colcon.colcon_core.shell:Creating environment descriptor '/home/atelab/temp/ros2_basic_tut/install/pkg_interfaces/share/pkg_interfaces/hook/pythonpath.dsv'
[8.628s] INFO:colcon.colcon_core.shell:Creating environment hook '/home/atelab/temp/ros2_basic_tut/install/pkg_interfaces/share/pkg_interfaces/hook/pythonpath.sh'
[8.629s] Level 1:colcon.colcon_core.environment:checking '/home/atelab/temp/ros2_basic_tut/install/pkg_interfaces/bin'
[8.629s] INFO:colcon.colcon_core.shell:Creating package script '/home/atelab/temp/ros2_basic_tut/install/pkg_interfaces/share/pkg_interfaces/package.ps1'
[8.629s] INFO:colcon.colcon_core.shell:Creating package descriptor '/home/atelab/temp/ros2_basic_tut/install/pkg_interfaces/share/pkg_interfaces/package.dsv'
[8.630s] INFO:colcon.colcon_core.shell:Creating package script '/home/atelab/temp/ros2_basic_tut/install/pkg_interfaces/share/pkg_interfaces/package.sh'
[8.630s] INFO:colcon.colcon_core.shell:Creating package script '/home/atelab/temp/ros2_basic_tut/install/pkg_interfaces/share/pkg_interfaces/package.bash'
[8.630s] INFO:colcon.colcon_core.shell:Creating package script '/home/atelab/temp/ros2_basic_tut/install/pkg_interfaces/share/pkg_interfaces/package.zsh'
[8.631s] Level 1:colcon.colcon_core.environment:create_file_with_runtime_dependencies(/home/atelab/temp/ros2_basic_tut/install/pkg_interfaces/share/colcon-core/packages/pkg_interfaces)
[8.631s] INFO:colcon.colcon_ros.task.ament_python.build:Building ROS package in '/home/atelab/temp/ros2_basic_tut/src/pkg_action' with build type 'ament_python'
[8.631s] Level 1:colcon.colcon_core.shell:create_environment_hook('pkg_action', 'ament_prefix_path')
[8.631s] INFO:colcon.colcon_core.shell:Creating environment hook '/home/atelab/temp/ros2_basic_tut/install/pkg_action/share/pkg_action/hook/ament_prefix_path.ps1'
[8.632s] INFO:colcon.colcon_core.shell:Creating environment descriptor '/home/atelab/temp/ros2_basic_tut/install/pkg_action/share/pkg_action/hook/ament_prefix_path.dsv'
[8.632s] INFO:colcon.colcon_core.shell:Creating environment hook '/home/atelab/temp/ros2_basic_tut/install/pkg_action/share/pkg_action/hook/ament_prefix_path.sh'
[8.633s] INFO:colcon.colcon_core.shell:Skip shell extension 'powershell' for command environment: Not usable outside of PowerShell
[8.633s] DEBUG:colcon.colcon_core.shell:Skip shell extension 'dsv' for command environment
[8.833s] INFO:colcon.colcon_core.task.python.build:Building Python package in '/home/atelab/temp/ros2_basic_tut/src/pkg_action'
[8.833s] INFO:colcon.colcon_core.shell:Skip shell extension 'powershell' for command environment: Not usable outside of PowerShell
[8.833s] DEBUG:colcon.colcon_core.shell:Skip shell extension 'dsv' for command environment
[9.343s] DEBUG:colcon.colcon_core.event_handler.log_command:Invoking command in '/home/atelab/temp/ros2_basic_tut/src/pkg_action': AMENT_PREFIX_PATH=/home/atelab/temp/ros2_basic_tut/install/pkg_interfaces:${AMENT_PREFIX_PATH} CMAKE_PREFIX_PATH=/home/atelab/temp/ros2_basic_tut/install/pkg_interfaces:${CMAKE_PREFIX_PATH} DEBUGINFOD_URLS=https://debuginfod.ubuntu.com LD_LIBRARY_PATH=/home/atelab/temp/ros2_basic_tut/install/pkg_interfaces/lib:${LD_LIBRARY_PATH} PYTHONPATH=/home/atelab/temp/ros2_basic_tut/build/pkg_action/prefix_override:/usr/lib/python3/dist-packages/colcon_core/task/python/colcon_distutils_commands:/home/atelab/temp/ros2_basic_tut/install/pkg_action/lib/python3.12/site-packages:/home/atelab/temp/ros2_basic_tut/install/pkg_interfaces/lib/python3.12/site-packages:${PYTHONPATH} VIRTUAL_ENV_PROMPT=(venv-ardupilot) /usr/bin/python3 -W ignore:setup.py install is deprecated -W ignore:easy_install command is deprecated setup.py egg_info --egg-base ../../build/pkg_action build --build-base /home/atelab/temp/ros2_basic_tut/build/pkg_action/build install --record /home/atelab/temp/ros2_basic_tut/build/pkg_action/install.log --single-version-externally-managed install_data
[9.793s] Level 1:colcon.colcon_core.environment:checking '/home/atelab/temp/ros2_basic_tut/install/pkg_action' for CMake module files
[9.793s] DEBUG:colcon.colcon_core.event_handler.log_command:Invoked command in '/home/atelab/temp/ros2_basic_tut/src/pkg_action' returned '0': AMENT_PREFIX_PATH=/home/atelab/temp/ros2_basic_tut/install/pkg_interfaces:${AMENT_PREFIX_PATH} CMAKE_PREFIX_PATH=/home/atelab/temp/ros2_basic_tut/install/pkg_interfaces:${CMAKE_PREFIX_PATH} DEBUGINFOD_URLS=https://debuginfod.ubuntu.com LD_LIBRARY_PATH=/home/atelab/temp/ros2_basic_tut/install/pkg_interfaces/lib:${LD_LIBRARY_PATH} PYTHONPATH=/home/atelab/temp/ros2_basic_tut/build/pkg_action/prefix_override:/usr/lib/python3/dist-packages/colcon_core/task/python/colcon_distutils_commands:/home/atelab/temp/ros2_basic_tut/install/pkg_action/lib/python3.12/site-packages:/home/atelab/temp/ros2_basic_tut/install/pkg_interfaces/lib/python3.12/site-packages:${PYTHONPATH} VIRTUAL_ENV_PROMPT=(venv-ardupilot) /usr/bin/python3 -W ignore:setup.py install is deprecated -W ignore:easy_install command is deprecated setup.py egg_info --egg-base ../../build/pkg_action build --build-base /home/atelab/temp/ros2_basic_tut/build/pkg_action/build install --record /home/atelab/temp/ros2_basic_tut/build/pkg_action/install.log --single-version-externally-managed install_data
[9.794s] Level 1:colcon.colcon_core.environment:checking '/home/atelab/temp/ros2_basic_tut/install/pkg_action' for CMake config files
[9.794s] Level 1:colcon.colcon_core.environment:checking '/home/atelab/temp/ros2_basic_tut/install/pkg_action/lib'
[9.794s] Level 1:colcon.colcon_core.environment:checking '/home/atelab/temp/ros2_basic_tut/install/pkg_action/bin'
[9.794s] Level 1:colcon.colcon_core.environment:checking '/home/atelab/temp/ros2_basic_tut/install/pkg_action/lib/pkgconfig/pkg_action.pc'
[9.795s] Level 1:colcon.colcon_core.environment:checking '/home/atelab/temp/ros2_basic_tut/install/pkg_action/lib/python3.12/site-packages'
[9.795s] Level 1:colcon.colcon_core.shell:create_environment_hook('pkg_action', 'pythonpath')
[9.795s] INFO:colcon.colcon_core.shell:Creating environment hook '/home/atelab/temp/ros2_basic_tut/install/pkg_action/share/pkg_action/hook/pythonpath.ps1'
[9.795s] INFO:colcon.colcon_core.shell:Creating environment descriptor '/home/atelab/temp/ros2_basic_tut/install/pkg_action/share/pkg_action/hook/pythonpath.dsv'
[9.796s] INFO:colcon.colcon_core.shell:Creating environment hook '/home/atelab/temp/ros2_basic_tut/install/pkg_action/share/pkg_action/hook/pythonpath.sh'
[9.796s] Level 1:colcon.colcon_core.environment:checking '/home/atelab/temp/ros2_basic_tut/install/pkg_action/bin'
[9.796s] Level 1:colcon.colcon_core.environment:create_environment_scripts_only(pkg_action)
[9.796s] INFO:colcon.colcon_core.shell:Creating package script '/home/atelab/temp/ros2_basic_tut/install/pkg_action/share/pkg_action/package.ps1'
[9.796s] INFO:colcon.colcon_core.shell:Creating package descriptor '/home/atelab/temp/ros2_basic_tut/install/pkg_action/share/pkg_action/package.dsv'
[9.797s] INFO:colcon.colcon_core.shell:Creating package script '/home/atelab/temp/ros2_basic_tut/install/pkg_action/share/pkg_action/package.sh'
[9.797s] INFO:colcon.colcon_core.shell:Creating package script '/home/atelab/temp/ros2_basic_tut/install/pkg_action/share/pkg_action/package.bash'
[9.797s] INFO:colcon.colcon_core.shell:Creating package script '/home/atelab/temp/ros2_basic_tut/install/pkg_action/share/pkg_action/package.zsh'
[9.797s] Level 1:colcon.colcon_core.environment:create_file_with_runtime_dependencies(/home/atelab/temp/ros2_basic_tut/install/pkg_action/share/colcon-core/packages/pkg_action)
[9.798s] INFO:colcon.colcon_ros.task.ament_cmake.build:Building ROS package in '/home/atelab/temp/ros2_basic_tut/src/pkg_metapackage' with build type 'ament_cmake'
[9.798s] INFO:colcon.colcon_cmake.task.cmake.build:Building CMake package in '/home/atelab/temp/ros2_basic_tut/src/pkg_metapackage'
[9.798s] INFO:colcon.colcon_core.shell:Skip shell extension 'powershell' for command environment: Not usable outside of PowerShell
[9.798s] DEBUG:colcon.colcon_core.shell:Skip shell extension 'dsv' for command environment
[9.809s] DEBUG:colcon.colcon_core.event_handler.log_command:Invoking command in '/home/atelab/temp/ros2_basic_tut/build/pkg_metapackage': AMENT_PREFIX_PATH=/home/atelab/temp/ros2_basic_tut/install/pkg_action:/home/atelab/temp/ros2_basic_tut/install/pkg_topic:/home/atelab/temp/ros2_basic_tut/install/pkg_service:/home/atelab/temp/ros2_basic_tut/install/pkg_param:/home/atelab/temp/ros2_basic_tut/install/pkg_interfaces:/home/atelab/temp/ros2_basic_tut/install/pkg_helloworld_py:${AMENT_PREFIX_PATH} CMAKE_PREFIX_PATH=/home/atelab/temp/ros2_basic_tut/install/pkg_interfaces:/opt/ros/jazzy/opt/gz_sim_vendor:/opt/ros/jazzy/opt/gz_sensors_vendor:/opt/ros/jazzy/opt/gz_physics_vendor:/opt/ros/jazzy/opt/sdformat_vendor:/opt/ros/jazzy/opt/gz_gui_vendor:/opt/ros/jazzy/opt/gz_transport_vendor:/opt/ros/jazzy/opt/gz_rendering_vendor:/opt/ros/jazzy/opt/gz_plugin_vendor:/opt/ros/jazzy/opt/gz_fuel_tools_vendor:/opt/ros/jazzy/opt/gz_msgs_vendor:/opt/ros/jazzy/opt/gz_common_vendor:/opt/ros/jazzy/opt/gz_math_vendor:/opt/ros/jazzy/opt/gz_utils_vendor:/opt/ros/jazzy/opt/gz_tools_vendor:/opt/ros/jazzy/opt/gz_ogre_next_vendor:/opt/ros/jazzy/opt/gz_dartsim_vendor:/opt/ros/jazzy/opt/gz_cmake_vendor:/opt/ros/jazzy DEBUGINFOD_URLS=https://debuginfod.ubuntu.com LD_LIBRARY_PATH=/home/atelab/temp/ros2_basic_tut/install/pkg_interfaces/lib:${LD_LIBRARY_PATH} PYTHONPATH=/home/atelab/temp/ros2_basic_tut/install/pkg_action/lib/python3.12/site-packages:/home/atelab/temp/ros2_basic_tut/install/pkg_topic/lib/python3.12/site-packages:/home/atelab/temp/ros2_basic_tut/install/pkg_service/lib/python3.12/site-packages:/home/atelab/temp/ros2_basic_tut/install/pkg_param/lib/python3.12/site-packages:/home/atelab/temp/ros2_basic_tut/install/pkg_interfaces/lib/python3.12/site-packages:/home/atelab/temp/ros2_basic_tut/install/pkg_helloworld_py/lib/python3.12/site-packages:${PYTHONPATH} VIRTUAL_ENV_PROMPT=(venv-ardupilot) /usr/bin/cmake /home/atelab/temp/ros2_basic_tut/src/pkg_metapackage -DCMAKE_INSTALL_PREFIX=/home/atelab/temp/ros2_basic_tut/install/pkg_metapackage
[10.462s] DEBUG:colcon.colcon_core.event_handler.log_command:Invoked command in '/home/atelab/temp/ros2_basic_tut/build/pkg_metapackage' returned '0': AMENT_PREFIX_PATH=/home/atelab/temp/ros2_basic_tut/install/pkg_action:/home/atelab/temp/ros2_basic_tut/install/pkg_topic:/home/atelab/temp/ros2_basic_tut/install/pkg_service:/home/atelab/temp/ros2_basic_tut/install/pkg_param:/home/atelab/temp/ros2_basic_tut/install/pkg_interfaces:/home/atelab/temp/ros2_basic_tut/install/pkg_helloworld_py:${AMENT_PREFIX_PATH} CMAKE_PREFIX_PATH=/home/atelab/temp/ros2_basic_tut/install/pkg_interfaces:/opt/ros/jazzy/opt/gz_sim_vendor:/opt/ros/jazzy/opt/gz_sensors_vendor:/opt/ros/jazzy/opt/gz_physics_vendor:/opt/ros/jazzy/opt/sdformat_vendor:/opt/ros/jazzy/opt/gz_gui_vendor:/opt/ros/jazzy/opt/gz_transport_vendor:/opt/ros/jazzy/opt/gz_rendering_vendor:/opt/ros/jazzy/opt/gz_plugin_vendor:/opt/ros/jazzy/opt/gz_fuel_tools_vendor:/opt/ros/jazzy/opt/gz_msgs_vendor:/opt/ros/jazzy/opt/gz_common_vendor:/opt/ros/jazzy/opt/gz_math_vendor:/opt/ros/jazzy/opt/gz_utils_vendor:/opt/ros/jazzy/opt/gz_tools_vendor:/opt/ros/jazzy/opt/gz_ogre_next_vendor:/opt/ros/jazzy/opt/gz_dartsim_vendor:/opt/ros/jazzy/opt/gz_cmake_vendor:/opt/ros/jazzy DEBUGINFOD_URLS=https://debuginfod.ubuntu.com LD_LIBRARY_PATH=/home/atelab/temp/ros2_basic_tut/install/pkg_interfaces/lib:${LD_LIBRARY_PATH} PYTHONPATH=/home/atelab/temp/ros2_basic_tut/install/pkg_action/lib/python3.12/site-packages:/home/atelab/temp/ros2_basic_tut/install/pkg_topic/lib/python3.12/site-packages:/home/atelab/temp/ros2_basic_tut/install/pkg_service/lib/python3.12/site-packages:/home/atelab/temp/ros2_basic_tut/install/pkg_param/lib/python3.12/site-packages:/home/atelab/temp/ros2_basic_tut/install/pkg_interfaces/lib/python3.12/site-packages:/home/atelab/temp/ros2_basic_tut/install/pkg_helloworld_py/lib/python3.12/site-packages:${PYTHONPATH} VIRTUAL_ENV_PROMPT=(venv-ardupilot) /usr/bin/cmake /home/atelab/temp/ros2_basic_tut/src/pkg_metapackage -DCMAKE_INSTALL_PREFIX=/home/atelab/temp/ros2_basic_tut/install/pkg_metapackage
[10.463s] DEBUG:colcon.colcon_core.event_handler.log_command:Invoking command in '/home/atelab/temp/ros2_basic_tut/build/pkg_metapackage': AMENT_PREFIX_PATH=/home/atelab/temp/ros2_basic_tut/install/pkg_action:/home/atelab/temp/ros2_basic_tut/install/pkg_topic:/home/atelab/temp/ros2_basic_tut/install/pkg_service:/home/atelab/temp/ros2_basic_tut/install/pkg_param:/home/atelab/temp/ros2_basic_tut/install/pkg_interfaces:/home/atelab/temp/ros2_basic_tut/install/pkg_helloworld_py:${AMENT_PREFIX_PATH} CMAKE_PREFIX_PATH=/home/atelab/temp/ros2_basic_tut/install/pkg_interfaces:/opt/ros/jazzy/opt/gz_sim_vendor:/opt/ros/jazzy/opt/gz_sensors_vendor:/opt/ros/jazzy/opt/gz_physics_vendor:/opt/ros/jazzy/opt/sdformat_vendor:/opt/ros/jazzy/opt/gz_gui_vendor:/opt/ros/jazzy/opt/gz_transport_vendor:/opt/ros/jazzy/opt/gz_rendering_vendor:/opt/ros/jazzy/opt/gz_plugin_vendor:/opt/ros/jazzy/opt/gz_fuel_tools_vendor:/opt/ros/jazzy/opt/gz_msgs_vendor:/opt/ros/jazzy/opt/gz_common_vendor:/opt/ros/jazzy/opt/gz_math_vendor:/opt/ros/jazzy/opt/gz_utils_vendor:/opt/ros/jazzy/opt/gz_tools_vendor:/opt/ros/jazzy/opt/gz_ogre_next_vendor:/opt/ros/jazzy/opt/gz_dartsim_vendor:/opt/ros/jazzy/opt/gz_cmake_vendor:/opt/ros/jazzy DEBUGINFOD_URLS=https://debuginfod.ubuntu.com LD_LIBRARY_PATH=/home/atelab/temp/ros2_basic_tut/install/pkg_interfaces/lib:${LD_LIBRARY_PATH} PYTHONPATH=/home/atelab/temp/ros2_basic_tut/install/pkg_action/lib/python3.12/site-packages:/home/atelab/temp/ros2_basic_tut/install/pkg_topic/lib/python3.12/site-packages:/home/atelab/temp/ros2_basic_tut/install/pkg_service/lib/python3.12/site-packages:/home/atelab/temp/ros2_basic_tut/install/pkg_param/lib/python3.12/site-packages:/home/atelab/temp/ros2_basic_tut/install/pkg_interfaces/lib/python3.12/site-packages:/home/atelab/temp/ros2_basic_tut/install/pkg_helloworld_py/lib/python3.12/site-packages:${PYTHONPATH} VIRTUAL_ENV_PROMPT=(venv-ardupilot) /usr/bin/cmake --build /home/atelab/temp/ros2_basic_tut/build/pkg_metapackage -- -j8 -l8
[10.496s] DEBUG:colcon.colcon_core.event_handler.log_command:Invoked command in '/home/atelab/temp/ros2_basic_tut/build/pkg_metapackage' returned '0': AMENT_PREFIX_PATH=/home/atelab/temp/ros2_basic_tut/install/pkg_action:/home/atelab/temp/ros2_basic_tut/install/pkg_topic:/home/atelab/temp/ros2_basic_tut/install/pkg_service:/home/atelab/temp/ros2_basic_tut/install/pkg_param:/home/atelab/temp/ros2_basic_tut/install/pkg_interfaces:/home/atelab/temp/ros2_basic_tut/install/pkg_helloworld_py:${AMENT_PREFIX_PATH} CMAKE_PREFIX_PATH=/home/atelab/temp/ros2_basic_tut/install/pkg_interfaces:/opt/ros/jazzy/opt/gz_sim_vendor:/opt/ros/jazzy/opt/gz_sensors_vendor:/opt/ros/jazzy/opt/gz_physics_vendor:/opt/ros/jazzy/opt/sdformat_vendor:/opt/ros/jazzy/opt/gz_gui_vendor:/opt/ros/jazzy/opt/gz_transport_vendor:/opt/ros/jazzy/opt/gz_rendering_vendor:/opt/ros/jazzy/opt/gz_plugin_vendor:/opt/ros/jazzy/opt/gz_fuel_tools_vendor:/opt/ros/jazzy/opt/gz_msgs_vendor:/opt/ros/jazzy/opt/gz_common_vendor:/opt/ros/jazzy/opt/gz_math_vendor:/opt/ros/jazzy/opt/gz_utils_vendor:/opt/ros/jazzy/opt/gz_tools_vendor:/opt/ros/jazzy/opt/gz_ogre_next_vendor:/opt/ros/jazzy/opt/gz_dartsim_vendor:/opt/ros/jazzy/opt/gz_cmake_vendor:/opt/ros/jazzy DEBUGINFOD_URLS=https://debuginfod.ubuntu.com LD_LIBRARY_PATH=/home/atelab/temp/ros2_basic_tut/install/pkg_interfaces/lib:${LD_LIBRARY_PATH} PYTHONPATH=/home/atelab/temp/ros2_basic_tut/install/pkg_action/lib/python3.12/site-packages:/home/atelab/temp/ros2_basic_tut/install/pkg_topic/lib/python3.12/site-packages:/home/atelab/temp/ros2_basic_tut/install/pkg_service/lib/python3.12/site-packages:/home/atelab/temp/ros2_basic_tut/install/pkg_param/lib/python3.12/site-packages:/home/atelab/temp/ros2_basic_tut/install/pkg_interfaces/lib/python3.12/site-packages:/home/atelab/temp/ros2_basic_tut/install/pkg_helloworld_py/lib/python3.12/site-packages:${PYTHONPATH} VIRTUAL_ENV_PROMPT=(venv-ardupilot) /usr/bin/cmake --build /home/atelab/temp/ros2_basic_tut/build/pkg_metapackage -- -j8 -l8
[10.497s] DEBUG:colcon.colcon_core.event_handler.log_command:Invoking command in '/home/atelab/temp/ros2_basic_tut/build/pkg_metapackage': AMENT_PREFIX_PATH=/home/atelab/temp/ros2_basic_tut/install/pkg_action:/home/atelab/temp/ros2_basic_tut/install/pkg_topic:/home/atelab/temp/ros2_basic_tut/install/pkg_service:/home/atelab/temp/ros2_basic_tut/install/pkg_param:/home/atelab/temp/ros2_basic_tut/install/pkg_interfaces:/home/atelab/temp/ros2_basic_tut/install/pkg_helloworld_py:${AMENT_PREFIX_PATH} CMAKE_PREFIX_PATH=/home/atelab/temp/ros2_basic_tut/install/pkg_interfaces:/opt/ros/jazzy/opt/gz_sim_vendor:/opt/ros/jazzy/opt/gz_sensors_vendor:/opt/ros/jazzy/opt/gz_physics_vendor:/opt/ros/jazzy/opt/sdformat_vendor:/opt/ros/jazzy/opt/gz_gui_vendor:/opt/ros/jazzy/opt/gz_transport_vendor:/opt/ros/jazzy/opt/gz_rendering_vendor:/opt/ros/jazzy/opt/gz_plugin_vendor:/opt/ros/jazzy/opt/gz_fuel_tools_vendor:/opt/ros/jazzy/opt/gz_msgs_vendor:/opt/ros/jazzy/opt/gz_common_vendor:/opt/ros/jazzy/opt/gz_math_vendor:/opt/ros/jazzy/opt/gz_utils_vendor:/opt/ros/jazzy/opt/gz_tools_vendor:/opt/ros/jazzy/opt/gz_ogre_next_vendor:/opt/ros/jazzy/opt/gz_dartsim_vendor:/opt/ros/jazzy/opt/gz_cmake_vendor:/opt/ros/jazzy DEBUGINFOD_URLS=https://debuginfod.ubuntu.com LD_LIBRARY_PATH=/home/atelab/temp/ros2_basic_tut/install/pkg_interfaces/lib:${LD_LIBRARY_PATH} PYTHONPATH=/home/atelab/temp/ros2_basic_tut/install/pkg_action/lib/python3.12/site-packages:/home/atelab/temp/ros2_basic_tut/install/pkg_topic/lib/python3.12/site-packages:/home/atelab/temp/ros2_basic_tut/install/pkg_service/lib/python3.12/site-packages:/home/atelab/temp/ros2_basic_tut/install/pkg_param/lib/python3.12/site-packages:/home/atelab/temp/ros2_basic_tut/install/pkg_interfaces/lib/python3.12/site-packages:/home/atelab/temp/ros2_basic_tut/install/pkg_helloworld_py/lib/python3.12/site-packages:${PYTHONPATH} VIRTUAL_ENV_PROMPT=(venv-ardupilot) /usr/bin/cmake --install /home/atelab/temp/ros2_basic_tut/build/pkg_metapackage
[10.506s] Level 1:colcon.colcon_core.environment:create_environment_scripts_only(pkg_metapackage)
[10.506s] Level 1:colcon.colcon_core.environment:checking '/home/atelab/temp/ros2_basic_tut/install/pkg_metapackage' for CMake module files
[10.506s] DEBUG:colcon.colcon_core.event_handler.log_command:Invoked command in '/home/atelab/temp/ros2_basic_tut/build/pkg_metapackage' returned '0': AMENT_PREFIX_PATH=/home/atelab/temp/ros2_basic_tut/install/pkg_action:/home/atelab/temp/ros2_basic_tut/install/pkg_topic:/home/atelab/temp/ros2_basic_tut/install/pkg_service:/home/atelab/temp/ros2_basic_tut/install/pkg_param:/home/atelab/temp/ros2_basic_tut/install/pkg_interfaces:/home/atelab/temp/ros2_basic_tut/install/pkg_helloworld_py:${AMENT_PREFIX_PATH} CMAKE_PREFIX_PATH=/home/atelab/temp/ros2_basic_tut/install/pkg_interfaces:/opt/ros/jazzy/opt/gz_sim_vendor:/opt/ros/jazzy/opt/gz_sensors_vendor:/opt/ros/jazzy/opt/gz_physics_vendor:/opt/ros/jazzy/opt/sdformat_vendor:/opt/ros/jazzy/opt/gz_gui_vendor:/opt/ros/jazzy/opt/gz_transport_vendor:/opt/ros/jazzy/opt/gz_rendering_vendor:/opt/ros/jazzy/opt/gz_plugin_vendor:/opt/ros/jazzy/opt/gz_fuel_tools_vendor:/opt/ros/jazzy/opt/gz_msgs_vendor:/opt/ros/jazzy/opt/gz_common_vendor:/opt/ros/jazzy/opt/gz_math_vendor:/opt/ros/jazzy/opt/gz_utils_vendor:/opt/ros/jazzy/opt/gz_tools_vendor:/opt/ros/jazzy/opt/gz_ogre_next_vendor:/opt/ros/jazzy/opt/gz_dartsim_vendor:/opt/ros/jazzy/opt/gz_cmake_vendor:/opt/ros/jazzy DEBUGINFOD_URLS=https://debuginfod.ubuntu.com LD_LIBRARY_PATH=/home/atelab/temp/ros2_basic_tut/install/pkg_interfaces/lib:${LD_LIBRARY_PATH} PYTHONPATH=/home/atelab/temp/ros2_basic_tut/install/pkg_action/lib/python3.12/site-packages:/home/atelab/temp/ros2_basic_tut/install/pkg_topic/lib/python3.12/site-packages:/home/atelab/temp/ros2_basic_tut/install/pkg_service/lib/python3.12/site-packages:/home/atelab/temp/ros2_basic_tut/install/pkg_param/lib/python3.12/site-packages:/home/atelab/temp/ros2_basic_tut/install/pkg_interfaces/lib/python3.12/site-packages:/home/atelab/temp/ros2_basic_tut/install/pkg_helloworld_py/lib/python3.12/site-packages:${PYTHONPATH} VIRTUAL_ENV_PROMPT=(venv-ardupilot) /usr/bin/cmake --install /home/atelab/temp/ros2_basic_tut/build/pkg_metapackage
[10.507s] Level 1:colcon.colcon_core.environment:checking '/home/atelab/temp/ros2_basic_tut/install/pkg_metapackage' for CMake config files
[10.507s] Level 1:colcon.colcon_core.shell:create_environment_hook('pkg_metapackage', 'cmake_prefix_path')
[10.507s] INFO:colcon.colcon_core.shell:Creating environment hook '/home/atelab/temp/ros2_basic_tut/install/pkg_metapackage/share/pkg_metapackage/hook/cmake_prefix_path.ps1'
[10.507s] INFO:colcon.colcon_core.shell:Creating environment descriptor '/home/atelab/temp/ros2_basic_tut/install/pkg_metapackage/share/pkg_metapackage/hook/cmake_prefix_path.dsv'
[10.508s] INFO:colcon.colcon_core.shell:Creating environment hook '/home/atelab/temp/ros2_basic_tut/install/pkg_metapackage/share/pkg_metapackage/hook/cmake_prefix_path.sh'
[10.508s] Level 1:colcon.colcon_core.environment:checking '/home/atelab/temp/ros2_basic_tut/install/pkg_metapackage/bin'
[10.508s] Level 1:colcon.colcon_core.environment:checking '/home/atelab/temp/ros2_basic_tut/install/pkg_metapackage/lib/pkgconfig/pkg_metapackage.pc'
[10.508s] Level 1:colcon.colcon_core.environment:checking '/home/atelab/temp/ros2_basic_tut/install/pkg_metapackage/lib/python3.12/site-packages'
[10.508s] Level 1:colcon.colcon_core.environment:checking '/home/atelab/temp/ros2_basic_tut/install/pkg_metapackage/bin'
[10.509s] INFO:colcon.colcon_core.shell:Creating package script '/home/atelab/temp/ros2_basic_tut/install/pkg_metapackage/share/pkg_metapackage/package.ps1'
[10.509s] INFO:colcon.colcon_core.shell:Creating package descriptor '/home/atelab/temp/ros2_basic_tut/install/pkg_metapackage/share/pkg_metapackage/package.dsv'
[10.509s] INFO:colcon.colcon_core.shell:Creating package script '/home/atelab/temp/ros2_basic_tut/install/pkg_metapackage/share/pkg_metapackage/package.sh'
[10.509s] INFO:colcon.colcon_core.shell:Creating package script '/home/atelab/temp/ros2_basic_tut/install/pkg_metapackage/share/pkg_metapackage/package.bash'
[10.510s] INFO:colcon.colcon_core.shell:Creating package script '/home/atelab/temp/ros2_basic_tut/install/pkg_metapackage/share/pkg_metapackage/package.zsh'
[10.510s] Level 1:colcon.colcon_core.environment:create_file_with_runtime_dependencies(/home/atelab/temp/ros2_basic_tut/install/pkg_metapackage/share/colcon-core/packages/pkg_metapackage)
[10.510s] Level 1:colcon.colcon_core.environment:create_environment_scripts_only(pkg_metapackage)
[10.510s] Level 1:colcon.colcon_core.environment:checking '/home/atelab/temp/ros2_basic_tut/install/pkg_metapackage' for CMake module files
[10.511s] Level 1:colcon.colcon_core.environment:checking '/home/atelab/temp/ros2_basic_tut/install/pkg_metapackage' for CMake config files
[10.511s] Level 1:colcon.colcon_core.shell:create_environment_hook('pkg_metapackage', 'cmake_prefix_path')
[10.511s] INFO:colcon.colcon_core.shell:Creating environment hook '/home/atelab/temp/ros2_basic_tut/install/pkg_metapackage/share/pkg_metapackage/hook/cmake_prefix_path.ps1'
[10.511s] INFO:colcon.colcon_core.shell:Creating environment descriptor '/home/atelab/temp/ros2_basic_tut/install/pkg_metapackage/share/pkg_metapackage/hook/cmake_prefix_path.dsv'
[10.512s] INFO:colcon.colcon_core.shell:Creating environment hook '/home/atelab/temp/ros2_basic_tut/install/pkg_metapackage/share/pkg_metapackage/hook/cmake_prefix_path.sh'
[10.512s] Level 1:colcon.colcon_core.environment:checking '/home/atelab/temp/ros2_basic_tut/install/pkg_metapackage/bin'
[10.512s] Level 1:colcon.colcon_core.environment:checking '/home/atelab/temp/ros2_basic_tut/install/pkg_metapackage/lib/pkgconfig/pkg_metapackage.pc'
[10.512s] Level 1:colcon.colcon_core.environment:checking '/home/atelab/temp/ros2_basic_tut/install/pkg_metapackage/lib/python3.12/site-packages'
[10.512s] Level 1:colcon.colcon_core.environment:checking '/home/atelab/temp/ros2_basic_tut/install/pkg_metapackage/bin'
[10.513s] INFO:colcon.colcon_core.shell:Creating package script '/home/atelab/temp/ros2_basic_tut/install/pkg_metapackage/share/pkg_metapackage/package.ps1'
[10.513s] INFO:colcon.colcon_core.shell:Creating package descriptor '/home/atelab/temp/ros2_basic_tut/install/pkg_metapackage/share/pkg_metapackage/package.dsv'
[10.513s] INFO:colcon.colcon_core.shell:Creating package script '/home/atelab/temp/ros2_basic_tut/install/pkg_metapackage/share/pkg_metapackage/package.sh'
[10.513s] INFO:colcon.colcon_core.shell:Creating package script '/home/atelab/temp/ros2_basic_tut/install/pkg_metapackage/share/pkg_metapackage/package.bash'
[10.514s] INFO:colcon.colcon_core.shell:Creating package script '/home/atelab/temp/ros2_basic_tut/install/pkg_metapackage/share/pkg_metapackage/package.zsh'
[10.514s] Level 1:colcon.colcon_core.environment:create_file_with_runtime_dependencies(/home/atelab/temp/ros2_basic_tut/install/pkg_metapackage/share/colcon-core/packages/pkg_metapackage)
[10.514s] DEBUG:colcon.colcon_parallel_executor.executor.parallel:closing loop
[10.515s] DEBUG:colcon.colcon_parallel_executor.executor.parallel:loop closed
[10.515s] DEBUG:colcon.colcon_parallel_executor.executor.parallel:run_until_complete finished with '0'
[10.515s] DEBUG:colcon.colcon_core.event_reactor:joining thread
[10.519s] INFO:colcon.colcon_core.plugin_system:Skipping extension 'colcon_notification.desktop_notification.terminal_notifier': Not used on non-Darwin systems
[10.519s] INFO:colcon.colcon_core.plugin_system:Skipping extension 'colcon_notification.desktop_notification.win32': Not used on non-Windows systems
[10.519s] INFO:colcon.colcon_notification.desktop_notification:Sending desktop notification using 'notify2'
[10.530s] DEBUG:colcon.colcon_core.event_reactor:joined thread
[10.530s] INFO:colcon.colcon_core.shell:Creating prefix script '/home/atelab/temp/ros2_basic_tut/install/local_setup.ps1'
[10.531s] INFO:colcon.colcon_core.shell:Creating prefix util module '/home/atelab/temp/ros2_basic_tut/install/_local_setup_util_ps1.py'
[10.531s] INFO:colcon.colcon_core.shell:Creating prefix chain script '/home/atelab/temp/ros2_basic_tut/install/setup.ps1'
[10.533s] INFO:colcon.colcon_core.shell:Creating prefix script '/home/atelab/temp/ros2_basic_tut/install/local_setup.sh'
[10.533s] INFO:colcon.colcon_core.shell:Creating prefix util module '/home/atelab/temp/ros2_basic_tut/install/_local_setup_util_sh.py'
[10.534s] INFO:colcon.colcon_core.shell:Creating prefix chain script '/home/atelab/temp/ros2_basic_tut/install/setup.sh'
[10.534s] INFO:colcon.colcon_core.shell:Creating prefix script '/home/atelab/temp/ros2_basic_tut/install/local_setup.bash'
[10.535s] INFO:colcon.colcon_core.shell:Creating prefix chain script '/home/atelab/temp/ros2_basic_tut/install/setup.bash'
[10.535s] INFO:colcon.colcon_core.shell:Creating prefix script '/home/atelab/temp/ros2_basic_tut/install/local_setup.zsh'
[10.536s] INFO:colcon.colcon_core.shell:Creating prefix chain script '/home/atelab/temp/ros2_basic_tut/install/setup.zsh'
