running egg_info
creating ../../build/pkg_tf/pkg_tf.egg-info
writing ../../build/pkg_tf/pkg_tf.egg-info/PKG-INFO
writing dependency_links to ../../build/pkg_tf/pkg_tf.egg-info/dependency_links.txt
writing entry points to ../../build/pkg_tf/pkg_tf.egg-info/entry_points.txt
writing requirements to ../../build/pkg_tf/pkg_tf.egg-info/requires.txt
writing top-level names to ../../build/pkg_tf/pkg_tf.egg-info/top_level.txt
writing manifest file '../../build/pkg_tf/pkg_tf.egg-info/SOURCES.txt'
reading manifest file '../../build/pkg_tf/pkg_tf.egg-info/SOURCES.txt'
writing manifest file '../../build/pkg_tf/pkg_tf.egg-info/SOURCES.txt'
running build
running build_py
creating /home/atelab/temp/ros2_basic_tut/build/pkg_tf/build
creating /home/atelab/temp/ros2_basic_tut/build/pkg_tf/build/lib
creating /home/atelab/temp/ros2_basic_tut/build/pkg_tf/build/lib/pkg_tf
copying pkg_tf/turtle_following.py -> /home/atelab/temp/ros2_basic_tut/build/pkg_tf/build/lib/pkg_tf
copying pkg_tf/__init__.py -> /home/atelab/temp/ros2_basic_tut/build/pkg_tf/build/lib/pkg_tf
copying pkg_tf/turtle_tf_broadcaster.py -> /home/atelab/temp/ros2_basic_tut/build/pkg_tf/build/lib/pkg_tf
running install
running install_lib
creating /home/atelab/temp/ros2_basic_tut/install/pkg_tf/lib/python3.12/site-packages/pkg_tf
copying /home/atelab/temp/ros2_basic_tut/build/pkg_tf/build/lib/pkg_tf/turtle_following.py -> /home/atelab/temp/ros2_basic_tut/install/pkg_tf/lib/python3.12/site-packages/pkg_tf
copying /home/atelab/temp/ros2_basic_tut/build/pkg_tf/build/lib/pkg_tf/__init__.py -> /home/atelab/temp/ros2_basic_tut/install/pkg_tf/lib/python3.12/site-packages/pkg_tf
copying /home/atelab/temp/ros2_basic_tut/build/pkg_tf/build/lib/pkg_tf/turtle_tf_broadcaster.py -> /home/atelab/temp/ros2_basic_tut/install/pkg_tf/lib/python3.12/site-packages/pkg_tf
byte-compiling /home/atelab/temp/ros2_basic_tut/install/pkg_tf/lib/python3.12/site-packages/pkg_tf/turtle_following.py to turtle_following.cpython-312.pyc
byte-compiling /home/atelab/temp/ros2_basic_tut/install/pkg_tf/lib/python3.12/site-packages/pkg_tf/__init__.py to __init__.cpython-312.pyc
byte-compiling /home/atelab/temp/ros2_basic_tut/install/pkg_tf/lib/python3.12/site-packages/pkg_tf/turtle_tf_broadcaster.py to turtle_tf_broadcaster.cpython-312.pyc
running install_data
creating /home/atelab/temp/ros2_basic_tut/install/pkg_tf/share/ament_index
creating /home/atelab/temp/ros2_basic_tut/install/pkg_tf/share/ament_index/resource_index
creating /home/atelab/temp/ros2_basic_tut/install/pkg_tf/share/ament_index/resource_index/packages
copying resource/pkg_tf -> /home/atelab/temp/ros2_basic_tut/install/pkg_tf/share/ament_index/resource_index/packages
copying package.xml -> /home/atelab/temp/ros2_basic_tut/install/pkg_tf/share/pkg_tf
creating /home/atelab/temp/ros2_basic_tut/install/pkg_tf/share/pkg_tf/launch
copying launch/turtle_following.launch.py -> /home/atelab/temp/ros2_basic_tut/install/pkg_tf/share/pkg_tf/launch
running install_egg_info
Copying ../../build/pkg_tf/pkg_tf.egg-info to /home/atelab/temp/ros2_basic_tut/install/pkg_tf/lib/python3.12/site-packages/pkg_tf-0.0.0-py3.12.egg-info
running install_scripts
Installing turtle_following script to /home/atelab/temp/ros2_basic_tut/install/pkg_tf/lib/pkg_tf
Installing turtle_tf_broadcaster script to /home/atelab/temp/ros2_basic_tut/install/pkg_tf/lib/pkg_tf
writing list of installed files to '/home/atelab/temp/ros2_basic_tut/build/pkg_tf/install.log'
