[1.677s] Invoking command in '/home/atelab/temp/ros2_basic_tut/src/pkg_tf': DEBUGINFOD_URLS=https://debuginfod.ubuntu.com PYTHONPATH=/home/atelab/temp/ros2_basic_tut/build/pkg_tf/prefix_override:/usr/lib/python3/dist-packages/colcon_core/task/python/colcon_distutils_commands:/home/atelab/temp/ros2_basic_tut/install/pkg_tf/lib/python3.12/site-packages:${PYTHONPATH} VIRTUAL_ENV_PROMPT=(venv-ardupilot) /usr/bin/python3 -W ignore:setup.py install is deprecated -W ignore:easy_install command is deprecated setup.py egg_info --egg-base ../../build/pkg_tf build --build-base /home/atelab/temp/ros2_basic_tut/build/pkg_tf/build install --record /home/atelab/temp/ros2_basic_tut/build/pkg_tf/install.log --single-version-externally-managed install_data
[1.956s] running egg_info
[1.956s] creating ../../build/pkg_tf/pkg_tf.egg-info
[1.972s] writing ../../build/pkg_tf/pkg_tf.egg-info/PKG-INFO
[1.973s] writing dependency_links to ../../build/pkg_tf/pkg_tf.egg-info/dependency_links.txt
[1.973s] writing entry points to ../../build/pkg_tf/pkg_tf.egg-info/entry_points.txt
[1.973s] writing requirements to ../../build/pkg_tf/pkg_tf.egg-info/requires.txt
[1.973s] writing top-level names to ../../build/pkg_tf/pkg_tf.egg-info/top_level.txt
[1.973s] writing manifest file '../../build/pkg_tf/pkg_tf.egg-info/SOURCES.txt'
[2.017s] reading manifest file '../../build/pkg_tf/pkg_tf.egg-info/SOURCES.txt'
[2.017s] writing manifest file '../../build/pkg_tf/pkg_tf.egg-info/SOURCES.txt'
[2.017s] running build
[2.017s] running build_py
[2.017s] creating /home/atelab/temp/ros2_basic_tut/build/pkg_tf/build
[2.017s] creating /home/atelab/temp/ros2_basic_tut/build/pkg_tf/build/lib
[2.017s] creating /home/atelab/temp/ros2_basic_tut/build/pkg_tf/build/lib/pkg_tf
[2.018s] copying pkg_tf/turtle_following.py -> /home/atelab/temp/ros2_basic_tut/build/pkg_tf/build/lib/pkg_tf
[2.018s] copying pkg_tf/__init__.py -> /home/atelab/temp/ros2_basic_tut/build/pkg_tf/build/lib/pkg_tf
[2.018s] copying pkg_tf/turtle_tf_broadcaster.py -> /home/atelab/temp/ros2_basic_tut/build/pkg_tf/build/lib/pkg_tf
[2.018s] running install
[2.025s] running install_lib
[2.042s] creating /home/atelab/temp/ros2_basic_tut/install/pkg_tf/lib/python3.12/site-packages/pkg_tf
[2.042s] copying /home/atelab/temp/ros2_basic_tut/build/pkg_tf/build/lib/pkg_tf/turtle_following.py -> /home/atelab/temp/ros2_basic_tut/install/pkg_tf/lib/python3.12/site-packages/pkg_tf
[2.043s] copying /home/atelab/temp/ros2_basic_tut/build/pkg_tf/build/lib/pkg_tf/__init__.py -> /home/atelab/temp/ros2_basic_tut/install/pkg_tf/lib/python3.12/site-packages/pkg_tf
[2.043s] copying /home/atelab/temp/ros2_basic_tut/build/pkg_tf/build/lib/pkg_tf/turtle_tf_broadcaster.py -> /home/atelab/temp/ros2_basic_tut/install/pkg_tf/lib/python3.12/site-packages/pkg_tf
[2.043s] byte-compiling /home/atelab/temp/ros2_basic_tut/install/pkg_tf/lib/python3.12/site-packages/pkg_tf/turtle_following.py to turtle_following.cpython-312.pyc
[2.044s] byte-compiling /home/atelab/temp/ros2_basic_tut/install/pkg_tf/lib/python3.12/site-packages/pkg_tf/__init__.py to __init__.cpython-312.pyc
[2.044s] byte-compiling /home/atelab/temp/ros2_basic_tut/install/pkg_tf/lib/python3.12/site-packages/pkg_tf/turtle_tf_broadcaster.py to turtle_tf_broadcaster.cpython-312.pyc
[2.044s] running install_data
[2.044s] creating /home/atelab/temp/ros2_basic_tut/install/pkg_tf/share/ament_index
[2.045s] creating /home/atelab/temp/ros2_basic_tut/install/pkg_tf/share/ament_index/resource_index
[2.045s] creating /home/atelab/temp/ros2_basic_tut/install/pkg_tf/share/ament_index/resource_index/packages
[2.045s] copying resource/pkg_tf -> /home/atelab/temp/ros2_basic_tut/install/pkg_tf/share/ament_index/resource_index/packages
[2.045s] copying package.xml -> /home/atelab/temp/ros2_basic_tut/install/pkg_tf/share/pkg_tf
[2.047s] creating /home/atelab/temp/ros2_basic_tut/install/pkg_tf/share/pkg_tf/launch
[2.047s] copying launch/turtle_following.launch.py -> /home/atelab/temp/ros2_basic_tut/install/pkg_tf/share/pkg_tf/launch
[2.047s] running install_egg_info
[2.062s] Copying ../../build/pkg_tf/pkg_tf.egg-info to /home/atelab/temp/ros2_basic_tut/install/pkg_tf/lib/python3.12/site-packages/pkg_tf-0.0.0-py3.12.egg-info
[2.063s] running install_scripts
[2.236s] Installing turtle_following script to /home/atelab/temp/ros2_basic_tut/install/pkg_tf/lib/pkg_tf
[2.237s] Installing turtle_tf_broadcaster script to /home/atelab/temp/ros2_basic_tut/install/pkg_tf/lib/pkg_tf
[2.237s] writing list of installed files to '/home/atelab/temp/ros2_basic_tut/build/pkg_tf/install.log'
[2.272s] Invoked command in '/home/atelab/temp/ros2_basic_tut/src/pkg_tf' returned '0': DEBUGINFOD_URLS=https://debuginfod.ubuntu.com PYTHONPATH=/home/atelab/temp/ros2_basic_tut/build/pkg_tf/prefix_override:/usr/lib/python3/dist-packages/colcon_core/task/python/colcon_distutils_commands:/home/atelab/temp/ros2_basic_tut/install/pkg_tf/lib/python3.12/site-packages:${PYTHONPATH} VIRTUAL_ENV_PROMPT=(venv-ardupilot) /usr/bin/python3 -W ignore:setup.py install is deprecated -W ignore:easy_install command is deprecated setup.py egg_info --egg-base ../../build/pkg_tf build --build-base /home/atelab/temp/ros2_basic_tut/build/pkg_tf/build install --record /home/atelab/temp/ros2_basic_tut/build/pkg_tf/install.log --single-version-externally-managed install_data
