running egg_info
creating ../../build/pkg_param/pkg_param.egg-info
writing ../../build/pkg_param/pkg_param.egg-info/PKG-INFO
writing dependency_links to ../../build/pkg_param/pkg_param.egg-info/dependency_links.txt
writing entry points to ../../build/pkg_param/pkg_param.egg-info/entry_points.txt
writing requirements to ../../build/pkg_param/pkg_param.egg-info/requires.txt
writing top-level names to ../../build/pkg_param/pkg_param.egg-info/top_level.txt
writing manifest file '../../build/pkg_param/pkg_param.egg-info/SOURCES.txt'
reading manifest file '../../build/pkg_param/pkg_param.egg-info/SOURCES.txt'
writing manifest file '../../build/pkg_param/pkg_param.egg-info/SOURCES.txt'
running build
running build_py
creating /home/atelab/temp/ros2_basic_tut/build/pkg_param/build
creating /home/atelab/temp/ros2_basic_tut/build/pkg_param/build/lib
creating /home/atelab/temp/ros2_basic_tut/build/pkg_param/build/lib/pkg_param
copying pkg_param/param_demo.py -> /home/atelab/temp/ros2_basic_tut/build/pkg_param/build/lib/pkg_param
copying pkg_param/__init__.py -> /home/atelab/temp/ros2_basic_tut/build/pkg_param/build/lib/pkg_param
running install
running install_lib
creating /home/atelab/temp/ros2_basic_tut/install/pkg_param/lib/python3.12/site-packages/pkg_param
copying /home/atelab/temp/ros2_basic_tut/build/pkg_param/build/lib/pkg_param/param_demo.py -> /home/atelab/temp/ros2_basic_tut/install/pkg_param/lib/python3.12/site-packages/pkg_param
copying /home/atelab/temp/ros2_basic_tut/build/pkg_param/build/lib/pkg_param/__init__.py -> /home/atelab/temp/ros2_basic_tut/install/pkg_param/lib/python3.12/site-packages/pkg_param
byte-compiling /home/atelab/temp/ros2_basic_tut/install/pkg_param/lib/python3.12/site-packages/pkg_param/param_demo.py to param_demo.cpython-312.pyc
byte-compiling /home/atelab/temp/ros2_basic_tut/install/pkg_param/lib/python3.12/site-packages/pkg_param/__init__.py to __init__.cpython-312.pyc
running install_data
creating /home/atelab/temp/ros2_basic_tut/install/pkg_param/share/ament_index
creating /home/atelab/temp/ros2_basic_tut/install/pkg_param/share/ament_index/resource_index
creating /home/atelab/temp/ros2_basic_tut/install/pkg_param/share/ament_index/resource_index/packages
copying resource/pkg_param -> /home/atelab/temp/ros2_basic_tut/install/pkg_param/share/ament_index/resource_index/packages
copying package.xml -> /home/atelab/temp/ros2_basic_tut/install/pkg_param/share/pkg_param
running install_egg_info
Copying ../../build/pkg_param/pkg_param.egg-info to /home/atelab/temp/ros2_basic_tut/install/pkg_param/lib/python3.12/site-packages/pkg_param-0.0.0-py3.12.egg-info
running install_scripts
Installing param_demo script to /home/atelab/temp/ros2_basic_tut/install/pkg_param/lib/pkg_param
writing list of installed files to '/home/atelab/temp/ros2_basic_tut/build/pkg_param/install.log'
