[1.595s] Invoking command in '/home/atelab/temp/ros2_basic_tut/src/pkg_param': DEBUGINFOD_URLS=https://debuginfod.ubuntu.com PYTHONPATH=/home/atelab/temp/ros2_basic_tut/build/pkg_param/prefix_override:/usr/lib/python3/dist-packages/colcon_core/task/python/colcon_distutils_commands:/home/atelab/temp/ros2_basic_tut/install/pkg_param/lib/python3.12/site-packages:${PYTHONPATH} VIRTUAL_ENV_PROMPT=(venv-ardupilot) /usr/bin/python3 -W ignore:setup.py install is deprecated -W ignore:easy_install command is deprecated setup.py egg_info --egg-base ../../build/pkg_param build --build-base /home/atelab/temp/ros2_basic_tut/build/pkg_param/build install --record /home/atelab/temp/ros2_basic_tut/build/pkg_param/install.log --single-version-externally-managed install_data
[1.963s] running egg_info
[1.964s] creating ../../build/pkg_param/pkg_param.egg-info
[1.990s] writing ../../build/pkg_param/pkg_param.egg-info/PKG-INFO
[1.991s] writing dependency_links to ../../build/pkg_param/pkg_param.egg-info/dependency_links.txt
[1.991s] writing entry points to ../../build/pkg_param/pkg_param.egg-info/entry_points.txt
[1.991s] writing requirements to ../../build/pkg_param/pkg_param.egg-info/requires.txt
[1.991s] writing top-level names to ../../build/pkg_param/pkg_param.egg-info/top_level.txt
[1.991s] writing manifest file '../../build/pkg_param/pkg_param.egg-info/SOURCES.txt'
[2.046s] reading manifest file '../../build/pkg_param/pkg_param.egg-info/SOURCES.txt'
[2.047s] writing manifest file '../../build/pkg_param/pkg_param.egg-info/SOURCES.txt'
[2.048s] running build
[2.048s] running build_py
[2.048s] creating /home/atelab/temp/ros2_basic_tut/build/pkg_param/build
[2.048s] creating /home/atelab/temp/ros2_basic_tut/build/pkg_param/build/lib
[2.048s] creating /home/atelab/temp/ros2_basic_tut/build/pkg_param/build/lib/pkg_param
[2.048s] copying pkg_param/param_demo.py -> /home/atelab/temp/ros2_basic_tut/build/pkg_param/build/lib/pkg_param
[2.048s] copying pkg_param/__init__.py -> /home/atelab/temp/ros2_basic_tut/build/pkg_param/build/lib/pkg_param
[2.048s] running install
[2.059s] running install_lib
[2.086s] creating /home/atelab/temp/ros2_basic_tut/install/pkg_param/lib/python3.12/site-packages/pkg_param
[2.086s] copying /home/atelab/temp/ros2_basic_tut/build/pkg_param/build/lib/pkg_param/param_demo.py -> /home/atelab/temp/ros2_basic_tut/install/pkg_param/lib/python3.12/site-packages/pkg_param
[2.086s] copying /home/atelab/temp/ros2_basic_tut/build/pkg_param/build/lib/pkg_param/__init__.py -> /home/atelab/temp/ros2_basic_tut/install/pkg_param/lib/python3.12/site-packages/pkg_param
[2.087s] byte-compiling /home/atelab/temp/ros2_basic_tut/install/pkg_param/lib/python3.12/site-packages/pkg_param/param_demo.py to param_demo.cpython-312.pyc
[2.087s] byte-compiling /home/atelab/temp/ros2_basic_tut/install/pkg_param/lib/python3.12/site-packages/pkg_param/__init__.py to __init__.cpython-312.pyc
[2.088s] running install_data
[2.088s] creating /home/atelab/temp/ros2_basic_tut/install/pkg_param/share/ament_index
[2.088s] creating /home/atelab/temp/ros2_basic_tut/install/pkg_param/share/ament_index/resource_index
[2.088s] creating /home/atelab/temp/ros2_basic_tut/install/pkg_param/share/ament_index/resource_index/packages
[2.088s] copying resource/pkg_param -> /home/atelab/temp/ros2_basic_tut/install/pkg_param/share/ament_index/resource_index/packages
[2.088s] copying package.xml -> /home/atelab/temp/ros2_basic_tut/install/pkg_param/share/pkg_param
[2.088s] running install_egg_info
[2.121s] Copying ../../build/pkg_param/pkg_param.egg-info to /home/atelab/temp/ros2_basic_tut/install/pkg_param/lib/python3.12/site-packages/pkg_param-0.0.0-py3.12.egg-info
[2.121s] running install_scripts
[2.283s] Installing param_demo script to /home/atelab/temp/ros2_basic_tut/install/pkg_param/lib/pkg_param
[2.284s] writing list of installed files to '/home/atelab/temp/ros2_basic_tut/build/pkg_param/install.log'
[2.325s] Invoked command in '/home/atelab/temp/ros2_basic_tut/src/pkg_param' returned '0': DEBUGINFOD_URLS=https://debuginfod.ubuntu.com PYTHONPATH=/home/atelab/temp/ros2_basic_tut/build/pkg_param/prefix_override:/usr/lib/python3/dist-packages/colcon_core/task/python/colcon_distutils_commands:/home/atelab/temp/ros2_basic_tut/install/pkg_param/lib/python3.12/site-packages:${PYTHONPATH} VIRTUAL_ENV_PROMPT=(venv-ardupilot) /usr/bin/python3 -W ignore:setup.py install is deprecated -W ignore:easy_install command is deprecated setup.py egg_info --egg-base ../../build/pkg_param build --build-base /home/atelab/temp/ros2_basic_tut/build/pkg_param/build install --record /home/atelab/temp/ros2_basic_tut/build/pkg_param/install.log --single-version-externally-managed install_data
