running egg_info
creating ../../build/pkg_action/pkg_action.egg-info
writing ../../build/pkg_action/pkg_action.egg-info/PKG-INFO
writing dependency_links to ../../build/pkg_action/pkg_action.egg-info/dependency_links.txt
writing entry points to ../../build/pkg_action/pkg_action.egg-info/entry_points.txt
writing requirements to ../../build/pkg_action/pkg_action.egg-info/requires.txt
writing top-level names to ../../build/pkg_action/pkg_action.egg-info/top_level.txt
writing manifest file '../../build/pkg_action/pkg_action.egg-info/SOURCES.txt'
reading manifest file '../../build/pkg_action/pkg_action.egg-info/SOURCES.txt'
writing manifest file '../../build/pkg_action/pkg_action.egg-info/SOURCES.txt'
running build
running build_py
creating /home/atelab/temp/ros2_basic_tut/build/pkg_action/build
creating /home/atelab/temp/ros2_basic_tut/build/pkg_action/build/lib
creating /home/atelab/temp/ros2_basic_tut/build/pkg_action/build/lib/pkg_action
copying pkg_action/action_server_demo.py -> /home/atelab/temp/ros2_basic_tut/build/pkg_action/build/lib/pkg_action
copying pkg_action/action_client_demo.py -> /home/atelab/temp/ros2_basic_tut/build/pkg_action/build/lib/pkg_action
copying pkg_action/__init__.py -> /home/atelab/temp/ros2_basic_tut/build/pkg_action/build/lib/pkg_action
running install
running install_lib
creating /home/atelab/temp/ros2_basic_tut/install/pkg_action/lib/python3.12/site-packages/pkg_action
copying /home/atelab/temp/ros2_basic_tut/build/pkg_action/build/lib/pkg_action/action_server_demo.py -> /home/atelab/temp/ros2_basic_tut/install/pkg_action/lib/python3.12/site-packages/pkg_action
copying /home/atelab/temp/ros2_basic_tut/build/pkg_action/build/lib/pkg_action/action_client_demo.py -> /home/atelab/temp/ros2_basic_tut/install/pkg_action/lib/python3.12/site-packages/pkg_action
copying /home/atelab/temp/ros2_basic_tut/build/pkg_action/build/lib/pkg_action/__init__.py -> /home/atelab/temp/ros2_basic_tut/install/pkg_action/lib/python3.12/site-packages/pkg_action
byte-compiling /home/atelab/temp/ros2_basic_tut/install/pkg_action/lib/python3.12/site-packages/pkg_action/action_server_demo.py to action_server_demo.cpython-312.pyc
byte-compiling /home/atelab/temp/ros2_basic_tut/install/pkg_action/lib/python3.12/site-packages/pkg_action/action_client_demo.py to action_client_demo.cpython-312.pyc
byte-compiling /home/atelab/temp/ros2_basic_tut/install/pkg_action/lib/python3.12/site-packages/pkg_action/__init__.py to __init__.cpython-312.pyc
running install_data
creating /home/atelab/temp/ros2_basic_tut/install/pkg_action/share/ament_index
creating /home/atelab/temp/ros2_basic_tut/install/pkg_action/share/ament_index/resource_index
creating /home/atelab/temp/ros2_basic_tut/install/pkg_action/share/ament_index/resource_index/packages
copying resource/pkg_action -> /home/atelab/temp/ros2_basic_tut/install/pkg_action/share/ament_index/resource_index/packages
copying package.xml -> /home/atelab/temp/ros2_basic_tut/install/pkg_action/share/pkg_action
running install_egg_info
Copying ../../build/pkg_action/pkg_action.egg-info to /home/atelab/temp/ros2_basic_tut/install/pkg_action/lib/python3.12/site-packages/pkg_action-0.0.0-py3.12.egg-info
running install_scripts
Installing action_client_demo script to /home/atelab/temp/ros2_basic_tut/install/pkg_action/lib/pkg_action
Installing action_server_demo script to /home/atelab/temp/ros2_basic_tut/install/pkg_action/lib/pkg_action
writing list of installed files to '/home/atelab/temp/ros2_basic_tut/build/pkg_action/install.log'
