/home/atelab/temp/ros2_basic_tut/install/pkg_topic/lib/python3.12/site-packages/pkg_topic/subscriber_demo.py
/home/atelab/temp/ros2_basic_tut/install/pkg_topic/lib/python3.12/site-packages/pkg_topic/__init__.py
/home/atelab/temp/ros2_basic_tut/install/pkg_topic/lib/python3.12/site-packages/pkg_topic/publisher_demo.py
/home/atelab/temp/ros2_basic_tut/install/pkg_topic/lib/python3.12/site-packages/pkg_topic/__pycache__/subscriber_demo.cpython-312.pyc
/home/atelab/temp/ros2_basic_tut/install/pkg_topic/lib/python3.12/site-packages/pkg_topic/__pycache__/__init__.cpython-312.pyc
/home/atelab/temp/ros2_basic_tut/install/pkg_topic/lib/python3.12/site-packages/pkg_topic/__pycache__/publisher_demo.cpython-312.pyc
/home/atelab/temp/ros2_basic_tut/install/pkg_topic/share/ament_index/resource_index/packages/pkg_topic
/home/atelab/temp/ros2_basic_tut/install/pkg_topic/share/pkg_topic/package.xml
/home/atelab/temp/ros2_basic_tut/install/pkg_topic/share/pkg_topic/launch/include_launch.py
/home/atelab/temp/ros2_basic_tut/install/pkg_topic/share/pkg_topic/launch/remap_name_launch.py
/home/atelab/temp/ros2_basic_tut/install/pkg_topic/share/pkg_topic/launch/multi_node_launch.py
/home/atelab/temp/ros2_basic_tut/install/pkg_topic/share/pkg_topic/launch/complex_launch.py
/home/atelab/temp/ros2_basic_tut/install/pkg_topic/share/pkg_topic/launch/complex_launch.xml
/home/atelab/temp/ros2_basic_tut/install/pkg_topic/share/pkg_topic/launch/complex_launch.yaml
/home/atelab/temp/ros2_basic_tut/install/pkg_topic/lib/python3.12/site-packages/pkg_topic-0.0.0-py3.12.egg-info/requires.txt
/home/atelab/temp/ros2_basic_tut/install/pkg_topic/lib/python3.12/site-packages/pkg_topic-0.0.0-py3.12.egg-info/dependency_links.txt
/home/atelab/temp/ros2_basic_tut/install/pkg_topic/lib/python3.12/site-packages/pkg_topic-0.0.0-py3.12.egg-info/SOURCES.txt
/home/atelab/temp/ros2_basic_tut/install/pkg_topic/lib/python3.12/site-packages/pkg_topic-0.0.0-py3.12.egg-info/top_level.txt
/home/atelab/temp/ros2_basic_tut/install/pkg_topic/lib/python3.12/site-packages/pkg_topic-0.0.0-py3.12.egg-info/entry_points.txt
/home/atelab/temp/ros2_basic_tut/install/pkg_topic/lib/python3.12/site-packages/pkg_topic-0.0.0-py3.12.egg-info/zip-safe
/home/atelab/temp/ros2_basic_tut/install/pkg_topic/lib/python3.12/site-packages/pkg_topic-0.0.0-py3.12.egg-info/PKG-INFO
/home/atelab/temp/ros2_basic_tut/install/pkg_topic/lib/pkg_topic/publisher_demo
/home/atelab/temp/ros2_basic_tut/install/pkg_topic/lib/pkg_topic/subscriber_demo
