running egg_info
creating ../../build/pkg_service/pkg_service.egg-info
writing ../../build/pkg_service/pkg_service.egg-info/PKG-INFO
writing dependency_links to ../../build/pkg_service/pkg_service.egg-info/dependency_links.txt
writing entry points to ../../build/pkg_service/pkg_service.egg-info/entry_points.txt
writing requirements to ../../build/pkg_service/pkg_service.egg-info/requires.txt
writing top-level names to ../../build/pkg_service/pkg_service.egg-info/top_level.txt
writing manifest file '../../build/pkg_service/pkg_service.egg-info/SOURCES.txt'
reading manifest file '../../build/pkg_service/pkg_service.egg-info/SOURCES.txt'
writing manifest file '../../build/pkg_service/pkg_service.egg-info/SOURCES.txt'
running build
running build_py
creating /home/atelab/temp/ros2_basic_tut/build/pkg_service/build
creating /home/atelab/temp/ros2_basic_tut/build/pkg_service/build/lib
creating /home/atelab/temp/ros2_basic_tut/build/pkg_service/build/lib/pkg_service
copying pkg_service/client_demo.py -> /home/atelab/temp/ros2_basic_tut/build/pkg_service/build/lib/pkg_service
copying pkg_service/__init__.py -> /home/atelab/temp/ros2_basic_tut/build/pkg_service/build/lib/pkg_service
copying pkg_service/server_demo.py -> /home/atelab/temp/ros2_basic_tut/build/pkg_service/build/lib/pkg_service
running install
running install_lib
creating /home/atelab/temp/ros2_basic_tut/install/pkg_service/lib/python3.12/site-packages/pkg_service
copying /home/atelab/temp/ros2_basic_tut/build/pkg_service/build/lib/pkg_service/client_demo.py -> /home/atelab/temp/ros2_basic_tut/install/pkg_service/lib/python3.12/site-packages/pkg_service
copying /home/atelab/temp/ros2_basic_tut/build/pkg_service/build/lib/pkg_service/__init__.py -> /home/atelab/temp/ros2_basic_tut/install/pkg_service/lib/python3.12/site-packages/pkg_service
copying /home/atelab/temp/ros2_basic_tut/build/pkg_service/build/lib/pkg_service/server_demo.py -> /home/atelab/temp/ros2_basic_tut/install/pkg_service/lib/python3.12/site-packages/pkg_service
byte-compiling /home/atelab/temp/ros2_basic_tut/install/pkg_service/lib/python3.12/site-packages/pkg_service/client_demo.py to client_demo.cpython-312.pyc
byte-compiling /home/atelab/temp/ros2_basic_tut/install/pkg_service/lib/python3.12/site-packages/pkg_service/__init__.py to __init__.cpython-312.pyc
byte-compiling /home/atelab/temp/ros2_basic_tut/install/pkg_service/lib/python3.12/site-packages/pkg_service/server_demo.py to server_demo.cpython-312.pyc
running install_data
creating /home/atelab/temp/ros2_basic_tut/install/pkg_service/share/ament_index
creating /home/atelab/temp/ros2_basic_tut/install/pkg_service/share/ament_index/resource_index
creating /home/atelab/temp/ros2_basic_tut/install/pkg_service/share/ament_index/resource_index/packages
copying resource/pkg_service -> /home/atelab/temp/ros2_basic_tut/install/pkg_service/share/ament_index/resource_index/packages
copying package.xml -> /home/atelab/temp/ros2_basic_tut/install/pkg_service/share/pkg_service
running install_egg_info
Copying ../../build/pkg_service/pkg_service.egg-info to /home/atelab/temp/ros2_basic_tut/install/pkg_service/lib/python3.12/site-packages/pkg_service-0.0.0-py3.12.egg-info
running install_scripts
Installing client_demo script to /home/atelab/temp/ros2_basic_tut/install/pkg_service/lib/pkg_service
Installing server_demo script to /home/atelab/temp/ros2_basic_tut/install/pkg_service/lib/pkg_service
writing list of installed files to '/home/atelab/temp/ros2_basic_tut/build/pkg_service/install.log'
