[1.630s] Invoking command in '/home/atelab/temp/ros2_basic_tut/src/pkg_service': DEBUGINFOD_URLS=https://debuginfod.ubuntu.com PYTHONPATH=/home/atelab/temp/ros2_basic_tut/build/pkg_service/prefix_override:/usr/lib/python3/dist-packages/colcon_core/task/python/colcon_distutils_commands:/home/atelab/temp/ros2_basic_tut/install/pkg_service/lib/python3.12/site-packages:${PYTHONPATH} VIRTUAL_ENV_PROMPT=(venv-ardupilot) /usr/bin/python3 -W ignore:setup.py install is deprecated -W ignore:easy_install command is deprecated setup.py egg_info --egg-base ../../build/pkg_service build --build-base /home/atelab/temp/ros2_basic_tut/build/pkg_service/build install --record /home/atelab/temp/ros2_basic_tut/build/pkg_service/install.log --single-version-externally-managed install_data
[2.000s] running egg_info
[2.000s] creating ../../build/pkg_service/pkg_service.egg-info
[2.027s] writing ../../build/pkg_service/pkg_service.egg-info/PKG-INFO
[2.027s] writing dependency_links to ../../build/pkg_service/pkg_service.egg-info/dependency_links.txt
[2.028s] writing entry points to ../../build/pkg_service/pkg_service.egg-info/entry_points.txt
[2.028s] writing requirements to ../../build/pkg_service/pkg_service.egg-info/requires.txt
[2.028s] writing top-level names to ../../build/pkg_service/pkg_service.egg-info/top_level.txt
[2.029s] writing manifest file '../../build/pkg_service/pkg_service.egg-info/SOURCES.txt'
[2.084s] reading manifest file '../../build/pkg_service/pkg_service.egg-info/SOURCES.txt'
[2.085s] writing manifest file '../../build/pkg_service/pkg_service.egg-info/SOURCES.txt'
[2.087s] running build
[2.087s] running build_py
[2.087s] creating /home/atelab/temp/ros2_basic_tut/build/pkg_service/build
[2.087s] creating /home/atelab/temp/ros2_basic_tut/build/pkg_service/build/lib
[2.087s] creating /home/atelab/temp/ros2_basic_tut/build/pkg_service/build/lib/pkg_service
[2.087s] copying pkg_service/client_demo.py -> /home/atelab/temp/ros2_basic_tut/build/pkg_service/build/lib/pkg_service
[2.087s] copying pkg_service/__init__.py -> /home/atelab/temp/ros2_basic_tut/build/pkg_service/build/lib/pkg_service
[2.087s] copying pkg_service/server_demo.py -> /home/atelab/temp/ros2_basic_tut/build/pkg_service/build/lib/pkg_service
[2.088s] running install
[2.097s] running install_lib
[2.137s] creating /home/atelab/temp/ros2_basic_tut/install/pkg_service/lib/python3.12/site-packages/pkg_service
[2.137s] copying /home/atelab/temp/ros2_basic_tut/build/pkg_service/build/lib/pkg_service/client_demo.py -> /home/atelab/temp/ros2_basic_tut/install/pkg_service/lib/python3.12/site-packages/pkg_service
[2.138s] copying /home/atelab/temp/ros2_basic_tut/build/pkg_service/build/lib/pkg_service/__init__.py -> /home/atelab/temp/ros2_basic_tut/install/pkg_service/lib/python3.12/site-packages/pkg_service
[2.138s] copying /home/atelab/temp/ros2_basic_tut/build/pkg_service/build/lib/pkg_service/server_demo.py -> /home/atelab/temp/ros2_basic_tut/install/pkg_service/lib/python3.12/site-packages/pkg_service
[2.138s] byte-compiling /home/atelab/temp/ros2_basic_tut/install/pkg_service/lib/python3.12/site-packages/pkg_service/client_demo.py to client_demo.cpython-312.pyc
[2.138s] byte-compiling /home/atelab/temp/ros2_basic_tut/install/pkg_service/lib/python3.12/site-packages/pkg_service/__init__.py to __init__.cpython-312.pyc
[2.138s] byte-compiling /home/atelab/temp/ros2_basic_tut/install/pkg_service/lib/python3.12/site-packages/pkg_service/server_demo.py to server_demo.cpython-312.pyc
[2.138s] running install_data
[2.138s] creating /home/atelab/temp/ros2_basic_tut/install/pkg_service/share/ament_index
[2.138s] creating /home/atelab/temp/ros2_basic_tut/install/pkg_service/share/ament_index/resource_index
[2.138s] creating /home/atelab/temp/ros2_basic_tut/install/pkg_service/share/ament_index/resource_index/packages
[2.138s] copying resource/pkg_service -> /home/atelab/temp/ros2_basic_tut/install/pkg_service/share/ament_index/resource_index/packages
[2.138s] copying package.xml -> /home/atelab/temp/ros2_basic_tut/install/pkg_service/share/pkg_service
[2.139s] running install_egg_info
[2.168s] Copying ../../build/pkg_service/pkg_service.egg-info to /home/atelab/temp/ros2_basic_tut/install/pkg_service/lib/python3.12/site-packages/pkg_service-0.0.0-py3.12.egg-info
[2.168s] running install_scripts
[2.320s] Installing client_demo script to /home/atelab/temp/ros2_basic_tut/install/pkg_service/lib/pkg_service
[2.321s] Installing server_demo script to /home/atelab/temp/ros2_basic_tut/install/pkg_service/lib/pkg_service
[2.321s] writing list of installed files to '/home/atelab/temp/ros2_basic_tut/build/pkg_service/install.log'
[2.356s] Invoked command in '/home/atelab/temp/ros2_basic_tut/src/pkg_service' returned '0': DEBUGINFOD_URLS=https://debuginfod.ubuntu.com PYTHONPATH=/home/atelab/temp/ros2_basic_tut/build/pkg_service/prefix_override:/usr/lib/python3/dist-packages/colcon_core/task/python/colcon_distutils_commands:/home/atelab/temp/ros2_basic_tut/install/pkg_service/lib/python3.12/site-packages:${PYTHONPATH} VIRTUAL_ENV_PROMPT=(venv-ardupilot) /usr/bin/python3 -W ignore:setup.py install is deprecated -W ignore:easy_install command is deprecated setup.py egg_info --egg-base ../../build/pkg_service build --build-base /home/atelab/temp/ros2_basic_tut/build/pkg_service/build install --record /home/atelab/temp/ros2_basic_tut/build/pkg_service/install.log --single-version-externally-managed install_data
